<?xml version="1.0" encoding="utf-8"?>
<CoverageSession xmlns:xsd="http://www.w3.org/2001/XMLSchema" xmlns:xsi="http://www.w3.org/2001/XMLSchema-instance" Version="0.0.0.0">
  <Summary numSequencePoints="2364" visitedSequencePoints="67" numBranchPoints="0" visitedBranchPoints="0" sequenceCoverage="2.83" branchCoverage="0.0" maxCyclomaticComplexity="10" minCyclomaticComplexity="1" maxCrapScore="110" minCrapScore="1" visitedClasses="8" numClasses="82" visitedMethods="17" numMethods="413" />
  <Modules>
    <Module>
      <Summary numSequencePoints="995" visitedSequencePoints="13" numBranchPoints="0" visitedBranchPoints="0" sequenceCoverage="1.31" branchCoverage="0.0" maxCyclomaticComplexity="10" minCyclomaticComplexity="1" maxCrapScore="110" minCrapScore="1" visitedClasses="2" numClasses="46" visitedMethods="4" numMethods="185" />
      <ModuleTime>0001-01-01T00:00:00</ModuleTime>
      <ModuleName>Cr7Sund.FrameWork.Core</ModuleName>
      <Files>
        <File uid="1" fullPath="C:/Users/liux4/Documents/UnityProjects/MinFrameWork/Assets/Packages/FrameWork/Core/Log/Debug.cs" />
        <File uid="2" fullPath="C:/Users/liux4/Documents/UnityProjects/MinFrameWork/Assets/Packages/FrameWork/Core/Marco/MacroDefine.cs" />
        <File uid="3" fullPath="C:/Users/liux4/Documents/UnityProjects/MinFrameWork/Assets/Packages/FrameWork/Core/Performance/MemoryMonitor.cs" />
        <File uid="4" fullPath="C:/Users/liux4/Documents/UnityProjects/MinFrameWork/Assets/Packages/FrameWork/Core/Patterns/Singleton.cs" />
        <File uid="5" fullPath="C:/Users/liux4/Documents/UnityProjects/MinFrameWork/Assets/Packages/FrameWork/Core/Utils/Exceptions/ExceptionEventArgs.cs" />
        <File uid="6" fullPath="C:/Users/liux4/Documents/UnityProjects/MinFrameWork/Assets/Packages/FrameWork/Core/Utils/Extensions/ArrayExt.cs" />
        <File uid="7" fullPath="C:/Users/liux4/Documents/UnityProjects/MinFrameWork/Assets/Packages/FrameWork/Core/Utils/Extensions/DictionaryExt.cs" />
        <File uid="8" fullPath="C:/Users/liux4/Documents/UnityProjects/MinFrameWork/Assets/Packages/FrameWork/Core/Utils/Extensions/EnumerableExt.cs" />
        <File uid="9" fullPath="C:/Users/liux4/Documents/UnityProjects/MinFrameWork/Assets/Packages/FrameWork/Core/Utils/Extensions/ListExt.cs" />
        <File uid="10" fullPath="C:/Users/liux4/Documents/UnityProjects/MinFrameWork/Assets/Packages/FrameWork/Core/Utils/Utility/AssertUtil.cs" />
        <File uid="11" fullPath="C:/Users/liux4/Documents/UnityProjects/MinFrameWork/Assets/Packages/FrameWork/Core/Utils/Utility/AssertUtilEditor.cs" />
        <File uid="12" fullPath="C:/Users/liux4/Documents/UnityProjects/MinFrameWork/Assets/Packages/FrameWork/Core/Utils/Utility/MyException.cs" />
        <File uid="13" fullPath="C:/Users/liux4/Documents/UnityProjects/MinFrameWork/Assets/Packages/FrameWork/Core/Utils/Utility/TimeUtil.cs" />
        <File uid="14" fullPath="C:/Users/liux4/Documents/UnityProjects/MinFrameWork/Assets/Packages/FrameWork/Core/Binder/Impls/Binder.cs" />
        <File uid="15" fullPath="C:/Users/liux4/Documents/UnityProjects/MinFrameWork/Assets/Packages/FrameWork/Core/Binder/Impls/Binding.cs" />
        <File uid="16" fullPath="C:/Users/liux4/Documents/UnityProjects/MinFrameWork/Assets/Packages/FrameWork/Core/Binder/Impls/SemiBinding.cs" />
        <File uid="17" fullPath="C:/Users/liux4/Documents/UnityProjects/MinFrameWork/Assets/Packages/FrameWork/Core/Promise/Impls/Promise.cs" />
        <File uid="18" fullPath="C:/Users/liux4/Documents/UnityProjects/MinFrameWork/Assets/Packages/FrameWork/Core/Promise/Impls/PromiseGroupException.cs" />
        <File uid="19" fullPath="C:/Users/liux4/Documents/UnityProjects/MinFrameWork/Assets/Packages/FrameWork/Core/Promise/Impls/PromiseHelpers.cs" />
        <File uid="20" fullPath="C:/Users/liux4/Documents/UnityProjects/MinFrameWork/Assets/Packages/FrameWork/Core/Promise/Impls/Promise_NoGeneric.cs" />
      </Files>
      <Classes>
        <Class>
          <Summary numSequencePoints="3" visitedSequencePoints="3" numBranchPoints="0" visitedBranchPoints="0" sequenceCoverage="100.0" branchCoverage="0.0" maxCyclomaticComplexity="1" minCyclomaticComplexity="1" maxCrapScore="1" minCrapScore="1" visitedClasses="1" numClasses="1" visitedMethods="1" numMethods="1" />
          <FullName>Cr7Sund.MacroDefine</FullName>
          <Methods>
            <Method visited="true" cyclomaticComplexity="1" nPathComplexity="0" sequenceCoverage="100.0" branchCoverage="0" crapScore="1" isConstructor="false" isStatic="true" isGetter="true" isSetter="false">
              <Summary numSequencePoints="3" visitedSequencePoints="3" numBranchPoints="0" visitedBranchPoints="0" sequenceCoverage="100.0" branchCoverage="0" maxCyclomaticComplexity="1" minCyclomaticComplexity="1" maxCrapScore="1" minCrapScore="1" visitedClasses="0" numClasses="0" visitedMethods="1" numMethods="1" />
              <MetadataToken>100663340</MetadataToken>
              <Name>static System.Boolean Cr7Sund.MacroDefine::get_NoCatchMode()</Name>
              <FileRef uid="2" />
              <SequencePoints>
                <SequencePoint vc="6" uspid="5590" ordinal="0" offset="0" sl="183" sc="13" el="183" ec="13" bec="0" bev="0" fileid="2" />
                <SequencePoint vc="6" uspid="5591" ordinal="0" offset="1" sl="187" sc="17" el="187" ec="17" bec="0" bev="0" fileid="2" />
                <SequencePoint vc="6" uspid="5592" ordinal="0" offset="5" sl="189" sc="13" el="189" ec="13" bec="0" bev="0" fileid="2" />
              </SequencePoints>
              <BranchPoints />
            </Method>
          </Methods>
        </Class>
        <Class>
          <Summary numSequencePoints="19" visitedSequencePoints="0" numBranchPoints="0" visitedBranchPoints="0" sequenceCoverage="0.0" branchCoverage="0.0" maxCyclomaticComplexity="2" minCyclomaticComplexity="1" maxCrapScore="6" minCrapScore="2" visitedClasses="0" numClasses="1" visitedMethods="0" numMethods="5" />
          <FullName>Cr7Sund.Patterns.Singleton[T]</FullName>
          <Methods>
            <Method visited="false" cyclomaticComplexity="1" nPathComplexity="0" sequenceCoverage="0.0" branchCoverage="0" crapScore="2" isConstructor="false" isStatic="false" isGetter="false" isSetter="false">
              <Summary numSequencePoints="2" visitedSequencePoints="0" numBranchPoints="0" visitedBranchPoints="0" sequenceCoverage="0.0" branchCoverage="0" maxCyclomaticComplexity="1" minCyclomaticComplexity="1" maxCrapScore="2" minCrapScore="2" visitedClasses="0" numClasses="0" visitedMethods="0" numMethods="1" />
              <MetadataToken>100663351</MetadataToken>
              <Name>System.Void Cr7Sund.Patterns.Singleton[T]::Init()</Name>
              <FileRef uid="4" />
              <SequencePoints>
                <SequencePoint vc="0" uspid="5625" ordinal="0" offset="0" sl="15" sc="0" el="15" ec="0" bec="0" bev="0" fileid="4" />
                <SequencePoint vc="0" uspid="5626" ordinal="0" offset="1" sl="16" sc="0" el="16" ec="0" bec="0" bev="0" fileid="4" />
              </SequencePoints>
              <BranchPoints />
            </Method>
            <Method visited="false" cyclomaticComplexity="1" nPathComplexity="0" sequenceCoverage="0.0" branchCoverage="0" crapScore="2" isConstructor="false" isStatic="false" isGetter="false" isSetter="false">
              <Summary numSequencePoints="3" visitedSequencePoints="0" numBranchPoints="0" visitedBranchPoints="0" sequenceCoverage="0.0" branchCoverage="0" maxCyclomaticComplexity="1" minCyclomaticComplexity="1" maxCrapScore="2" minCrapScore="2" visitedClasses="0" numClasses="0" visitedMethods="0" numMethods="1" />
              <MetadataToken>100663352</MetadataToken>
              <Name>System.Void Cr7Sund.Patterns.Singleton[T]::Dispose()</Name>
              <FileRef uid="4" />
              <SequencePoints>
                <SequencePoint vc="0" uspid="5627" ordinal="0" offset="0" sl="19" sc="0" el="19" ec="0" bec="0" bev="0" fileid="4" />
                <SequencePoint vc="0" uspid="5628" ordinal="0" offset="1" sl="20" sc="0" el="20" ec="0" bec="0" bev="0" fileid="4" />
                <SequencePoint vc="0" uspid="5629" ordinal="0" offset="12" sl="21" sc="0" el="21" ec="0" bec="0" bev="0" fileid="4" />
              </SequencePoints>
              <BranchPoints />
            </Method>
            <Method visited="false" cyclomaticComplexity="1" nPathComplexity="0" sequenceCoverage="0.0" branchCoverage="0" crapScore="2" isConstructor="false" isStatic="true" isGetter="true" isSetter="false">
              <Summary numSequencePoints="3" visitedSequencePoints="0" numBranchPoints="0" visitedBranchPoints="0" sequenceCoverage="0.0" branchCoverage="0" maxCyclomaticComplexity="1" minCyclomaticComplexity="1" maxCrapScore="2" minCrapScore="2" visitedClasses="0" numClasses="0" visitedMethods="0" numMethods="1" />
              <MetadataToken>100663353</MetadataToken>
              <Name>static T Cr7Sund.Patterns.Singleton[T]::get_Instance()</Name>
              <FileRef uid="4" />
              <SequencePoints>
                <SequencePoint vc="0" uspid="5630" ordinal="0" offset="0" sl="25" sc="0" el="25" ec="0" bec="0" bev="0" fileid="4" />
                <SequencePoint vc="0" uspid="5631" ordinal="0" offset="1" sl="25" sc="0" el="25" ec="0" bec="0" bev="0" fileid="4" />
                <SequencePoint vc="0" uspid="5632" ordinal="0" offset="9" sl="25" sc="0" el="25" ec="0" bec="0" bev="0" fileid="4" />
              </SequencePoints>
              <BranchPoints />
            </Method>
            <Method visited="false" cyclomaticComplexity="2" nPathComplexity="0" sequenceCoverage="0.0" branchCoverage="0" crapScore="6" isConstructor="false" isStatic="true" isGetter="false" isSetter="false">
              <Summary numSequencePoints="8" visitedSequencePoints="0" numBranchPoints="0" visitedBranchPoints="0" sequenceCoverage="0.0" branchCoverage="0" maxCyclomaticComplexity="2" minCyclomaticComplexity="2" maxCrapScore="6" minCrapScore="6" visitedClasses="0" numClasses="0" visitedMethods="0" numMethods="1" />
              <MetadataToken>100663354</MetadataToken>
              <Name>static T Cr7Sund.Patterns.Singleton[T]::GetInstance()</Name>
              <FileRef uid="4" />
              <SequencePoints>
                <SequencePoint vc="0" uspid="5633" ordinal="0" offset="0" sl="29" sc="0" el="29" ec="0" bec="0" bev="0" fileid="4" />
                <SequencePoint vc="0" uspid="5634" ordinal="0" offset="1" sl="30" sc="0" el="30" ec="0" bec="0" bev="0" fileid="4" />
                <SequencePoint vc="0" uspid="5635" ordinal="0" offset="18" sl="31" sc="0" el="31" ec="0" bec="0" bev="0" fileid="4" />
                <SequencePoint vc="0" uspid="5636" ordinal="0" offset="19" sl="32" sc="0" el="32" ec="0" bec="0" bev="0" fileid="4" />
                <SequencePoint vc="0" uspid="5637" ordinal="0" offset="29" sl="33" sc="0" el="33" ec="0" bec="0" bev="0" fileid="4" />
                <SequencePoint vc="0" uspid="5638" ordinal="0" offset="45" sl="34" sc="0" el="34" ec="0" bec="0" bev="0" fileid="4" />
                <SequencePoint vc="0" uspid="5639" ordinal="0" offset="46" sl="35" sc="0" el="35" ec="0" bec="0" bev="0" fileid="4" />
                <SequencePoint vc="0" uspid="5640" ordinal="0" offset="54" sl="36" sc="0" el="36" ec="0" bec="0" bev="0" fileid="4" />
              </SequencePoints>
              <BranchPoints />
            </Method>
            <Method visited="false" cyclomaticComplexity="1" nPathComplexity="0" sequenceCoverage="0.0" branchCoverage="0" crapScore="2" isConstructor="true" isStatic="true" isGetter="false" isSetter="false">
              <Summary numSequencePoints="3" visitedSequencePoints="0" numBranchPoints="0" visitedBranchPoints="0" sequenceCoverage="0.0" branchCoverage="0" maxCyclomaticComplexity="1" minCyclomaticComplexity="1" maxCrapScore="2" minCrapScore="2" visitedClasses="0" numClasses="0" visitedMethods="0" numMethods="1" />
              <MetadataToken>100663350</MetadataToken>
              <Name>static Cr7Sund.Patterns.Singleton[T]::Singleton()</Name>
              <FileRef uid="4" />
              <SequencePoints>
                <SequencePoint vc="0" uspid="5641" ordinal="0" offset="0" sl="10" sc="0" el="10" ec="0" bec="0" bev="0" fileid="4" />
                <SequencePoint vc="0" uspid="5642" ordinal="0" offset="1" sl="11" sc="0" el="11" ec="0" bec="0" bev="0" fileid="4" />
                <SequencePoint vc="0" uspid="5643" ordinal="0" offset="12" sl="12" sc="0" el="12" ec="0" bec="0" bev="0" fileid="4" />
              </SequencePoints>
              <BranchPoints />
            </Method>
          </Methods>
        </Class>
        <Class>
          <Summary numSequencePoints="31" visitedSequencePoints="0" numBranchPoints="0" visitedBranchPoints="0" sequenceCoverage="0.0" branchCoverage="0.0" maxCyclomaticComplexity="4" minCyclomaticComplexity="2" maxCrapScore="20" minCrapScore="6" visitedClasses="0" numClasses="1" visitedMethods="0" numMethods="3" />
          <FullName>Cr7Sund.Framework.Util.ArrayExt</FullName>
          <Methods>
            <Method visited="false" cyclomaticComplexity="4" nPathComplexity="0" sequenceCoverage="0.0" branchCoverage="0" crapScore="20" isConstructor="false" isStatic="true" isGetter="false" isSetter="false">
              <Summary numSequencePoints="14" visitedSequencePoints="0" numBranchPoints="0" visitedBranchPoints="0" sequenceCoverage="0.0" branchCoverage="0" maxCyclomaticComplexity="4" minCyclomaticComplexity="4" maxCrapScore="20" minCrapScore="20" visitedClasses="0" numClasses="0" visitedMethods="0" numMethods="1" />
              <MetadataToken>100663359</MetadataToken>
              <Name>static System.Void Cr7Sund.Framework.Util.ArrayExt::SpliceValueAt[T](, System.Int32, System.Int32&amp;)</Name>
              <FileRef uid="6" />
              <SequencePoints>
                <SequencePoint vc="0" uspid="5651" ordinal="0" offset="0" sl="8" sc="0" el="8" ec="0" bec="0" bev="0" fileid="6" />
                <SequencePoint vc="0" uspid="5652" ordinal="0" offset="1" sl="9" sc="0" el="9" ec="0" bec="0" bev="0" fileid="6" />
                <SequencePoint vc="0" uspid="5653" ordinal="0" offset="14" sl="10" sc="0" el="10" ec="0" bec="0" bev="0" fileid="6" />
                <SequencePoint vc="0" uspid="5654" ordinal="0" offset="15" sl="11" sc="0" el="11" ec="0" bec="0" bev="0" fileid="6" />
                <SequencePoint vc="0" uspid="5655" ordinal="0" offset="21" sl="13" sc="0" el="13" ec="0" bec="0" bev="0" fileid="6" />
                <SequencePoint vc="0" uspid="5656" ordinal="0" offset="27" sl="14" sc="0" el="14" ec="0" bec="0" bev="0" fileid="6" />
                <SequencePoint vc="0" uspid="5657" ordinal="0" offset="36" sl="15" sc="0" el="15" ec="0" bec="0" bev="0" fileid="6" />
                <SequencePoint vc="0" uspid="5658" ordinal="0" offset="37" sl="16" sc="0" el="16" ec="0" bec="0" bev="0" fileid="6" />
                <SequencePoint vc="0" uspid="5659" ordinal="0" offset="53" sl="17" sc="0" el="17" ec="0" bec="0" bev="0" fileid="6" />
                <SequencePoint vc="0" uspid="5660" ordinal="0" offset="54" sl="18" sc="0" el="18" ec="0" bec="0" bev="0" fileid="6" />
                <SequencePoint vc="0" uspid="5661" ordinal="0" offset="76" sl="19" sc="0" el="19" ec="0" bec="0" bev="0" fileid="6" />
                <SequencePoint vc="0" uspid="5662" ordinal="0" offset="77" sl="20" sc="0" el="20" ec="0" bec="0" bev="0" fileid="6" />
                <SequencePoint vc="0" uspid="5663" ordinal="0" offset="94" sl="21" sc="0" el="21" ec="0" bec="0" bev="0" fileid="6" />
                <SequencePoint vc="0" uspid="5664" ordinal="0" offset="95" sl="22" sc="0" el="22" ec="0" bec="0" bev="0" fileid="6" />
              </SequencePoints>
              <BranchPoints />
            </Method>
            <Method visited="false" cyclomaticComplexity="2" nPathComplexity="0" sequenceCoverage="0.0" branchCoverage="0" crapScore="6" isConstructor="false" isStatic="true" isGetter="false" isSetter="false">
              <Summary numSequencePoints="3" visitedSequencePoints="0" numBranchPoints="0" visitedBranchPoints="0" sequenceCoverage="0.0" branchCoverage="0" maxCyclomaticComplexity="2" minCyclomaticComplexity="2" maxCrapScore="6" minCrapScore="6" visitedClasses="0" numClasses="0" visitedMethods="0" numMethods="1" />
              <MetadataToken>100663360</MetadataToken>
              <Name>static System.Boolean Cr7Sund.Framework.Util.ArrayExt::Contains[T](, T)</Name>
              <FileRef uid="6" />
              <SequencePoints>
                <SequencePoint vc="0" uspid="5665" ordinal="0" offset="0" sl="25" sc="0" el="25" ec="0" bec="0" bev="0" fileid="6" />
                <SequencePoint vc="0" uspid="5666" ordinal="0" offset="1" sl="26" sc="0" el="26" ec="0" bec="0" bev="0" fileid="6" />
                <SequencePoint vc="0" uspid="5667" ordinal="0" offset="23" sl="27" sc="0" el="27" ec="0" bec="0" bev="0" fileid="6" />
              </SequencePoints>
              <BranchPoints />
            </Method>
            <Method visited="false" cyclomaticComplexity="4" nPathComplexity="0" sequenceCoverage="0.0" branchCoverage="0" crapScore="20" isConstructor="false" isStatic="true" isGetter="false" isSetter="false">
              <Summary numSequencePoints="14" visitedSequencePoints="0" numBranchPoints="0" visitedBranchPoints="0" sequenceCoverage="0.0" branchCoverage="0" maxCyclomaticComplexity="4" minCyclomaticComplexity="4" maxCrapScore="20" minCrapScore="20" visitedClasses="0" numClasses="0" visitedMethods="0" numMethods="1" />
              <MetadataToken>100663361</MetadataToken>
              <Name>static System.Int32 Cr7Sund.Framework.Util.ArrayExt::FindMatchIndex[T](, T)</Name>
              <FileRef uid="6" />
              <SequencePoints>
                <SequencePoint vc="0" uspid="5668" ordinal="0" offset="0" sl="30" sc="0" el="30" ec="0" bec="0" bev="0" fileid="6" />
                <SequencePoint vc="0" uspid="5669" ordinal="0" offset="1" sl="31" sc="0" el="31" ec="0" bec="0" bev="0" fileid="6" />
                <SequencePoint vc="0" uspid="5670" ordinal="0" offset="9" sl="31" sc="0" el="31" ec="0" bec="0" bev="0" fileid="6" />
                <SequencePoint vc="0" uspid="5671" ordinal="0" offset="13" sl="33" sc="0" el="33" ec="0" bec="0" bev="0" fileid="6" />
                <SequencePoint vc="0" uspid="5672" ordinal="0" offset="17" sl="34" sc="0" el="34" ec="0" bec="0" bev="0" fileid="6" />
                <SequencePoint vc="0" uspid="5673" ordinal="0" offset="18" sl="35" sc="0" el="35" ec="0" bec="0" bev="0" fileid="6" />
                <SequencePoint vc="0" uspid="5674" ordinal="0" offset="26" sl="36" sc="0" el="36" ec="0" bec="0" bev="0" fileid="6" />
                <SequencePoint vc="0" uspid="5675" ordinal="0" offset="51" sl="37" sc="0" el="37" ec="0" bec="0" bev="0" fileid="6" />
                <SequencePoint vc="0" uspid="5676" ordinal="0" offset="52" sl="38" sc="0" el="38" ec="0" bec="0" bev="0" fileid="6" />
                <SequencePoint vc="0" uspid="5677" ordinal="0" offset="56" sl="40" sc="0" el="40" ec="0" bec="0" bev="0" fileid="6" />
                <SequencePoint vc="0" uspid="5678" ordinal="0" offset="57" sl="33" sc="0" el="33" ec="0" bec="0" bev="0" fileid="6" />
                <SequencePoint vc="0" uspid="5679" ordinal="0" offset="61" sl="33" sc="0" el="33" ec="0" bec="0" bev="0" fileid="6" />
                <SequencePoint vc="0" uspid="5680" ordinal="0" offset="73" sl="42" sc="0" el="42" ec="0" bec="0" bev="0" fileid="6" />
                <SequencePoint vc="0" uspid="5681" ordinal="0" offset="77" sl="43" sc="0" el="43" ec="0" bec="0" bev="0" fileid="6" />
              </SequencePoints>
              <BranchPoints />
            </Method>
          </Methods>
        </Class>
        <Class>
          <Summary numSequencePoints="3" visitedSequencePoints="0" numBranchPoints="0" visitedBranchPoints="0" sequenceCoverage="0.0" branchCoverage="0.0" maxCyclomaticComplexity="2" minCyclomaticComplexity="2" maxCrapScore="6" minCrapScore="6" visitedClasses="0" numClasses="1" visitedMethods="0" numMethods="1" />
          <FullName>Cr7Sund.Framework.Util.DictionaryExt</FullName>
          <Methods>
            <Method visited="false" cyclomaticComplexity="2" nPathComplexity="0" sequenceCoverage="0.0" branchCoverage="0" crapScore="6" isConstructor="false" isStatic="true" isGetter="false" isSetter="false">
              <Summary numSequencePoints="3" visitedSequencePoints="0" numBranchPoints="0" visitedBranchPoints="0" sequenceCoverage="0.0" branchCoverage="0" maxCyclomaticComplexity="2" minCyclomaticComplexity="2" maxCrapScore="6" minCrapScore="6" visitedClasses="0" numClasses="0" visitedMethods="0" numMethods="1" />
              <MetadataToken>100663362</MetadataToken>
              <Name>static System.Boolean Cr7Sund.Framework.Util.DictionaryExt::ContainAndNotNull[TKey, TValue](System.Collections.Generic.IDictionary[TKey,TValue], TKey)</Name>
              <FileRef uid="7" />
              <SequencePoints>
                <SequencePoint vc="0" uspid="5682" ordinal="0" offset="0" sl="20" sc="0" el="20" ec="0" bec="0" bev="0" fileid="7" />
                <SequencePoint vc="0" uspid="5683" ordinal="0" offset="1" sl="21" sc="0" el="21" ec="0" bec="0" bev="0" fileid="7" />
                <SequencePoint vc="0" uspid="5684" ordinal="0" offset="17" sl="22" sc="0" el="22" ec="0" bec="0" bev="0" fileid="7" />
              </SequencePoints>
              <BranchPoints />
            </Method>
          </Methods>
        </Class>
        <Class>
          <Summary numSequencePoints="20" visitedSequencePoints="0" numBranchPoints="0" visitedBranchPoints="0" sequenceCoverage="0.0" branchCoverage="0.0" maxCyclomaticComplexity="3" minCyclomaticComplexity="3" maxCrapScore="12" minCrapScore="12" visitedClasses="0" numClasses="1" visitedMethods="0" numMethods="2" />
          <FullName>Cr7Sund.Framework.Util.EnumerableExt</FullName>
          <Methods>
            <Method visited="false" cyclomaticComplexity="3" nPathComplexity="0" sequenceCoverage="0.0" branchCoverage="0" crapScore="12" isConstructor="false" isStatic="true" isGetter="false" isSetter="false">
              <Summary numSequencePoints="9" visitedSequencePoints="0" numBranchPoints="0" visitedBranchPoints="0" sequenceCoverage="0.0" branchCoverage="0" maxCyclomaticComplexity="3" minCyclomaticComplexity="3" maxCrapScore="12" minCrapScore="12" visitedClasses="0" numClasses="0" visitedMethods="0" numMethods="1" />
              <MetadataToken>100663363</MetadataToken>
              <Name>static System.Void Cr7Sund.Framework.Util.EnumerableExt::Each[T](System.Collections.Generic.IEnumerable[T], System.Action[T])</Name>
              <FileRef uid="8" />
              <SequencePoints>
                <SequencePoint vc="0" uspid="5685" ordinal="0" offset="0" sl="11" sc="0" el="11" ec="0" bec="0" bev="0" fileid="8" />
                <SequencePoint vc="0" uspid="5686" ordinal="0" offset="1" sl="12" sc="0" el="12" ec="0" bec="0" bev="0" fileid="8" />
                <SequencePoint vc="0" uspid="5687" ordinal="0" offset="2" sl="12" sc="0" el="12" ec="0" bec="0" bev="0" fileid="8" />
                <SequencePoint vc="0" uspid="5688" ordinal="0" offset="11" sl="12" sc="0" el="12" ec="0" bec="0" bev="0" fileid="8" />
                <SequencePoint vc="0" uspid="5689" ordinal="0" offset="18" sl="13" sc="0" el="13" ec="0" bec="0" bev="0" fileid="8" />
                <SequencePoint vc="0" uspid="5690" ordinal="0" offset="19" sl="14" sc="0" el="14" ec="0" bec="0" bev="0" fileid="8" />
                <SequencePoint vc="0" uspid="5691" ordinal="0" offset="27" sl="15" sc="0" el="15" ec="0" bec="0" bev="0" fileid="8" />
                <SequencePoint vc="0" uspid="5692" ordinal="0" offset="28" sl="12" sc="0" el="12" ec="0" bec="0" bev="0" fileid="8" />
                <SequencePoint vc="0" uspid="5693" ordinal="0" offset="49" sl="16" sc="0" el="16" ec="0" bec="0" bev="0" fileid="8" />
              </SequencePoints>
              <BranchPoints />
            </Method>
            <Method visited="false" cyclomaticComplexity="3" nPathComplexity="0" sequenceCoverage="0.0" branchCoverage="0" crapScore="12" isConstructor="false" isStatic="true" isGetter="false" isSetter="false">
              <Summary numSequencePoints="11" visitedSequencePoints="0" numBranchPoints="0" visitedBranchPoints="0" sequenceCoverage="0.0" branchCoverage="0" maxCyclomaticComplexity="3" minCyclomaticComplexity="3" maxCrapScore="12" minCrapScore="12" visitedClasses="0" numClasses="0" visitedMethods="0" numMethods="1" />
              <MetadataToken>100663364</MetadataToken>
              <Name>static System.Void Cr7Sund.Framework.Util.EnumerableExt::Each[T](System.Collections.Generic.IEnumerable[T], System.Action[T,Int32])</Name>
              <FileRef uid="8" />
              <SequencePoints>
                <SequencePoint vc="0" uspid="5694" ordinal="0" offset="0" sl="19" sc="0" el="19" ec="0" bec="0" bev="0" fileid="8" />
                <SequencePoint vc="0" uspid="5695" ordinal="0" offset="1" sl="20" sc="0" el="20" ec="0" bec="0" bev="0" fileid="8" />
                <SequencePoint vc="0" uspid="5696" ordinal="0" offset="3" sl="22" sc="0" el="22" ec="0" bec="0" bev="0" fileid="8" />
                <SequencePoint vc="0" uspid="5697" ordinal="0" offset="4" sl="22" sc="0" el="22" ec="0" bec="0" bev="0" fileid="8" />
                <SequencePoint vc="0" uspid="5698" ordinal="0" offset="13" sl="22" sc="0" el="22" ec="0" bec="0" bev="0" fileid="8" />
                <SequencePoint vc="0" uspid="5699" ordinal="0" offset="20" sl="23" sc="0" el="23" ec="0" bec="0" bev="0" fileid="8" />
                <SequencePoint vc="0" uspid="5700" ordinal="0" offset="21" sl="24" sc="0" el="24" ec="0" bec="0" bev="0" fileid="8" />
                <SequencePoint vc="0" uspid="5701" ordinal="0" offset="30" sl="25" sc="0" el="25" ec="0" bec="0" bev="0" fileid="8" />
                <SequencePoint vc="0" uspid="5702" ordinal="0" offset="34" sl="26" sc="0" el="26" ec="0" bec="0" bev="0" fileid="8" />
                <SequencePoint vc="0" uspid="5703" ordinal="0" offset="35" sl="22" sc="0" el="22" ec="0" bec="0" bev="0" fileid="8" />
                <SequencePoint vc="0" uspid="5704" ordinal="0" offset="56" sl="27" sc="0" el="27" ec="0" bec="0" bev="0" fileid="8" />
              </SequencePoints>
              <BranchPoints />
            </Method>
          </Methods>
        </Class>
        <Class>
          <Summary numSequencePoints="23" visitedSequencePoints="0" numBranchPoints="0" visitedBranchPoints="0" sequenceCoverage="0.0" branchCoverage="0.0" maxCyclomaticComplexity="3" minCyclomaticComplexity="1" maxCrapScore="12" minCrapScore="2" visitedClasses="0" numClasses="1" visitedMethods="0" numMethods="2" />
          <FullName>Cr7Sund.Framework.Util.ListExt</FullName>
          <Methods>
            <Method visited="false" cyclomaticComplexity="1" nPathComplexity="0" sequenceCoverage="0.0" branchCoverage="0" crapScore="2" isConstructor="false" isStatic="true" isGetter="false" isSetter="false">
              <Summary numSequencePoints="3" visitedSequencePoints="0" numBranchPoints="0" visitedBranchPoints="0" sequenceCoverage="0.0" branchCoverage="0" maxCyclomaticComplexity="1" minCyclomaticComplexity="1" maxCrapScore="2" minCrapScore="2" visitedClasses="0" numClasses="0" visitedMethods="0" numMethods="1" />
              <MetadataToken>100663366</MetadataToken>
              <Name>static System.Int32 Cr7Sund.Framework.Util.ListExt::InsertIntoSortedList[T](System.Collections.Generic.IList[T], T)</Name>
              <FileRef uid="9" />
              <SequencePoints>
                <SequencePoint vc="0" uspid="5705" ordinal="0" offset="0" sl="23" sc="0" el="23" ec="0" bec="0" bev="0" fileid="9" />
                <SequencePoint vc="0" uspid="5706" ordinal="0" offset="1" sl="24" sc="0" el="24" ec="0" bec="0" bev="0" fileid="9" />
                <SequencePoint vc="0" uspid="5707" ordinal="0" offset="16" sl="25" sc="0" el="25" ec="0" bec="0" bev="0" fileid="9" />
              </SequencePoints>
              <BranchPoints />
            </Method>
            <Method visited="false" cyclomaticComplexity="3" nPathComplexity="0" sequenceCoverage="0.0" branchCoverage="0" crapScore="12" isConstructor="false" isStatic="true" isGetter="false" isSetter="false">
              <Summary numSequencePoints="20" visitedSequencePoints="0" numBranchPoints="0" visitedBranchPoints="0" sequenceCoverage="0.0" branchCoverage="0" maxCyclomaticComplexity="3" minCyclomaticComplexity="3" maxCrapScore="12" minCrapScore="12" visitedClasses="0" numClasses="0" visitedMethods="0" numMethods="1" />
              <MetadataToken>100663367</MetadataToken>
              <Name>static System.Int32 Cr7Sund.Framework.Util.ListExt::InsertIntoSortedList[T](System.Collections.Generic.IList[T], T, System.Collections.Generic.Comparer[T])</Name>
              <FileRef uid="9" />
              <SequencePoints>
                <SequencePoint vc="0" uspid="5708" ordinal="0" offset="0" sl="40" sc="0" el="40" ec="0" bec="0" bev="0" fileid="9" />
                <SequencePoint vc="0" uspid="5709" ordinal="0" offset="1" sl="41" sc="0" el="41" ec="0" bec="0" bev="0" fileid="9" />
                <SequencePoint vc="0" uspid="5710" ordinal="0" offset="3" sl="42" sc="0" el="42" ec="0" bec="0" bev="0" fileid="9" />
                <SequencePoint vc="0" uspid="5711" ordinal="0" offset="12" sl="45" sc="0" el="45" ec="0" bec="0" bev="0" fileid="9" />
                <SequencePoint vc="0" uspid="5712" ordinal="0" offset="13" sl="46" sc="0" el="46" ec="0" bec="0" bev="0" fileid="9" />
                <SequencePoint vc="0" uspid="5713" ordinal="0" offset="17" sl="47" sc="0" el="47" ec="0" bec="0" bev="0" fileid="9" />
                <SequencePoint vc="0" uspid="5714" ordinal="0" offset="23" sl="48" sc="0" el="48" ec="0" bec="0" bev="0" fileid="9" />
                <SequencePoint vc="0" uspid="5715" ordinal="0" offset="32" sl="49" sc="0" el="49" ec="0" bec="0" bev="0" fileid="9" />
                <SequencePoint vc="0" uspid="5716" ordinal="0" offset="43" sl="51" sc="0" el="51" ec="0" bec="0" bev="0" fileid="9" />
                <SequencePoint vc="0" uspid="5717" ordinal="0" offset="57" sl="52" sc="0" el="52" ec="0" bec="0" bev="0" fileid="9" />
                <SequencePoint vc="0" uspid="5718" ordinal="0" offset="58" sl="53" sc="0" el="53" ec="0" bec="0" bev="0" fileid="9" />
                <SequencePoint vc="0" uspid="5719" ordinal="0" offset="62" sl="54" sc="0" el="54" ec="0" bec="0" bev="0" fileid="9" />
                <SequencePoint vc="0" uspid="5720" ordinal="0" offset="65" sl="56" sc="0" el="56" ec="0" bec="0" bev="0" fileid="9" />
                <SequencePoint vc="0" uspid="5721" ordinal="0" offset="66" sl="57" sc="0" el="57" ec="0" bec="0" bev="0" fileid="9" />
                <SequencePoint vc="0" uspid="5722" ordinal="0" offset="68" sl="58" sc="0" el="58" ec="0" bec="0" bev="0" fileid="9" />
                <SequencePoint vc="0" uspid="5723" ordinal="0" offset="69" sl="59" sc="0" el="59" ec="0" bec="0" bev="0" fileid="9" />
                <SequencePoint vc="0" uspid="5724" ordinal="0" offset="70" sl="44" sc="0" el="44" ec="0" bec="0" bev="0" fileid="9" />
                <SequencePoint vc="0" uspid="5725" ordinal="0" offset="80" sl="61" sc="0" el="61" ec="0" bec="0" bev="0" fileid="9" />
                <SequencePoint vc="0" uspid="5726" ordinal="0" offset="89" sl="63" sc="0" el="63" ec="0" bec="0" bev="0" fileid="9" />
                <SequencePoint vc="0" uspid="5727" ordinal="0" offset="94" sl="64" sc="0" el="64" ec="0" bec="0" bev="0" fileid="9" />
              </SequencePoints>
              <BranchPoints />
            </Method>
          </Methods>
        </Class>
        <Class>
          <Summary numSequencePoints="72" visitedSequencePoints="0" numBranchPoints="0" visitedBranchPoints="0" sequenceCoverage="0.0" branchCoverage="0.0" maxCyclomaticComplexity="4" minCyclomaticComplexity="1" maxCrapScore="20" minCrapScore="2" visitedClasses="0" numClasses="1" visitedMethods="0" numMethods="16" />
          <FullName>Cr7Sund.Framework.Util.AssertUtil</FullName>
          <Methods>
            <Method visited="false" cyclomaticComplexity="1" nPathComplexity="0" sequenceCoverage="0.0" branchCoverage="0" crapScore="2" isConstructor="false" isStatic="true" isGetter="false" isSetter="false">
              <Summary numSequencePoints="3" visitedSequencePoints="0" numBranchPoints="0" visitedBranchPoints="0" sequenceCoverage="0.0" branchCoverage="0" maxCyclomaticComplexity="1" minCyclomaticComplexity="1" maxCrapScore="2" minCrapScore="2" visitedClasses="0" numClasses="0" visitedMethods="0" numMethods="1" />
              <MetadataToken>100663368</MetadataToken>
              <Name>static System.Void Cr7Sund.Framework.Util.AssertUtil::InRange[T](T, T, T)</Name>
              <FileRef uid="10" />
              <SequencePoints>
                <SequencePoint vc="0" uspid="5728" ordinal="0" offset="0" sl="32" sc="0" el="32" ec="0" bec="0" bev="0" fileid="10" />
                <SequencePoint vc="0" uspid="5729" ordinal="0" offset="1" sl="33" sc="0" el="33" ec="0" bec="0" bev="0" fileid="10" />
                <SequencePoint vc="0" uspid="5730" ordinal="0" offset="15" sl="34" sc="0" el="34" ec="0" bec="0" bev="0" fileid="10" />
              </SequencePoints>
              <BranchPoints />
            </Method>
            <Method visited="false" cyclomaticComplexity="3" nPathComplexity="0" sequenceCoverage="0.0" branchCoverage="0" crapScore="12" isConstructor="false" isStatic="true" isGetter="false" isSetter="false">
              <Summary numSequencePoints="5" visitedSequencePoints="0" numBranchPoints="0" visitedBranchPoints="0" sequenceCoverage="0.0" branchCoverage="0" maxCyclomaticComplexity="3" minCyclomaticComplexity="3" maxCrapScore="12" minCrapScore="12" visitedClasses="0" numClasses="0" visitedMethods="0" numMethods="1" />
              <MetadataToken>100663369</MetadataToken>
              <Name>static System.Void Cr7Sund.Framework.Util.AssertUtil::InRange[T](T, T, T, System.Collections.Generic.IComparer[T])</Name>
              <FileRef uid="10" />
              <SequencePoints>
                <SequencePoint vc="0" uspid="5731" ordinal="0" offset="0" sl="37" sc="0" el="37" ec="0" bec="0" bev="0" fileid="10" />
                <SequencePoint vc="0" uspid="5732" ordinal="0" offset="1" sl="39" sc="0" el="39" ec="0" bec="0" bev="0" fileid="10" />
                <SequencePoint vc="0" uspid="5733" ordinal="0" offset="30" sl="40" sc="0" el="40" ec="0" bec="0" bev="0" fileid="10" />
                <SequencePoint vc="0" uspid="5734" ordinal="0" offset="31" sl="41" sc="0" el="41" ec="0" bec="0" bev="0" fileid="10" />
                <SequencePoint vc="0" uspid="5735" ordinal="0" offset="65" sl="43" sc="0" el="43" ec="0" bec="0" bev="0" fileid="10" />
              </SequencePoints>
              <BranchPoints />
            </Method>
            <Method visited="false" cyclomaticComplexity="1" nPathComplexity="0" sequenceCoverage="0.0" branchCoverage="0" crapScore="2" isConstructor="false" isStatic="true" isGetter="false" isSetter="false">
              <Summary numSequencePoints="3" visitedSequencePoints="0" numBranchPoints="0" visitedBranchPoints="0" sequenceCoverage="0.0" branchCoverage="0" maxCyclomaticComplexity="1" minCyclomaticComplexity="1" maxCrapScore="2" minCrapScore="2" visitedClasses="0" numClasses="0" visitedMethods="0" numMethods="1" />
              <MetadataToken>100663370</MetadataToken>
              <Name>static System.Collections.Generic.IComparer[T] Cr7Sund.Framework.Util.AssertUtil::GetComparer[T]()</Name>
              <FileRef uid="10" />
              <SequencePoints>
                <SequencePoint vc="0" uspid="5736" ordinal="0" offset="0" sl="46" sc="0" el="46" ec="0" bec="0" bev="0" fileid="10" />
                <SequencePoint vc="0" uspid="5737" ordinal="0" offset="1" sl="47" sc="0" el="47" ec="0" bec="0" bev="0" fileid="10" />
                <SequencePoint vc="0" uspid="5738" ordinal="0" offset="9" sl="48" sc="0" el="48" ec="0" bec="0" bev="0" fileid="10" />
              </SequencePoints>
              <BranchPoints />
            </Method>
            <Method visited="false" cyclomaticComplexity="2" nPathComplexity="0" sequenceCoverage="0.0" branchCoverage="0" crapScore="6" isConstructor="false" isStatic="true" isGetter="false" isSetter="false">
              <Summary numSequencePoints="5" visitedSequencePoints="0" numBranchPoints="0" visitedBranchPoints="0" sequenceCoverage="0.0" branchCoverage="0" maxCyclomaticComplexity="2" minCyclomaticComplexity="2" maxCrapScore="6" minCrapScore="6" visitedClasses="0" numClasses="0" visitedMethods="0" numMethods="1" />
              <MetadataToken>100663372</MetadataToken>
              <Name>static System.Void Cr7Sund.Framework.Util.AssertUtil::NotNull[TEnum](System.Object, TEnum)</Name>
              <FileRef uid="10" />
              <SequencePoints>
                <SequencePoint vc="0" uspid="5744" ordinal="0" offset="0" sl="94" sc="0" el="94" ec="0" bec="0" bev="0" fileid="10" />
                <SequencePoint vc="0" uspid="5745" ordinal="0" offset="1" sl="95" sc="0" el="95" ec="0" bec="0" bev="0" fileid="10" />
                <SequencePoint vc="0" uspid="5746" ordinal="0" offset="9" sl="96" sc="0" el="96" ec="0" bec="0" bev="0" fileid="10" />
                <SequencePoint vc="0" uspid="5747" ordinal="0" offset="10" sl="97" sc="0" el="97" ec="0" bec="0" bev="0" fileid="10" />
                <SequencePoint vc="0" uspid="5748" ordinal="0" offset="22" sl="99" sc="0" el="99" ec="0" bec="0" bev="0" fileid="10" />
              </SequencePoints>
              <BranchPoints />
            </Method>
            <Method visited="false" cyclomaticComplexity="4" nPathComplexity="0" sequenceCoverage="0.0" branchCoverage="0" crapScore="20" isConstructor="false" isStatic="true" isGetter="false" isSetter="false">
              <Summary numSequencePoints="5" visitedSequencePoints="0" numBranchPoints="0" visitedBranchPoints="0" sequenceCoverage="0.0" branchCoverage="0" maxCyclomaticComplexity="4" minCyclomaticComplexity="4" maxCrapScore="20" minCrapScore="20" visitedClasses="0" numClasses="0" visitedMethods="0" numMethods="1" />
              <MetadataToken>100663374</MetadataToken>
              <Name>static System.Void Cr7Sund.Framework.Util.AssertUtil::IsInstanceOf[T](System.Object)</Name>
              <FileRef uid="10" />
              <SequencePoints>
                <SequencePoint vc="0" uspid="5754" ordinal="0" offset="0" sl="110" sc="0" el="110" ec="0" bec="0" bev="0" fileid="10" />
                <SequencePoint vc="0" uspid="5755" ordinal="0" offset="1" sl="111" sc="0" el="111" ec="0" bec="0" bev="0" fileid="10" />
                <SequencePoint vc="0" uspid="5756" ordinal="0" offset="24" sl="112" sc="0" el="112" ec="0" bec="0" bev="0" fileid="10" />
                <SequencePoint vc="0" uspid="5757" ordinal="0" offset="25" sl="113" sc="0" el="113" ec="0" bec="0" bev="0" fileid="10" />
                <SequencePoint vc="0" uspid="5758" ordinal="0" offset="63" sl="115" sc="0" el="115" ec="0" bec="0" bev="0" fileid="10" />
              </SequencePoints>
              <BranchPoints />
            </Method>
            <Method visited="false" cyclomaticComplexity="2" nPathComplexity="0" sequenceCoverage="0.0" branchCoverage="0" crapScore="6" isConstructor="false" isStatic="true" isGetter="false" isSetter="false">
              <Summary numSequencePoints="5" visitedSequencePoints="0" numBranchPoints="0" visitedBranchPoints="0" sequenceCoverage="0.0" branchCoverage="0" maxCyclomaticComplexity="2" minCyclomaticComplexity="2" maxCrapScore="6" minCrapScore="6" visitedClasses="0" numClasses="0" visitedMethods="0" numMethods="1" />
              <MetadataToken>100663375</MetadataToken>
              <Name>static System.Void Cr7Sund.Framework.Util.AssertUtil::IsInstanceOf[T, TEnum](System.Object, TEnum)</Name>
              <FileRef uid="10" />
              <SequencePoints>
                <SequencePoint vc="0" uspid="5759" ordinal="0" offset="0" sl="118" sc="0" el="118" ec="0" bec="0" bev="0" fileid="10" />
                <SequencePoint vc="0" uspid="5760" ordinal="0" offset="1" sl="119" sc="0" el="119" ec="0" bec="0" bev="0" fileid="10" />
                <SequencePoint vc="0" uspid="5761" ordinal="0" offset="24" sl="120" sc="0" el="120" ec="0" bec="0" bev="0" fileid="10" />
                <SequencePoint vc="0" uspid="5762" ordinal="0" offset="25" sl="121" sc="0" el="121" ec="0" bec="0" bev="0" fileid="10" />
                <SequencePoint vc="0" uspid="5763" ordinal="0" offset="37" sl="123" sc="0" el="123" ec="0" bec="0" bev="0" fileid="10" />
              </SequencePoints>
              <BranchPoints />
            </Method>
            <Method visited="false" cyclomaticComplexity="4" nPathComplexity="0" sequenceCoverage="0.0" branchCoverage="0" crapScore="20" isConstructor="false" isStatic="true" isGetter="false" isSetter="false">
              <Summary numSequencePoints="5" visitedSequencePoints="0" numBranchPoints="0" visitedBranchPoints="0" sequenceCoverage="0.0" branchCoverage="0" maxCyclomaticComplexity="4" minCyclomaticComplexity="4" maxCrapScore="20" minCrapScore="20" visitedClasses="0" numClasses="0" visitedMethods="0" numMethods="1" />
              <MetadataToken>100663377</MetadataToken>
              <Name>static System.Void Cr7Sund.Framework.Util.AssertUtil::IsInstanceOf[TEnum](System.Type, System.Object, TEnum)</Name>
              <FileRef uid="10" />
              <SequencePoints>
                <SequencePoint vc="0" uspid="5769" ordinal="0" offset="0" sl="134" sc="0" el="134" ec="0" bec="0" bev="0" fileid="10" />
                <SequencePoint vc="0" uspid="5770" ordinal="0" offset="1" sl="135" sc="0" el="135" ec="0" bec="0" bev="0" fileid="10" />
                <SequencePoint vc="0" uspid="5771" ordinal="0" offset="15" sl="136" sc="0" el="136" ec="0" bec="0" bev="0" fileid="10" />
                <SequencePoint vc="0" uspid="5772" ordinal="0" offset="16" sl="137" sc="0" el="137" ec="0" bec="0" bev="0" fileid="10" />
                <SequencePoint vc="0" uspid="5773" ordinal="0" offset="57" sl="141" sc="0" el="141" ec="0" bec="0" bev="0" fileid="10" />
              </SequencePoints>
              <BranchPoints />
            </Method>
            <Method visited="false" cyclomaticComplexity="4" nPathComplexity="0" sequenceCoverage="0.0" branchCoverage="0" crapScore="20" isConstructor="false" isStatic="true" isGetter="false" isSetter="false">
              <Summary numSequencePoints="5" visitedSequencePoints="0" numBranchPoints="0" visitedBranchPoints="0" sequenceCoverage="0.0" branchCoverage="0" maxCyclomaticComplexity="4" minCyclomaticComplexity="4" maxCrapScore="20" minCrapScore="20" visitedClasses="0" numClasses="0" visitedMethods="0" numMethods="1" />
              <MetadataToken>100663378</MetadataToken>
              <Name>static System.Void Cr7Sund.Framework.Util.AssertUtil::IsAssignableFrom[TEnum](System.Type, System.Type, TEnum)</Name>
              <FileRef uid="10" />
              <SequencePoints>
                <SequencePoint vc="0" uspid="5774" ordinal="0" offset="0" sl="144" sc="0" el="144" ec="0" bec="0" bev="0" fileid="10" />
                <SequencePoint vc="0" uspid="5775" ordinal="0" offset="1" sl="145" sc="0" el="145" ec="0" bec="0" bev="0" fileid="10" />
                <SequencePoint vc="0" uspid="5776" ordinal="0" offset="15" sl="146" sc="0" el="146" ec="0" bec="0" bev="0" fileid="10" />
                <SequencePoint vc="0" uspid="5777" ordinal="0" offset="16" sl="147" sc="0" el="147" ec="0" bec="0" bev="0" fileid="10" />
                <SequencePoint vc="0" uspid="5778" ordinal="0" offset="57" sl="151" sc="0" el="151" ec="0" bec="0" bev="0" fileid="10" />
              </SequencePoints>
              <BranchPoints />
            </Method>
            <Method visited="false" cyclomaticComplexity="2" nPathComplexity="0" sequenceCoverage="0.0" branchCoverage="0" crapScore="6" isConstructor="false" isStatic="true" isGetter="false" isSetter="false">
              <Summary numSequencePoints="4" visitedSequencePoints="0" numBranchPoints="0" visitedBranchPoints="0" sequenceCoverage="0.0" branchCoverage="0" maxCyclomaticComplexity="2" minCyclomaticComplexity="2" maxCrapScore="6" minCrapScore="6" visitedClasses="0" numClasses="0" visitedMethods="0" numMethods="1" />
              <MetadataToken>100663380</MetadataToken>
              <Name>static System.Void Cr7Sund.Framework.Util.AssertUtil::Greater[TEnum](System.Int32, System.Int32, TEnum)</Name>
              <FileRef uid="10" />
              <SequencePoints>
                <SequencePoint vc="0" uspid="5783" ordinal="0" offset="0" sl="162" sc="0" el="162" ec="0" bec="0" bev="0" fileid="10" />
                <SequencePoint vc="0" uspid="5784" ordinal="0" offset="1" sl="163" sc="0" el="163" ec="0" bec="0" bev="0" fileid="10" />
                <SequencePoint vc="0" uspid="5785" ordinal="0" offset="12" sl="164" sc="0" el="164" ec="0" bec="0" bev="0" fileid="10" />
                <SequencePoint vc="0" uspid="5786" ordinal="0" offset="24" sl="165" sc="0" el="165" ec="0" bec="0" bev="0" fileid="10" />
              </SequencePoints>
              <BranchPoints />
            </Method>
            <Method visited="false" cyclomaticComplexity="2" nPathComplexity="0" sequenceCoverage="0.0" branchCoverage="0" crapScore="6" isConstructor="false" isStatic="true" isGetter="false" isSetter="false">
              <Summary numSequencePoints="4" visitedSequencePoints="0" numBranchPoints="0" visitedBranchPoints="0" sequenceCoverage="0.0" branchCoverage="0" maxCyclomaticComplexity="2" minCyclomaticComplexity="2" maxCrapScore="6" minCrapScore="6" visitedClasses="0" numClasses="0" visitedMethods="0" numMethods="1" />
              <MetadataToken>100663381</MetadataToken>
              <Name>static System.Void Cr7Sund.Framework.Util.AssertUtil::Greater[TEnum](System.UInt32, System.UInt32, TEnum)</Name>
              <FileRef uid="10" />
              <SequencePoints>
                <SequencePoint vc="0" uspid="5787" ordinal="0" offset="0" sl="168" sc="0" el="168" ec="0" bec="0" bev="0" fileid="10" />
                <SequencePoint vc="0" uspid="5788" ordinal="0" offset="1" sl="169" sc="0" el="169" ec="0" bec="0" bev="0" fileid="10" />
                <SequencePoint vc="0" uspid="5789" ordinal="0" offset="12" sl="170" sc="0" el="170" ec="0" bec="0" bev="0" fileid="10" />
                <SequencePoint vc="0" uspid="5790" ordinal="0" offset="24" sl="171" sc="0" el="171" ec="0" bec="0" bev="0" fileid="10" />
              </SequencePoints>
              <BranchPoints />
            </Method>
            <Method visited="false" cyclomaticComplexity="2" nPathComplexity="0" sequenceCoverage="0.0" branchCoverage="0" crapScore="6" isConstructor="false" isStatic="true" isGetter="false" isSetter="false">
              <Summary numSequencePoints="4" visitedSequencePoints="0" numBranchPoints="0" visitedBranchPoints="0" sequenceCoverage="0.0" branchCoverage="0" maxCyclomaticComplexity="2" minCyclomaticComplexity="2" maxCrapScore="6" minCrapScore="6" visitedClasses="0" numClasses="0" visitedMethods="0" numMethods="1" />
              <MetadataToken>100663384</MetadataToken>
              <Name>static System.Void Cr7Sund.Framework.Util.AssertUtil::LessOrEqual[TEnum](System.Int32, System.Int32, TEnum)</Name>
              <FileRef uid="10" />
              <SequencePoints>
                <SequencePoint vc="0" uspid="5799" ordinal="0" offset="0" sl="185" sc="0" el="185" ec="0" bec="0" bev="0" fileid="10" />
                <SequencePoint vc="0" uspid="5800" ordinal="0" offset="1" sl="186" sc="0" el="186" ec="0" bec="0" bev="0" fileid="10" />
                <SequencePoint vc="0" uspid="5801" ordinal="0" offset="9" sl="187" sc="0" el="187" ec="0" bec="0" bev="0" fileid="10" />
                <SequencePoint vc="0" uspid="5802" ordinal="0" offset="21" sl="188" sc="0" el="188" ec="0" bec="0" bev="0" fileid="10" />
              </SequencePoints>
              <BranchPoints />
            </Method>
            <Method visited="false" cyclomaticComplexity="2" nPathComplexity="0" sequenceCoverage="0.0" branchCoverage="0" crapScore="6" isConstructor="false" isStatic="true" isGetter="false" isSetter="false">
              <Summary numSequencePoints="4" visitedSequencePoints="0" numBranchPoints="0" visitedBranchPoints="0" sequenceCoverage="0.0" branchCoverage="0" maxCyclomaticComplexity="2" minCyclomaticComplexity="2" maxCrapScore="6" minCrapScore="6" visitedClasses="0" numClasses="0" visitedMethods="0" numMethods="1" />
              <MetadataToken>100663385</MetadataToken>
              <Name>static System.Void Cr7Sund.Framework.Util.AssertUtil::LessOrEqual[TEnum](System.UInt32, System.UInt32, TEnum)</Name>
              <FileRef uid="10" />
              <SequencePoints>
                <SequencePoint vc="0" uspid="5803" ordinal="0" offset="0" sl="191" sc="0" el="191" ec="0" bec="0" bev="0" fileid="10" />
                <SequencePoint vc="0" uspid="5804" ordinal="0" offset="1" sl="192" sc="0" el="192" ec="0" bec="0" bev="0" fileid="10" />
                <SequencePoint vc="0" uspid="5805" ordinal="0" offset="9" sl="193" sc="0" el="193" ec="0" bec="0" bev="0" fileid="10" />
                <SequencePoint vc="0" uspid="5806" ordinal="0" offset="21" sl="194" sc="0" el="194" ec="0" bec="0" bev="0" fileid="10" />
              </SequencePoints>
              <BranchPoints />
            </Method>
            <Method visited="false" cyclomaticComplexity="2" nPathComplexity="0" sequenceCoverage="0.0" branchCoverage="0" crapScore="6" isConstructor="false" isStatic="true" isGetter="false" isSetter="false">
              <Summary numSequencePoints="5" visitedSequencePoints="0" numBranchPoints="0" visitedBranchPoints="0" sequenceCoverage="0.0" branchCoverage="0" maxCyclomaticComplexity="2" minCyclomaticComplexity="2" maxCrapScore="6" minCrapScore="6" visitedClasses="0" numClasses="0" visitedMethods="0" numMethods="1" />
              <MetadataToken>100663388</MetadataToken>
              <Name>static System.Void Cr7Sund.Framework.Util.AssertUtil::IsFalse[TEnum](System.Boolean, TEnum)</Name>
              <FileRef uid="10" />
              <SequencePoints>
                <SequencePoint vc="0" uspid="5817" ordinal="0" offset="0" sl="212" sc="0" el="212" ec="0" bec="0" bev="0" fileid="10" />
                <SequencePoint vc="0" uspid="5818" ordinal="0" offset="1" sl="213" sc="0" el="213" ec="0" bec="0" bev="0" fileid="10" />
                <SequencePoint vc="0" uspid="5819" ordinal="0" offset="6" sl="214" sc="0" el="214" ec="0" bec="0" bev="0" fileid="10" />
                <SequencePoint vc="0" uspid="5820" ordinal="0" offset="7" sl="215" sc="0" el="215" ec="0" bec="0" bev="0" fileid="10" />
                <SequencePoint vc="0" uspid="5821" ordinal="0" offset="19" sl="218" sc="0" el="218" ec="0" bec="0" bev="0" fileid="10" />
              </SequencePoints>
              <BranchPoints />
            </Method>
            <Method visited="false" cyclomaticComplexity="2" nPathComplexity="0" sequenceCoverage="0.0" branchCoverage="0" crapScore="6" isConstructor="false" isStatic="true" isGetter="false" isSetter="false">
              <Summary numSequencePoints="5" visitedSequencePoints="0" numBranchPoints="0" visitedBranchPoints="0" sequenceCoverage="0.0" branchCoverage="0" maxCyclomaticComplexity="2" minCyclomaticComplexity="2" maxCrapScore="6" minCrapScore="6" visitedClasses="0" numClasses="0" visitedMethods="0" numMethods="1" />
              <MetadataToken>100663390</MetadataToken>
              <Name>static System.Void Cr7Sund.Framework.Util.AssertUtil::IsTrue[TEnum](System.Boolean, TEnum)</Name>
              <FileRef uid="10" />
              <SequencePoints>
                <SequencePoint vc="0" uspid="5827" ordinal="0" offset="0" sl="229" sc="0" el="229" ec="0" bec="0" bev="0" fileid="10" />
                <SequencePoint vc="0" uspid="5828" ordinal="0" offset="1" sl="230" sc="0" el="230" ec="0" bec="0" bev="0" fileid="10" />
                <SequencePoint vc="0" uspid="5829" ordinal="0" offset="9" sl="231" sc="0" el="231" ec="0" bec="0" bev="0" fileid="10" />
                <SequencePoint vc="0" uspid="5830" ordinal="0" offset="10" sl="232" sc="0" el="232" ec="0" bec="0" bev="0" fileid="10" />
                <SequencePoint vc="0" uspid="5831" ordinal="0" offset="22" sl="235" sc="0" el="235" ec="0" bec="0" bev="0" fileid="10" />
              </SequencePoints>
              <BranchPoints />
            </Method>
            <Method visited="false" cyclomaticComplexity="2" nPathComplexity="0" sequenceCoverage="0.0" branchCoverage="0" crapScore="6" isConstructor="false" isStatic="true" isGetter="false" isSetter="false">
              <Summary numSequencePoints="5" visitedSequencePoints="0" numBranchPoints="0" visitedBranchPoints="0" sequenceCoverage="0.0" branchCoverage="0" maxCyclomaticComplexity="2" minCyclomaticComplexity="2" maxCrapScore="6" minCrapScore="6" visitedClasses="0" numClasses="0" visitedMethods="0" numMethods="1" />
              <MetadataToken>100663394</MetadataToken>
              <Name>static System.Void Cr7Sund.Framework.Util.AssertUtil::AreEqual[TEnum](System.Object, System.Object, TEnum)</Name>
              <FileRef uid="10" />
              <SequencePoints>
                <SequencePoint vc="0" uspid="5847" ordinal="0" offset="0" sl="260" sc="0" el="260" ec="0" bec="0" bev="0" fileid="10" />
                <SequencePoint vc="0" uspid="5848" ordinal="0" offset="1" sl="261" sc="0" el="261" ec="0" bec="0" bev="0" fileid="10" />
                <SequencePoint vc="0" uspid="5849" ordinal="0" offset="15" sl="262" sc="0" el="262" ec="0" bec="0" bev="0" fileid="10" />
                <SequencePoint vc="0" uspid="5850" ordinal="0" offset="16" sl="263" sc="0" el="263" ec="0" bec="0" bev="0" fileid="10" />
                <SequencePoint vc="0" uspid="5851" ordinal="0" offset="28" sl="265" sc="0" el="265" ec="0" bec="0" bev="0" fileid="10" />
              </SequencePoints>
              <BranchPoints />
            </Method>
            <Method visited="false" cyclomaticComplexity="2" nPathComplexity="0" sequenceCoverage="0.0" branchCoverage="0" crapScore="6" isConstructor="false" isStatic="true" isGetter="false" isSetter="false">
              <Summary numSequencePoints="5" visitedSequencePoints="0" numBranchPoints="0" visitedBranchPoints="0" sequenceCoverage="0.0" branchCoverage="0" maxCyclomaticComplexity="2" minCyclomaticComplexity="2" maxCrapScore="6" minCrapScore="6" visitedClasses="0" numClasses="0" visitedMethods="0" numMethods="1" />
              <MetadataToken>100663396</MetadataToken>
              <Name>static System.Void Cr7Sund.Framework.Util.AssertUtil::AreNotEqual[TEnum](System.Object, System.Object, TEnum)</Name>
              <FileRef uid="10" />
              <SequencePoints>
                <SequencePoint vc="0" uspid="5857" ordinal="0" offset="0" sl="277" sc="0" el="277" ec="0" bec="0" bev="0" fileid="10" />
                <SequencePoint vc="0" uspid="5858" ordinal="0" offset="1" sl="278" sc="0" el="278" ec="0" bec="0" bev="0" fileid="10" />
                <SequencePoint vc="0" uspid="5859" ordinal="0" offset="12" sl="279" sc="0" el="279" ec="0" bec="0" bev="0" fileid="10" />
                <SequencePoint vc="0" uspid="5860" ordinal="0" offset="13" sl="280" sc="0" el="280" ec="0" bec="0" bev="0" fileid="10" />
                <SequencePoint vc="0" uspid="5861" ordinal="0" offset="25" sl="282" sc="0" el="282" ec="0" bec="0" bev="0" fileid="10" />
              </SequencePoints>
              <BranchPoints />
            </Method>
          </Methods>
        </Class>
        <Class>
          <Summary numSequencePoints="6" visitedSequencePoints="0" numBranchPoints="0" visitedBranchPoints="0" sequenceCoverage="0.0" branchCoverage="0.0" maxCyclomaticComplexity="2" minCyclomaticComplexity="2" maxCrapScore="6" minCrapScore="6" visitedClasses="0" numClasses="1" visitedMethods="0" numMethods="1" />
          <FullName>Cr7Sund.Framework.Util.AssertUtilEditor</FullName>
          <Methods>
            <Method visited="false" cyclomaticComplexity="2" nPathComplexity="0" sequenceCoverage="0.0" branchCoverage="0" crapScore="6" isConstructor="false" isStatic="true" isGetter="false" isSetter="false">
              <Summary numSequencePoints="6" visitedSequencePoints="0" numBranchPoints="0" visitedBranchPoints="0" sequenceCoverage="0.0" branchCoverage="0" maxCyclomaticComplexity="2" minCyclomaticComplexity="2" maxCrapScore="6" minCrapScore="6" visitedClasses="0" numClasses="0" visitedMethods="0" numMethods="1" />
              <MetadataToken>100663398</MetadataToken>
              <Name>static System.Void Cr7Sund.Framework.Util.AssertUtilEditor::IsAssignableFrom[TEnum](System.Type, System.Type, TEnum)</Name>
              <FileRef uid="11" />
              <SequencePoints>
                <SequencePoint vc="0" uspid="5873" ordinal="0" offset="0" sl="8" sc="0" el="8" ec="0" bec="0" bev="0" fileid="11" />
                <SequencePoint vc="0" uspid="5874" ordinal="0" offset="1" sl="9" sc="0" el="9" ec="0" bec="0" bev="0" fileid="11" />
                <SequencePoint vc="0" uspid="5875" ordinal="0" offset="10" sl="10" sc="0" el="10" ec="0" bec="0" bev="0" fileid="11" />
                <SequencePoint vc="0" uspid="5876" ordinal="0" offset="11" sl="11" sc="0" el="11" ec="0" bec="0" bev="0" fileid="11" />
                <SequencePoint vc="0" uspid="5877" ordinal="0" offset="20" sl="12" sc="0" el="12" ec="0" bec="0" bev="0" fileid="11" />
                <SequencePoint vc="0" uspid="5878" ordinal="0" offset="21" sl="13" sc="0" el="13" ec="0" bec="0" bev="0" fileid="11" />
              </SequencePoints>
              <BranchPoints />
            </Method>
          </Methods>
        </Class>
        <Class>
          <Summary numSequencePoints="10" visitedSequencePoints="0" numBranchPoints="0" visitedBranchPoints="0" sequenceCoverage="0.0" branchCoverage="0.0" maxCyclomaticComplexity="1" minCyclomaticComplexity="1" maxCrapScore="2" minCrapScore="2" visitedClasses="0" numClasses="1" visitedMethods="0" numMethods="3" />
          <FullName>Cr7Sund.Framework.Impl.Binder</FullName>
          <Methods>
            <Method visited="false" cyclomaticComplexity="1" nPathComplexity="0" sequenceCoverage="0.0" branchCoverage="0" crapScore="2" isConstructor="false" isStatic="false" isGetter="false" isSetter="false">
              <Summary numSequencePoints="3" visitedSequencePoints="0" numBranchPoints="0" visitedBranchPoints="0" sequenceCoverage="0.0" branchCoverage="0" maxCyclomaticComplexity="1" minCyclomaticComplexity="1" maxCrapScore="2" minCrapScore="2" visitedClasses="0" numClasses="0" visitedMethods="0" numMethods="1" />
              <MetadataToken>100663408</MetadataToken>
              <Name>Cr7Sund.Framework.Api.IBinding Cr7Sund.Framework.Impl.Binder::Bind[T]()</Name>
              <FileRef uid="14" />
              <SequencePoints>
                <SequencePoint vc="0" uspid="5896" ordinal="0" offset="0" sl="23" sc="0" el="23" ec="0" bec="0" bev="0" fileid="14" />
                <SequencePoint vc="0" uspid="5897" ordinal="0" offset="1" sl="24" sc="0" el="24" ec="0" bec="0" bev="0" fileid="14" />
                <SequencePoint vc="0" uspid="5898" ordinal="0" offset="20" sl="25" sc="0" el="25" ec="0" bec="0" bev="0" fileid="14" />
              </SequencePoints>
              <BranchPoints />
            </Method>
            <Method visited="false" cyclomaticComplexity="1" nPathComplexity="0" sequenceCoverage="0.0" branchCoverage="0" crapScore="2" isConstructor="false" isStatic="false" isGetter="false" isSetter="false">
              <Summary numSequencePoints="4" visitedSequencePoints="0" numBranchPoints="0" visitedBranchPoints="0" sequenceCoverage="0.0" branchCoverage="0" maxCyclomaticComplexity="1" minCyclomaticComplexity="1" maxCrapScore="2" minCrapScore="2" visitedClasses="0" numClasses="0" visitedMethods="0" numMethods="1" />
              <MetadataToken>100663412</MetadataToken>
              <Name>Cr7Sund.Framework.Api.IBinding Cr7Sund.Framework.Impl.Binder::GetBinding[T](System.Object)</Name>
              <FileRef uid="14" />
              <SequencePoints>
                <SequencePoint vc="0" uspid="5922" ordinal="0" offset="0" sl="65" sc="0" el="65" ec="0" bec="0" bev="0" fileid="14" />
                <SequencePoint vc="0" uspid="5923" ordinal="0" offset="1" sl="66" sc="0" el="66" ec="0" bec="0" bev="0" fileid="14" />
                <SequencePoint vc="0" uspid="5924" ordinal="0" offset="12" sl="67" sc="0" el="67" ec="0" bec="0" bev="0" fileid="14" />
                <SequencePoint vc="0" uspid="5925" ordinal="0" offset="23" sl="68" sc="0" el="68" ec="0" bec="0" bev="0" fileid="14" />
              </SequencePoints>
              <BranchPoints />
            </Method>
            <Method visited="false" cyclomaticComplexity="1" nPathComplexity="0" sequenceCoverage="0.0" branchCoverage="0" crapScore="2" isConstructor="false" isStatic="false" isGetter="false" isSetter="false">
              <Summary numSequencePoints="3" visitedSequencePoints="0" numBranchPoints="0" visitedBranchPoints="0" sequenceCoverage="0.0" branchCoverage="0" maxCyclomaticComplexity="1" minCyclomaticComplexity="1" maxCrapScore="2" minCrapScore="2" visitedClasses="0" numClasses="0" visitedMethods="0" numMethods="1" />
              <MetadataToken>100663416</MetadataToken>
              <Name>System.Void Cr7Sund.Framework.Impl.Binder::Unbind[T](System.Object)</Name>
              <FileRef uid="14" />
              <SequencePoints>
                <SequencePoint vc="0" uspid="5948" ordinal="0" offset="0" sl="100" sc="0" el="100" ec="0" bec="0" bev="0" fileid="14" />
                <SequencePoint vc="0" uspid="5949" ordinal="0" offset="1" sl="101" sc="0" el="101" ec="0" bec="0" bev="0" fileid="14" />
                <SequencePoint vc="0" uspid="5950" ordinal="0" offset="19" sl="102" sc="0" el="102" ec="0" bec="0" bev="0" fileid="14" />
              </SequencePoints>
              <BranchPoints />
            </Method>
          </Methods>
        </Class>
        <Class>
          <Summary numSequencePoints="6" visitedSequencePoints="0" numBranchPoints="0" visitedBranchPoints="0" sequenceCoverage="0.0" branchCoverage="0.0" maxCyclomaticComplexity="1" minCyclomaticComplexity="1" maxCrapScore="2" minCrapScore="2" visitedClasses="0" numClasses="1" visitedMethods="0" numMethods="2" />
          <FullName>Cr7Sund.Framework.Impl.Binding</FullName>
          <Methods>
            <Method visited="false" cyclomaticComplexity="1" nPathComplexity="0" sequenceCoverage="0.0" branchCoverage="0" crapScore="2" isConstructor="false" isStatic="false" isGetter="false" isSetter="false">
              <Summary numSequencePoints="3" visitedSequencePoints="0" numBranchPoints="0" visitedBranchPoints="0" sequenceCoverage="0.0" branchCoverage="0" maxCyclomaticComplexity="1" minCyclomaticComplexity="1" maxCrapScore="2" minCrapScore="2" visitedClasses="0" numClasses="0" visitedMethods="0" numMethods="1" />
              <MetadataToken>100663440</MetadataToken>
              <Name>Cr7Sund.Framework.Api.IBinding Cr7Sund.Framework.Impl.Binding::Bind[T]()</Name>
              <FileRef uid="15" />
              <SequencePoints>
                <SequencePoint vc="0" uspid="6110" ordinal="0" offset="0" sl="102" sc="0" el="102" ec="0" bec="0" bev="0" fileid="15" />
                <SequencePoint vc="0" uspid="6111" ordinal="0" offset="1" sl="103" sc="0" el="103" ec="0" bec="0" bev="0" fileid="15" />
                <SequencePoint vc="0" uspid="6112" ordinal="0" offset="20" sl="104" sc="0" el="104" ec="0" bec="0" bev="0" fileid="15" />
              </SequencePoints>
              <BranchPoints />
            </Method>
            <Method visited="false" cyclomaticComplexity="1" nPathComplexity="0" sequenceCoverage="0.0" branchCoverage="0" crapScore="2" isConstructor="false" isStatic="false" isGetter="false" isSetter="false">
              <Summary numSequencePoints="3" visitedSequencePoints="0" numBranchPoints="0" visitedBranchPoints="0" sequenceCoverage="0.0" branchCoverage="0" maxCyclomaticComplexity="1" minCyclomaticComplexity="1" maxCrapScore="2" minCrapScore="2" visitedClasses="0" numClasses="0" visitedMethods="0" numMethods="1" />
              <MetadataToken>100663442</MetadataToken>
              <Name>Cr7Sund.Framework.Api.IBinding Cr7Sund.Framework.Impl.Binding::To[T]()</Name>
              <FileRef uid="15" />
              <SequencePoints>
                <SequencePoint vc="0" uspid="6117" ordinal="0" offset="0" sl="122" sc="0" el="122" ec="0" bec="0" bev="0" fileid="15" />
                <SequencePoint vc="0" uspid="6118" ordinal="0" offset="1" sl="123" sc="0" el="123" ec="0" bec="0" bev="0" fileid="15" />
                <SequencePoint vc="0" uspid="6119" ordinal="0" offset="20" sl="124" sc="0" el="124" ec="0" bec="0" bev="0" fileid="15" />
              </SequencePoints>
              <BranchPoints />
            </Method>
          </Methods>
        </Class>
        <Class>
          <Summary numSequencePoints="489" visitedSequencePoints="0" numBranchPoints="0" visitedBranchPoints="0" sequenceCoverage="0.0" branchCoverage="0.0" maxCyclomaticComplexity="5" minCyclomaticComplexity="1" maxCrapScore="30" minCrapScore="2" visitedClasses="0" numClasses="1" visitedMethods="0" numMethods="80" />
          <FullName>Cr7Sund.Framework.Impl.Promise[PromisedT]</FullName>
          <Methods>
            <Method visited="false" cyclomaticComplexity="1" nPathComplexity="0" sequenceCoverage="0.0" branchCoverage="0" crapScore="2" isConstructor="false" isStatic="false" isGetter="true" isSetter="false">
              <Summary numSequencePoints="1" visitedSequencePoints="0" numBranchPoints="0" visitedBranchPoints="0" sequenceCoverage="0.0" branchCoverage="0" maxCyclomaticComplexity="1" minCyclomaticComplexity="1" maxCrapScore="2" minCrapScore="2" visitedClasses="0" numClasses="0" visitedMethods="0" numMethods="1" />
              <MetadataToken>100663474</MetadataToken>
              <Name>System.Int32 Cr7Sund.Framework.Impl.Promise[PromisedT]::get_Id()</Name>
              <FileRef uid="17" />
              <SequencePoints>
                <SequencePoint vc="0" uspid="6278" ordinal="0" offset="0" sl="44" sc="0" el="44" ec="0" bec="0" bev="0" fileid="17" />
              </SequencePoints>
              <BranchPoints />
            </Method>
            <Method visited="false" cyclomaticComplexity="1" nPathComplexity="0" sequenceCoverage="0.0" branchCoverage="0" crapScore="2" isConstructor="false" isStatic="false" isGetter="true" isSetter="false">
              <Summary numSequencePoints="1" visitedSequencePoints="0" numBranchPoints="0" visitedBranchPoints="0" sequenceCoverage="0.0" branchCoverage="0" maxCyclomaticComplexity="1" minCyclomaticComplexity="1" maxCrapScore="2" minCrapScore="2" visitedClasses="0" numClasses="0" visitedMethods="0" numMethods="1" />
              <MetadataToken>100663475</MetadataToken>
              <Name>System.Object Cr7Sund.Framework.Impl.Promise[PromisedT]::get_Name()</Name>
              <FileRef uid="17" />
              <SequencePoints>
                <SequencePoint vc="0" uspid="6279" ordinal="0" offset="0" sl="47" sc="0" el="47" ec="0" bec="0" bev="0" fileid="17" />
              </SequencePoints>
              <BranchPoints />
            </Method>
            <Method visited="false" cyclomaticComplexity="1" nPathComplexity="0" sequenceCoverage="0.0" branchCoverage="0" crapScore="2" isConstructor="false" isStatic="false" isGetter="false" isSetter="true">
              <Summary numSequencePoints="1" visitedSequencePoints="0" numBranchPoints="0" visitedBranchPoints="0" sequenceCoverage="0.0" branchCoverage="0" maxCyclomaticComplexity="1" minCyclomaticComplexity="1" maxCrapScore="2" minCrapScore="2" visitedClasses="0" numClasses="0" visitedMethods="0" numMethods="1" />
              <MetadataToken>100663476</MetadataToken>
              <Name>System.Void Cr7Sund.Framework.Impl.Promise[PromisedT]::set_Name(System.Object)</Name>
              <FileRef uid="17" />
              <SequencePoints>
                <SequencePoint vc="0" uspid="6280" ordinal="0" offset="0" sl="47" sc="0" el="47" ec="0" bec="0" bev="0" fileid="17" />
              </SequencePoints>
              <BranchPoints />
            </Method>
            <Method visited="false" cyclomaticComplexity="1" nPathComplexity="0" sequenceCoverage="0.0" branchCoverage="0" crapScore="2" isConstructor="false" isStatic="false" isGetter="true" isSetter="false">
              <Summary numSequencePoints="1" visitedSequencePoints="0" numBranchPoints="0" visitedBranchPoints="0" sequenceCoverage="0.0" branchCoverage="0" maxCyclomaticComplexity="1" minCyclomaticComplexity="1" maxCrapScore="2" minCrapScore="2" visitedClasses="0" numClasses="0" visitedMethods="0" numMethods="1" />
              <MetadataToken>100663477</MetadataToken>
              <Name>Cr7Sund.Framework.Api.PromiseState Cr7Sund.Framework.Impl.Promise[PromisedT]::get_CurState()</Name>
              <FileRef uid="17" />
              <SequencePoints>
                <SequencePoint vc="0" uspid="6281" ordinal="0" offset="0" sl="48" sc="0" el="48" ec="0" bec="0" bev="0" fileid="17" />
              </SequencePoints>
              <BranchPoints />
            </Method>
            <Method visited="false" cyclomaticComplexity="1" nPathComplexity="0" sequenceCoverage="0.0" branchCoverage="0" crapScore="2" isConstructor="false" isStatic="false" isGetter="false" isSetter="true">
              <Summary numSequencePoints="1" visitedSequencePoints="0" numBranchPoints="0" visitedBranchPoints="0" sequenceCoverage="0.0" branchCoverage="0" maxCyclomaticComplexity="1" minCyclomaticComplexity="1" maxCrapScore="2" minCrapScore="2" visitedClasses="0" numClasses="0" visitedMethods="0" numMethods="1" />
              <MetadataToken>100663478</MetadataToken>
              <Name>System.Void Cr7Sund.Framework.Impl.Promise[PromisedT]::set_CurState(Cr7Sund.Framework.Api.PromiseState)</Name>
              <FileRef uid="17" />
              <SequencePoints>
                <SequencePoint vc="0" uspid="6282" ordinal="0" offset="0" sl="48" sc="0" el="48" ec="0" bec="0" bev="0" fileid="17" />
              </SequencePoints>
              <BranchPoints />
            </Method>
            <Method visited="false" cyclomaticComplexity="2" nPathComplexity="0" sequenceCoverage="0.0" branchCoverage="0" crapScore="6" isConstructor="false" isStatic="false" isGetter="true" isSetter="false">
              <Summary numSequencePoints="7" visitedSequencePoints="0" numBranchPoints="0" visitedBranchPoints="0" sequenceCoverage="0.0" branchCoverage="0" maxCyclomaticComplexity="2" minCyclomaticComplexity="2" maxCrapScore="6" minCrapScore="6" visitedClasses="0" numClasses="0" visitedMethods="0" numMethods="1" />
              <MetadataToken>100663479</MetadataToken>
              <Name>System.Action[PromisedT] Cr7Sund.Framework.Impl.Promise[PromisedT]::get_ResolveHandler()</Name>
              <FileRef uid="17" />
              <SequencePoints>
                <SequencePoint vc="0" uspid="6283" ordinal="0" offset="0" sl="54" sc="0" el="54" ec="0" bec="0" bev="0" fileid="17" />
                <SequencePoint vc="0" uspid="6284" ordinal="0" offset="1" sl="55" sc="0" el="55" ec="0" bec="0" bev="0" fileid="17" />
                <SequencePoint vc="0" uspid="6285" ordinal="0" offset="14" sl="56" sc="0" el="56" ec="0" bec="0" bev="0" fileid="17" />
                <SequencePoint vc="0" uspid="6286" ordinal="0" offset="15" sl="57" sc="0" el="57" ec="0" bec="0" bev="0" fileid="17" />
                <SequencePoint vc="0" uspid="6287" ordinal="0" offset="34" sl="58" sc="0" el="58" ec="0" bec="0" bev="0" fileid="17" />
                <SequencePoint vc="0" uspid="6288" ordinal="0" offset="35" sl="59" sc="0" el="59" ec="0" bec="0" bev="0" fileid="17" />
                <SequencePoint vc="0" uspid="6289" ordinal="0" offset="44" sl="60" sc="0" el="60" ec="0" bec="0" bev="0" fileid="17" />
              </SequencePoints>
              <BranchPoints />
            </Method>
            <Method visited="false" cyclomaticComplexity="2" nPathComplexity="0" sequenceCoverage="0.0" branchCoverage="0" crapScore="6" isConstructor="false" isStatic="false" isGetter="true" isSetter="false">
              <Summary numSequencePoints="7" visitedSequencePoints="0" numBranchPoints="0" visitedBranchPoints="0" sequenceCoverage="0.0" branchCoverage="0" maxCyclomaticComplexity="2" minCyclomaticComplexity="2" maxCrapScore="6" minCrapScore="6" visitedClasses="0" numClasses="0" visitedMethods="0" numMethods="1" />
              <MetadataToken>100663480</MetadataToken>
              <Name>System.Action[Exception] Cr7Sund.Framework.Impl.Promise[PromisedT]::get_RejectHandler()</Name>
              <FileRef uid="17" />
              <SequencePoints>
                <SequencePoint vc="0" uspid="6290" ordinal="0" offset="0" sl="65" sc="0" el="65" ec="0" bec="0" bev="0" fileid="17" />
                <SequencePoint vc="0" uspid="6291" ordinal="0" offset="1" sl="66" sc="0" el="66" ec="0" bec="0" bev="0" fileid="17" />
                <SequencePoint vc="0" uspid="6292" ordinal="0" offset="14" sl="67" sc="0" el="67" ec="0" bec="0" bev="0" fileid="17" />
                <SequencePoint vc="0" uspid="6293" ordinal="0" offset="15" sl="68" sc="0" el="68" ec="0" bec="0" bev="0" fileid="17" />
                <SequencePoint vc="0" uspid="6294" ordinal="0" offset="34" sl="69" sc="0" el="69" ec="0" bec="0" bev="0" fileid="17" />
                <SequencePoint vc="0" uspid="6295" ordinal="0" offset="35" sl="70" sc="0" el="70" ec="0" bec="0" bev="0" fileid="17" />
                <SequencePoint vc="0" uspid="6296" ordinal="0" offset="44" sl="71" sc="0" el="71" ec="0" bec="0" bev="0" fileid="17" />
              </SequencePoints>
              <BranchPoints />
            </Method>
            <Method visited="false" cyclomaticComplexity="2" nPathComplexity="0" sequenceCoverage="0.0" branchCoverage="0" crapScore="6" isConstructor="false" isStatic="false" isGetter="true" isSetter="false">
              <Summary numSequencePoints="7" visitedSequencePoints="0" numBranchPoints="0" visitedBranchPoints="0" sequenceCoverage="0.0" branchCoverage="0" maxCyclomaticComplexity="2" minCyclomaticComplexity="2" maxCrapScore="6" minCrapScore="6" visitedClasses="0" numClasses="0" visitedMethods="0" numMethods="1" />
              <MetadataToken>100663481</MetadataToken>
              <Name>System.Action[Single] Cr7Sund.Framework.Impl.Promise[PromisedT]::get_ProgressHandler()</Name>
              <FileRef uid="17" />
              <SequencePoints>
                <SequencePoint vc="0" uspid="6297" ordinal="0" offset="0" sl="76" sc="0" el="76" ec="0" bec="0" bev="0" fileid="17" />
                <SequencePoint vc="0" uspid="6298" ordinal="0" offset="1" sl="77" sc="0" el="77" ec="0" bec="0" bev="0" fileid="17" />
                <SequencePoint vc="0" uspid="6299" ordinal="0" offset="14" sl="78" sc="0" el="78" ec="0" bec="0" bev="0" fileid="17" />
                <SequencePoint vc="0" uspid="6300" ordinal="0" offset="15" sl="79" sc="0" el="79" ec="0" bec="0" bev="0" fileid="17" />
                <SequencePoint vc="0" uspid="6301" ordinal="0" offset="34" sl="80" sc="0" el="80" ec="0" bec="0" bev="0" fileid="17" />
                <SequencePoint vc="0" uspid="6302" ordinal="0" offset="35" sl="81" sc="0" el="81" ec="0" bec="0" bev="0" fileid="17" />
                <SequencePoint vc="0" uspid="6303" ordinal="0" offset="44" sl="82" sc="0" el="82" ec="0" bec="0" bev="0" fileid="17" />
              </SequencePoints>
              <BranchPoints />
            </Method>
            <Method visited="false" cyclomaticComplexity="1" nPathComplexity="0" sequenceCoverage="0.0" branchCoverage="0" crapScore="2" isConstructor="false" isStatic="false" isGetter="false" isSetter="false">
              <Summary numSequencePoints="3" visitedSequencePoints="0" numBranchPoints="0" visitedBranchPoints="0" sequenceCoverage="0.0" branchCoverage="0" maxCyclomaticComplexity="1" minCyclomaticComplexity="1" maxCrapScore="2" minCrapScore="2" visitedClasses="0" numClasses="0" visitedMethods="0" numMethods="1" />
              <MetadataToken>100663485</MetadataToken>
              <Name>PromisedT Cr7Sund.Framework.Impl.Promise[PromisedT]::Test_GetResolveValue()</Name>
              <FileRef uid="17" />
              <SequencePoints>
                <SequencePoint vc="0" uspid="6304" ordinal="0" offset="0" sl="117" sc="0" el="117" ec="0" bec="0" bev="0" fileid="17" />
                <SequencePoint vc="0" uspid="6305" ordinal="0" offset="1" sl="118" sc="0" el="118" ec="0" bec="0" bev="0" fileid="17" />
                <SequencePoint vc="0" uspid="6306" ordinal="0" offset="10" sl="119" sc="0" el="119" ec="0" bec="0" bev="0" fileid="17" />
              </SequencePoints>
              <BranchPoints />
            </Method>
            <Method visited="false" cyclomaticComplexity="1" nPathComplexity="0" sequenceCoverage="0.0" branchCoverage="0" crapScore="2" isConstructor="false" isStatic="false" isGetter="false" isSetter="false">
              <Summary numSequencePoints="4" visitedSequencePoints="0" numBranchPoints="0" visitedBranchPoints="0" sequenceCoverage="0.0" branchCoverage="0" maxCyclomaticComplexity="1" minCyclomaticComplexity="1" maxCrapScore="2" minCrapScore="2" visitedClasses="0" numClasses="0" visitedMethods="0" numMethods="1" />
              <MetadataToken>100663486</MetadataToken>
              <Name>Cr7Sund.Framework.Api.IPromise[PromisedT] Cr7Sund.Framework.Impl.Promise[PromisedT]::WithName(System.Object)</Name>
              <FileRef uid="17" />
              <SequencePoints>
                <SequencePoint vc="0" uspid="6307" ordinal="0" offset="0" sl="123" sc="0" el="123" ec="0" bec="0" bev="0" fileid="17" />
                <SequencePoint vc="0" uspid="6308" ordinal="0" offset="1" sl="124" sc="0" el="124" ec="0" bec="0" bev="0" fileid="17" />
                <SequencePoint vc="0" uspid="6309" ordinal="0" offset="9" sl="125" sc="0" el="125" ec="0" bec="0" bev="0" fileid="17" />
                <SequencePoint vc="0" uspid="6310" ordinal="0" offset="13" sl="126" sc="0" el="126" ec="0" bec="0" bev="0" fileid="17" />
              </SequencePoints>
              <BranchPoints />
            </Method>
            <Method visited="false" cyclomaticComplexity="1" nPathComplexity="0" sequenceCoverage="0.0" branchCoverage="0" crapScore="2" isConstructor="false" isStatic="false" isGetter="false" isSetter="false">
              <Summary numSequencePoints="6" visitedSequencePoints="0" numBranchPoints="0" visitedBranchPoints="0" sequenceCoverage="0.0" branchCoverage="0" maxCyclomaticComplexity="1" minCyclomaticComplexity="1" maxCrapScore="2" minCrapScore="2" visitedClasses="0" numClasses="0" visitedMethods="0" numMethods="1" />
              <MetadataToken>100663487</MetadataToken>
              <Name>System.Void Cr7Sund.Framework.Impl.Promise[PromisedT]::Dispose()</Name>
              <FileRef uid="17" />
              <SequencePoints>
                <SequencePoint vc="0" uspid="6311" ordinal="0" offset="0" sl="129" sc="0" el="129" ec="0" bec="0" bev="0" fileid="17" />
                <SequencePoint vc="0" uspid="6312" ordinal="0" offset="1" sl="130" sc="0" el="130" ec="0" bec="0" bev="0" fileid="17" />
[...]
                <SequencePoint vc="0" uspid="11016" ordinal="0" offset="10" sl="219" sc="0" el="219" ec="0" bec="0" bev="0" fileid="58" />
                <SequencePoint vc="0" uspid="11017" ordinal="0" offset="22" sl="221" sc="0" el="221" ec="0" bec="0" bev="0" fileid="58" />
                <SequencePoint vc="0" uspid="11018" ordinal="0" offset="34" sl="232" sc="0" el="232" ec="0" bec="0" bev="0" fileid="58" />
                <SequencePoint vc="0" uspid="11019" ordinal="0" offset="35" sl="234" sc="0" el="234" ec="0" bec="0" bev="0" fileid="58" />
                <SequencePoint vc="0" uspid="11020" ordinal="0" offset="41" sl="235" sc="0" el="235" ec="0" bec="0" bev="0" fileid="58" />
              </SequencePoints>
              <BranchPoints />
            </Method>
            <Method visited="false" cyclomaticComplexity="1" nPathComplexity="0" sequenceCoverage="0.0" branchCoverage="0" crapScore="2" isConstructor="true" isStatic="false" isGetter="false" isSetter="false">
              <Summary numSequencePoints="6" visitedSequencePoints="0" numBranchPoints="0" visitedBranchPoints="0" sequenceCoverage="0.0" branchCoverage="0" maxCyclomaticComplexity="1" minCyclomaticComplexity="1" maxCrapScore="2" minCrapScore="2" visitedClasses="0" numClasses="0" visitedMethods="0" numMethods="1" />
              <MetadataToken>100664077</MetadataToken>
              <Name>Cr7Sund.EventBus.Impl.GenericEventBus[TBaseEvent]/EventListeners[TEvent]::EventListeners(Cr7Sund.EventBus.Impl.GenericEventBus[TBaseEvent])</Name>
              <FileRef uid="58" />
              <SequencePoints>
                <SequencePoint vc="0" uspid="11021" ordinal="0" offset="0" sl="225" sc="0" el="225" ec="0" bec="0" bev="0" fileid="58" />
                <SequencePoint vc="0" uspid="11022" ordinal="0" offset="11" sl="226" sc="0" el="226" ec="0" bec="0" bev="0" fileid="58" />
                <SequencePoint vc="0" uspid="11023" ordinal="0" offset="23" sl="237" sc="0" el="237" ec="0" bec="0" bev="0" fileid="58" />
                <SequencePoint vc="0" uspid="11024" ordinal="0" offset="30" sl="238" sc="0" el="238" ec="0" bec="0" bev="0" fileid="58" />
                <SequencePoint vc="0" uspid="11025" ordinal="0" offset="31" sl="239" sc="0" el="239" ec="0" bec="0" bev="0" fileid="58" />
                <SequencePoint vc="0" uspid="11026" ordinal="0" offset="38" sl="240" sc="0" el="240" ec="0" bec="0" bev="0" fileid="58" />
              </SequencePoints>
              <BranchPoints />
            </Method>
          </Methods>
        </Class>
        <Class>
          <Summary numSequencePoints="5" visitedSequencePoints="0" numBranchPoints="0" visitedBranchPoints="0" sequenceCoverage="0.0" branchCoverage="0.0" maxCyclomaticComplexity="1" minCyclomaticComplexity="1" maxCrapScore="2" minCrapScore="2" visitedClasses="0" numClasses="1" visitedMethods="0" numMethods="1" />
          <FullName>Cr7Sund.EventBus.Impl.GenericEventBus[TBaseEvent]/EventListeners[TEvent]/DerivedQueuedEvent</FullName>
          <Methods>
            <Method visited="false" cyclomaticComplexity="1" nPathComplexity="0" sequenceCoverage="0.0" branchCoverage="0" crapScore="2" isConstructor="false" isStatic="false" isGetter="false" isSetter="false">
              <Summary numSequencePoints="5" visitedSequencePoints="0" numBranchPoints="0" visitedBranchPoints="0" sequenceCoverage="0.0" branchCoverage="0" maxCyclomaticComplexity="1" minCyclomaticComplexity="1" maxCrapScore="2" minCrapScore="2" visitedClasses="0" numClasses="0" visitedMethods="0" numMethods="1" />
              <MetadataToken>100664086</MetadataToken>
              <Name>System.Void Cr7Sund.EventBus.Impl.GenericEventBus[TBaseEvent]/EventListeners[TEvent]/DerivedQueuedEvent::Raise(Cr7Sund.EventBus.Impl.GenericEventBus[TBaseEvent])</Name>
              <FileRef uid="58" />
              <SequencePoints>
                <SequencePoint vc="0" uspid="11027" ordinal="0" offset="0" sl="308" sc="0" el="308" ec="0" bec="0" bev="0" fileid="58" />
                <SequencePoint vc="0" uspid="11028" ordinal="0" offset="1" sl="309" sc="0" el="309" ec="0" bec="0" bev="0" fileid="58" />
                <SequencePoint vc="0" uspid="11029" ordinal="0" offset="14" sl="311" sc="0" el="311" ec="0" bec="0" bev="0" fileid="58" />
                <SequencePoint vc="0" uspid="11030" ordinal="0" offset="26" sl="312" sc="0" el="312" ec="0" bec="0" bev="0" fileid="58" />
                <SequencePoint vc="0" uspid="11031" ordinal="0" offset="38" sl="313" sc="0" el="313" ec="0" bec="0" bev="0" fileid="58" />
              </SequencePoints>
              <BranchPoints />
            </Method>
          </Methods>
        </Class>
        <Class>
          <Summary numSequencePoints="16" visitedSequencePoints="0" numBranchPoints="0" visitedBranchPoints="0" sequenceCoverage="0.0" branchCoverage="0.0" maxCyclomaticComplexity="2" minCyclomaticComplexity="1" maxCrapScore="6" minCrapScore="2" visitedClasses="0" numClasses="1" visitedMethods="0" numMethods="5" />
          <FullName>Cr7Sund.EventBus.Impl.GenericEventBus[TBaseEvent]/EventListeners[TEvent]/Listener</FullName>
          <Methods>
            <Method visited="false" cyclomaticComplexity="1" nPathComplexity="0" sequenceCoverage="0.0" branchCoverage="0" crapScore="2" isConstructor="false" isStatic="false" isGetter="false" isSetter="false">
              <Summary numSequencePoints="3" visitedSequencePoints="0" numBranchPoints="0" visitedBranchPoints="0" sequenceCoverage="0.0" branchCoverage="0" maxCyclomaticComplexity="1" minCyclomaticComplexity="1" maxCrapScore="2" minCrapScore="2" visitedClasses="0" numClasses="0" visitedMethods="0" numMethods="1" />
              <MetadataToken>100664089</MetadataToken>
              <Name>System.Boolean Cr7Sund.EventBus.Impl.GenericEventBus[TBaseEvent]/EventListeners[TEvent]/Listener::Equals(Cr7Sund.EventBus.Impl.GenericEventBus[TBaseEvent]/EventListeners[TEvent]/Listener)</Name>
              <FileRef uid="58" />
              <SequencePoints>
                <SequencePoint vc="0" uspid="11032" ordinal="0" offset="0" sl="328" sc="0" el="328" ec="0" bec="0" bev="0" fileid="58" />
                <SequencePoint vc="0" uspid="11033" ordinal="0" offset="1" sl="329" sc="0" el="329" ec="0" bec="0" bev="0" fileid="58" />
                <SequencePoint vc="0" uspid="11034" ordinal="0" offset="21" sl="330" sc="0" el="330" ec="0" bec="0" bev="0" fileid="58" />
              </SequencePoints>
              <BranchPoints />
            </Method>
            <Method visited="false" cyclomaticComplexity="2" nPathComplexity="0" sequenceCoverage="0.0" branchCoverage="0" crapScore="6" isConstructor="false" isStatic="false" isGetter="false" isSetter="false">
              <Summary numSequencePoints="3" visitedSequencePoints="0" numBranchPoints="0" visitedBranchPoints="0" sequenceCoverage="0.0" branchCoverage="0" maxCyclomaticComplexity="2" minCyclomaticComplexity="2" maxCrapScore="6" minCrapScore="6" visitedClasses="0" numClasses="0" visitedMethods="0" numMethods="1" />
              <MetadataToken>100664090</MetadataToken>
              <Name>System.Boolean Cr7Sund.EventBus.Impl.GenericEventBus[TBaseEvent]/EventListeners[TEvent]/Listener::Equals(System.Object)</Name>
              <FileRef uid="58" />
              <SequencePoints>
                <SequencePoint vc="0" uspid="11035" ordinal="0" offset="0" sl="333" sc="0" el="333" ec="0" bec="0" bev="0" fileid="58" />
                <SequencePoint vc="0" uspid="11036" ordinal="0" offset="1" sl="334" sc="0" el="334" ec="0" bec="0" bev="0" fileid="58" />
                <SequencePoint vc="0" uspid="11037" ordinal="0" offset="29" sl="335" sc="0" el="335" ec="0" bec="0" bev="0" fileid="58" />
              </SequencePoints>
              <BranchPoints />
            </Method>
            <Method visited="false" cyclomaticComplexity="1" nPathComplexity="0" sequenceCoverage="0.0" branchCoverage="0" crapScore="2" isConstructor="false" isStatic="false" isGetter="false" isSetter="false">
              <Summary numSequencePoints="3" visitedSequencePoints="0" numBranchPoints="0" visitedBranchPoints="0" sequenceCoverage="0.0" branchCoverage="0" maxCyclomaticComplexity="1" minCyclomaticComplexity="1" maxCrapScore="2" minCrapScore="2" visitedClasses="0" numClasses="0" visitedMethods="0" numMethods="1" />
              <MetadataToken>100664091</MetadataToken>
              <Name>System.Int32 Cr7Sund.EventBus.Impl.GenericEventBus[TBaseEvent]/EventListeners[TEvent]/Listener::GetHashCode()</Name>
              <FileRef uid="58" />
              <SequencePoints>
                <SequencePoint vc="0" uspid="11038" ordinal="0" offset="0" sl="338" sc="0" el="338" ec="0" bec="0" bev="0" fileid="58" />
                <SequencePoint vc="0" uspid="11039" ordinal="0" offset="1" sl="339" sc="0" el="339" ec="0" bec="0" bev="0" fileid="58" />
                <SequencePoint vc="0" uspid="11040" ordinal="0" offset="15" sl="340" sc="0" el="340" ec="0" bec="0" bev="0" fileid="58" />
              </SequencePoints>
              <BranchPoints />
            </Method>
            <Method visited="false" cyclomaticComplexity="1" nPathComplexity="0" sequenceCoverage="0.0" branchCoverage="0" crapScore="2" isConstructor="false" isStatic="false" isGetter="false" isSetter="false">
              <Summary numSequencePoints="3" visitedSequencePoints="0" numBranchPoints="0" visitedBranchPoints="0" sequenceCoverage="0.0" branchCoverage="0" maxCyclomaticComplexity="1" minCyclomaticComplexity="1" maxCrapScore="2" minCrapScore="2" visitedClasses="0" numClasses="0" visitedMethods="0" numMethods="1" />
              <MetadataToken>100664092</MetadataToken>
              <Name>System.Int32 Cr7Sund.EventBus.Impl.GenericEventBus[TBaseEvent]/EventListeners[TEvent]/Listener::CompareTo(Cr7Sund.EventBus.Impl.GenericEventBus[TBaseEvent]/EventListeners[TEvent]/Listener)</Name>
              <FileRef uid="58" />
              <SequencePoints>
                <SequencePoint vc="0" uspid="11041" ordinal="0" offset="0" sl="343" sc="0" el="343" ec="0" bec="0" bev="0" fileid="58" />
                <SequencePoint vc="0" uspid="11042" ordinal="0" offset="1" sl="344" sc="0" el="344" ec="0" bec="0" bev="0" fileid="58" />
                <SequencePoint vc="0" uspid="11043" ordinal="0" offset="22" sl="345" sc="0" el="345" ec="0" bec="0" bev="0" fileid="58" />
              </SequencePoints>
              <BranchPoints />
            </Method>
            <Method visited="false" cyclomaticComplexity="1" nPathComplexity="0" sequenceCoverage="0.0" branchCoverage="0" crapScore="2" isConstructor="true" isStatic="false" isGetter="false" isSetter="false">
              <Summary numSequencePoints="4" visitedSequencePoints="0" numBranchPoints="0" visitedBranchPoints="0" sequenceCoverage="0.0" branchCoverage="0" maxCyclomaticComplexity="1" minCyclomaticComplexity="1" maxCrapScore="2" minCrapScore="2" visitedClasses="0" numClasses="0" visitedMethods="0" numMethods="1" />
              <MetadataToken>100664088</MetadataToken>
              <Name>Cr7Sund.EventBus.Impl.GenericEventBus[TBaseEvent]/EventListeners[TEvent]/Listener::Listener(Cr7Sund.EventBus.Api.EventHandler[TEvent], System.Single)</Name>
              <FileRef uid="58" />
              <SequencePoints>
                <SequencePoint vc="0" uspid="11044" ordinal="0" offset="0" sl="322" sc="0" el="322" ec="0" bec="0" bev="0" fileid="58" />
                <SequencePoint vc="0" uspid="11045" ordinal="0" offset="1" sl="323" sc="0" el="323" ec="0" bec="0" bev="0" fileid="58" />
                <SequencePoint vc="0" uspid="11046" ordinal="0" offset="8" sl="324" sc="0" el="324" ec="0" bec="0" bev="0" fileid="58" />
                <SequencePoint vc="0" uspid="11047" ordinal="0" offset="15" sl="325" sc="0" el="325" ec="0" bec="0" bev="0" fileid="58" />
              </SequencePoints>
              <BranchPoints />
            </Method>
          </Methods>
        </Class>
        <Class>
          <Summary numSequencePoints="15" visitedSequencePoints="0" numBranchPoints="0" visitedBranchPoints="0" sequenceCoverage="0.0" branchCoverage="0.0" maxCyclomaticComplexity="2" minCyclomaticComplexity="1" maxCrapScore="6" minCrapScore="2" visitedClasses="0" numClasses="1" visitedMethods="0" numMethods="6" />
          <FullName>Cr7Sund.EventBus.Impl.GenericEventBus[TBaseEvent]/EventListeners[TEvent]/Enumerator</FullName>
          <Methods>
            <Method visited="false" cyclomaticComplexity="1" nPathComplexity="0" sequenceCoverage="0.0" branchCoverage="0" crapScore="2" isConstructor="false" isStatic="false" isGetter="true" isSetter="false">
              <Summary numSequencePoints="1" visitedSequencePoints="0" numBranchPoints="0" visitedBranchPoints="0" sequenceCoverage="0.0" branchCoverage="0" maxCyclomaticComplexity="1" minCyclomaticComplexity="1" maxCrapScore="2" minCrapScore="2" visitedClasses="0" numClasses="0" visitedMethods="0" numMethods="1" />
              <MetadataToken>100664093</MetadataToken>
              <Name>Cr7Sund.EventBus.Api.EventHandler[TEvent] Cr7Sund.EventBus.Impl.GenericEventBus[TBaseEvent]/EventListeners[TEvent]/Enumerator::get_Current()</Name>
              <FileRef uid="58" />
              <SequencePoints>
                <SequencePoint vc="0" uspid="11048" ordinal="0" offset="0" sl="369" sc="0" el="369" ec="0" bec="0" bev="0" fileid="58" />
              </SequencePoints>
              <BranchPoints />
            </Method>
            <Method visited="false" cyclomaticComplexity="1" nPathComplexity="0" sequenceCoverage="0.0" branchCoverage="0" crapScore="2" isConstructor="false" isStatic="false" isGetter="false" isSetter="true">
              <Summary numSequencePoints="1" visitedSequencePoints="0" numBranchPoints="0" visitedBranchPoints="0" sequenceCoverage="0.0" branchCoverage="0" maxCyclomaticComplexity="1" minCyclomaticComplexity="1" maxCrapScore="2" minCrapScore="2" visitedClasses="0" numClasses="0" visitedMethods="0" numMethods="1" />
              <MetadataToken>100664094</MetadataToken>
              <Name>System.Void Cr7Sund.EventBus.Impl.GenericEventBus[TBaseEvent]/EventListeners[TEvent]/Enumerator::set_Current(Cr7Sund.EventBus.Api.EventHandler[TEvent])</Name>
              <FileRef uid="58" />
              <SequencePoints>
                <SequencePoint vc="0" uspid="11049" ordinal="0" offset="0" sl="369" sc="0" el="369" ec="0" bec="0" bev="0" fileid="58" />
              </SequencePoints>
              <BranchPoints />
            </Method>
            <Method visited="false" cyclomaticComplexity="1" nPathComplexity="0" sequenceCoverage="0.0" branchCoverage="0" crapScore="2" isConstructor="false" isStatic="false" isGetter="false" isSetter="false">
              <Summary numSequencePoints="1" visitedSequencePoints="0" numBranchPoints="0" visitedBranchPoints="0" sequenceCoverage="0.0" branchCoverage="0" maxCyclomaticComplexity="1" minCyclomaticComplexity="1" maxCrapScore="2" minCrapScore="2" visitedClasses="0" numClasses="0" visitedMethods="0" numMethods="1" />
              <MetadataToken>100664095</MetadataToken>
              <Name>System.Object Cr7Sund.EventBus.Impl.GenericEventBus[TBaseEvent]/EventListeners[TEvent]/Enumerator.System.Collections.IEnumerator::get_Current()</Name>
              <FileRef uid="58" />
              <SequencePoints>
                <SequencePoint vc="0" uspid="11050" ordinal="0" offset="0" sl="370" sc="0" el="370" ec="0" bec="0" bev="0" fileid="58" />
              </SequencePoints>
              <BranchPoints />
            </Method>
            <Method visited="false" cyclomaticComplexity="2" nPathComplexity="0" sequenceCoverage="0.0" branchCoverage="0" crapScore="6" isConstructor="false" isStatic="false" isGetter="false" isSetter="false">
              <Summary numSequencePoints="6" visitedSequencePoints="0" numBranchPoints="0" visitedBranchPoints="0" sequenceCoverage="0.0" branchCoverage="0" maxCyclomaticComplexity="2" minCyclomaticComplexity="2" maxCrapScore="6" minCrapScore="6" visitedClasses="0" numClasses="0" visitedMethods="0" numMethods="1" />
              <MetadataToken>100664096</MetadataToken>
              <Name>System.Boolean Cr7Sund.EventBus.Impl.GenericEventBus[TBaseEvent]/EventListeners[TEvent]/Enumerator::MoveNext()</Name>
              <FileRef uid="58" />
              <SequencePoints>
                <SequencePoint vc="0" uspid="11051" ordinal="0" offset="0" sl="373" sc="0" el="373" ec="0" bec="0" bev="0" fileid="58" />
                <SequencePoint vc="0" uspid="11052" ordinal="0" offset="1" sl="374" sc="0" el="374" ec="0" bec="0" bev="0" fileid="58" />
                <SequencePoint vc="0" uspid="11053" ordinal="0" offset="32" sl="374" sc="0" el="374" ec="0" bec="0" bev="0" fileid="58" />
                <SequencePoint vc="0" uspid="11054" ordinal="0" offset="36" sl="376" sc="0" el="376" ec="0" bec="0" bev="0" fileid="58" />
                <SequencePoint vc="0" uspid="11055" ordinal="0" offset="81" sl="377" sc="0" el="377" ec="0" bec="0" bev="0" fileid="58" />
                <SequencePoint vc="0" uspid="11056" ordinal="0" offset="85" sl="378" sc="0" el="378" ec="0" bec="0" bev="0" fileid="58" />
              </SequencePoints>
              <BranchPoints />
            </Method>
            <Method visited="false" cyclomaticComplexity="1" nPathComplexity="0" sequenceCoverage="0.0" branchCoverage="0" crapScore="2" isConstructor="false" isStatic="false" isGetter="false" isSetter="false">
              <Summary numSequencePoints="4" visitedSequencePoints="0" numBranchPoints="0" visitedBranchPoints="0" sequenceCoverage="0.0" branchCoverage="0" maxCyclomaticComplexity="1" minCyclomaticComplexity="1" maxCrapScore="2" minCrapScore="2" visitedClasses="0" numClasses="0" visitedMethods="0" numMethods="1" />
              <MetadataToken>100664097</MetadataToken>
              <Name>System.Void Cr7Sund.EventBus.Impl.GenericEventBus[TBaseEvent]/EventListeners[TEvent]/Enumerator::Dispose()</Name>
              <FileRef uid="58" />
              <SequencePoints>
                <SequencePoint vc="0" uspid="11057" ordinal="0" offset="0" sl="381" sc="0" el="381" ec="0" bec="0" bev="0" fileid="58" />
                <SequencePoint vc="0" uspid="11058" ordinal="0" offset="1" sl="382" sc="0" el="382" ec="0" bec="0" bev="0" fileid="58" />
                <SequencePoint vc="0" uspid="11059" ordinal="0" offset="13" sl="383" sc="0" el="383" ec="0" bec="0" bev="0" fileid="58" />
                <SequencePoint vc="0" uspid="11060" ordinal="0" offset="31" sl="384" sc="0" el="384" ec="0" bec="0" bev="0" fileid="58" />
              </SequencePoints>
              <BranchPoints />
            </Method>
            <Method visited="false" cyclomaticComplexity="1" nPathComplexity="0" sequenceCoverage="0.0" branchCoverage="0" crapScore="2" isConstructor="false" isStatic="false" isGetter="false" isSetter="false">
              <Summary numSequencePoints="2" visitedSequencePoints="0" numBranchPoints="0" visitedBranchPoints="0" sequenceCoverage="0.0" branchCoverage="0" maxCyclomaticComplexity="1" minCyclomaticComplexity="1" maxCrapScore="2" minCrapScore="2" visitedClasses="0" numClasses="0" visitedMethods="0" numMethods="1" />
              <MetadataToken>100664098</MetadataToken>
              <Name>System.Void Cr7Sund.EventBus.Impl.GenericEventBus[TBaseEvent]/EventListeners[TEvent]/Enumerator::Reset()</Name>
              <FileRef uid="58" />
              <SequencePoints>
                <SequencePoint vc="0" uspid="11061" ordinal="0" offset="0" sl="387" sc="0" el="387" ec="0" bec="0" bev="0" fileid="58" />
                <SequencePoint vc="0" uspid="11062" ordinal="0" offset="1" sl="388" sc="0" el="388" ec="0" bec="0" bev="0" fileid="58" />
              </SequencePoints>
              <BranchPoints />
            </Method>
          </Methods>
        </Class>
      </Classes>
    </Module>
  </Modules>
</CoverageSession>