<?xml version="1.0" encoding="utf-8"?>
<CoverageSession xmlns:xsd="http://www.w3.org/2001/XMLSchema" xmlns:xsi="http://www.w3.org/2001/XMLSchema-instance" Version="0.0.0.0">
  <Summary numSequencePoints="1915" visitedSequencePoints="0" numBranchPoints="0" visitedBranchPoints="0" sequenceCoverage="0.0" branchCoverage="0.0" maxCyclomaticComplexity="10" minCyclomaticComplexity="1" maxCrapScore="110" minCrapScore="2" visitedClasses="0" numClasses="65" visitedMethods="0" numMethods="327" />
  <Modules>
    <Module>
      <Summary numSequencePoints="910" visitedSequencePoints="0" numBranchPoints="0" visitedBranchPoints="0" sequenceCoverage="0.0" branchCoverage="0.0" maxCyclomaticComplexity="10" minCyclomaticComplexity="1" maxCrapScore="110" minCrapScore="2" visitedClasses="0" numClasses="41" visitedMethods="0" numMethods="169" />
      <ModuleTime>0001-01-01T00:00:00</ModuleTime>
      <ModuleName>Cr7Sund.FrameWork.Core</ModuleName>
      <Files>
        <File uid="1" fullPath="C:/Users/liux4/Documents/UnityProjects/MinFrameWork/Assets/Packages/FrameWork/Core/Marco/MacroDefine.cs" />
        <File uid="2" fullPath="C:/Users/liux4/Documents/UnityProjects/MinFrameWork/Assets/Packages/FrameWork/Core/Utils/Exceptions/ExceptionEventArgs.cs" />
        <File uid="3" fullPath="C:/Users/liux4/Documents/UnityProjects/MinFrameWork/Assets/Packages/FrameWork/Core/Utils/Extensions/ArrayExt.cs" />
        <File uid="4" fullPath="C:/Users/liux4/Documents/UnityProjects/MinFrameWork/Assets/Packages/FrameWork/Core/Utils/Extensions/EnumerableExt.cs" />
        <File uid="5" fullPath="C:/Users/liux4/Documents/UnityProjects/MinFrameWork/Assets/Packages/FrameWork/Core/Utils/Utility/AssertUtil.cs" />
        <File uid="6" fullPath="C:/Users/liux4/Documents/UnityProjects/MinFrameWork/Assets/Packages/FrameWork/Core/Utils/Utility/MyException.cs" />
        <File uid="7" fullPath="C:/Users/liux4/Documents/UnityProjects/MinFrameWork/Assets/Packages/FrameWork/Core/Utils/Utility/TimeUtil.cs" />
        <File uid="8" fullPath="C:/Users/liux4/Documents/UnityProjects/MinFrameWork/Assets/Packages/FrameWork/Core/Binder/Impls/Binder.cs" />
        <File uid="9" fullPath="C:/Users/liux4/Documents/UnityProjects/MinFrameWork/Assets/Packages/FrameWork/Core/Binder/Impls/Binding.cs" />
        <File uid="10" fullPath="C:/Users/liux4/Documents/UnityProjects/MinFrameWork/Assets/Packages/FrameWork/Core/Binder/Impls/SemiBinding.cs" />
        <File uid="11" fullPath="C:/Users/liux4/Documents/UnityProjects/MinFrameWork/Assets/Packages/FrameWork/Core/Promise/Impls/Promise.cs" />
        <File uid="12" fullPath="C:/Users/liux4/Documents/UnityProjects/MinFrameWork/Assets/Packages/FrameWork/Core/Promise/Impls/PromiseGroupException.cs" />
        <File uid="13" fullPath="C:/Users/liux4/Documents/UnityProjects/MinFrameWork/Assets/Packages/FrameWork/Core/Promise/Impls/PromiseHelpers.cs" />
        <File uid="14" fullPath="C:/Users/liux4/Documents/UnityProjects/MinFrameWork/Assets/Packages/FrameWork/Core/Promise/Impls/Promise_NoGeneric.cs" />
      </Files>
      <Classes>
        <Class>
          <Summary numSequencePoints="31" visitedSequencePoints="0" numBranchPoints="0" visitedBranchPoints="0" sequenceCoverage="0.0" branchCoverage="0.0" maxCyclomaticComplexity="4" minCyclomaticComplexity="2" maxCrapScore="20" minCrapScore="6" visitedClasses="0" numClasses="1" visitedMethods="0" numMethods="3" />
          <FullName>Cr7Sund.Framework.Util.ArrayExt</FullName>
          <Methods>
            <Method visited="false" cyclomaticComplexity="4" nPathComplexity="0" sequenceCoverage="0.0" branchCoverage="0" crapScore="20" isConstructor="false" isStatic="true" isGetter="false" isSetter="false">
              <Summary numSequencePoints="14" visitedSequencePoints="0" numBranchPoints="0" visitedBranchPoints="0" sequenceCoverage="0.0" branchCoverage="0" maxCyclomaticComplexity="4" minCyclomaticComplexity="4" maxCrapScore="20" minCrapScore="20" visitedClasses="0" numClasses="0" visitedMethods="0" numMethods="1" />
              <MetadataToken>100663321</MetadataToken>
              <Name>static System.Void Cr7Sund.Framework.Util.ArrayExt::SpliceValueAt[T](, System.Int32, System.Int32&amp;)</Name>
              <FileRef uid="3" />
              <SequencePoints>
                <SequencePoint vc="0" uspid="44" ordinal="0" offset="0" sl="8" sc="0" el="8" ec="0" bec="0" bev="0" fileid="3" />
                <SequencePoint vc="0" uspid="45" ordinal="0" offset="1" sl="9" sc="0" el="9" ec="0" bec="0" bev="0" fileid="3" />
                <SequencePoint vc="0" uspid="46" ordinal="0" offset="14" sl="10" sc="0" el="10" ec="0" bec="0" bev="0" fileid="3" />
                <SequencePoint vc="0" uspid="47" ordinal="0" offset="15" sl="11" sc="0" el="11" ec="0" bec="0" bev="0" fileid="3" />
                <SequencePoint vc="0" uspid="48" ordinal="0" offset="21" sl="13" sc="0" el="13" ec="0" bec="0" bev="0" fileid="3" />
                <SequencePoint vc="0" uspid="49" ordinal="0" offset="27" sl="14" sc="0" el="14" ec="0" bec="0" bev="0" fileid="3" />
                <SequencePoint vc="0" uspid="50" ordinal="0" offset="36" sl="15" sc="0" el="15" ec="0" bec="0" bev="0" fileid="3" />
                <SequencePoint vc="0" uspid="51" ordinal="0" offset="37" sl="16" sc="0" el="16" ec="0" bec="0" bev="0" fileid="3" />
                <SequencePoint vc="0" uspid="52" ordinal="0" offset="53" sl="17" sc="0" el="17" ec="0" bec="0" bev="0" fileid="3" />
                <SequencePoint vc="0" uspid="53" ordinal="0" offset="54" sl="18" sc="0" el="18" ec="0" bec="0" bev="0" fileid="3" />
                <SequencePoint vc="0" uspid="54" ordinal="0" offset="76" sl="19" sc="0" el="19" ec="0" bec="0" bev="0" fileid="3" />
                <SequencePoint vc="0" uspid="55" ordinal="0" offset="77" sl="20" sc="0" el="20" ec="0" bec="0" bev="0" fileid="3" />
                <SequencePoint vc="0" uspid="56" ordinal="0" offset="94" sl="21" sc="0" el="21" ec="0" bec="0" bev="0" fileid="3" />
                <SequencePoint vc="0" uspid="57" ordinal="0" offset="95" sl="22" sc="0" el="22" ec="0" bec="0" bev="0" fileid="3" />
              </SequencePoints>
              <BranchPoints />
            </Method>
            <Method visited="false" cyclomaticComplexity="2" nPathComplexity="0" sequenceCoverage="0.0" branchCoverage="0" crapScore="6" isConstructor="false" isStatic="true" isGetter="false" isSetter="false">
              <Summary numSequencePoints="3" visitedSequencePoints="0" numBranchPoints="0" visitedBranchPoints="0" sequenceCoverage="0.0" branchCoverage="0" maxCyclomaticComplexity="2" minCyclomaticComplexity="2" maxCrapScore="6" minCrapScore="6" visitedClasses="0" numClasses="0" visitedMethods="0" numMethods="1" />
              <MetadataToken>100663322</MetadataToken>
              <Name>static System.Boolean Cr7Sund.Framework.Util.ArrayExt::Contains[T](, T)</Name>
              <FileRef uid="3" />
              <SequencePoints>
                <SequencePoint vc="0" uspid="58" ordinal="0" offset="0" sl="25" sc="0" el="25" ec="0" bec="0" bev="0" fileid="3" />
                <SequencePoint vc="0" uspid="59" ordinal="0" offset="1" sl="26" sc="0" el="26" ec="0" bec="0" bev="0" fileid="3" />
                <SequencePoint vc="0" uspid="60" ordinal="0" offset="23" sl="27" sc="0" el="27" ec="0" bec="0" bev="0" fileid="3" />
              </SequencePoints>
              <BranchPoints />
            </Method>
            <Method visited="false" cyclomaticComplexity="4" nPathComplexity="0" sequenceCoverage="0.0" branchCoverage="0" crapScore="20" isConstructor="false" isStatic="true" isGetter="false" isSetter="false">
              <Summary numSequencePoints="14" visitedSequencePoints="0" numBranchPoints="0" visitedBranchPoints="0" sequenceCoverage="0.0" branchCoverage="0" maxCyclomaticComplexity="4" minCyclomaticComplexity="4" maxCrapScore="20" minCrapScore="20" visitedClasses="0" numClasses="0" visitedMethods="0" numMethods="1" />
              <MetadataToken>100663323</MetadataToken>
              <Name>static System.Int32 Cr7Sund.Framework.Util.ArrayExt::FindMatchIndex[T](, T)</Name>
              <FileRef uid="3" />
              <SequencePoints>
                <SequencePoint vc="0" uspid="61" ordinal="0" offset="0" sl="30" sc="0" el="30" ec="0" bec="0" bev="0" fileid="3" />
                <SequencePoint vc="0" uspid="62" ordinal="0" offset="1" sl="31" sc="0" el="31" ec="0" bec="0" bev="0" fileid="3" />
                <SequencePoint vc="0" uspid="63" ordinal="0" offset="9" sl="31" sc="0" el="31" ec="0" bec="0" bev="0" fileid="3" />
                <SequencePoint vc="0" uspid="64" ordinal="0" offset="13" sl="33" sc="0" el="33" ec="0" bec="0" bev="0" fileid="3" />
                <SequencePoint vc="0" uspid="65" ordinal="0" offset="17" sl="34" sc="0" el="34" ec="0" bec="0" bev="0" fileid="3" />
                <SequencePoint vc="0" uspid="66" ordinal="0" offset="18" sl="35" sc="0" el="35" ec="0" bec="0" bev="0" fileid="3" />
                <SequencePoint vc="0" uspid="67" ordinal="0" offset="26" sl="36" sc="0" el="36" ec="0" bec="0" bev="0" fileid="3" />
                <SequencePoint vc="0" uspid="68" ordinal="0" offset="51" sl="37" sc="0" el="37" ec="0" bec="0" bev="0" fileid="3" />
                <SequencePoint vc="0" uspid="69" ordinal="0" offset="52" sl="38" sc="0" el="38" ec="0" bec="0" bev="0" fileid="3" />
                <SequencePoint vc="0" uspid="70" ordinal="0" offset="56" sl="40" sc="0" el="40" ec="0" bec="0" bev="0" fileid="3" />
                <SequencePoint vc="0" uspid="71" ordinal="0" offset="57" sl="33" sc="0" el="33" ec="0" bec="0" bev="0" fileid="3" />
                <SequencePoint vc="0" uspid="72" ordinal="0" offset="61" sl="33" sc="0" el="33" ec="0" bec="0" bev="0" fileid="3" />
                <SequencePoint vc="0" uspid="73" ordinal="0" offset="73" sl="42" sc="0" el="42" ec="0" bec="0" bev="0" fileid="3" />
                <SequencePoint vc="0" uspid="74" ordinal="0" offset="77" sl="43" sc="0" el="43" ec="0" bec="0" bev="0" fileid="3" />
              </SequencePoints>
              <BranchPoints />
            </Method>
          </Methods>
        </Class>
        <Class>
          <Summary numSequencePoints="20" visitedSequencePoints="0" numBranchPoints="0" visitedBranchPoints="0" sequenceCoverage="0.0" branchCoverage="0.0" maxCyclomaticComplexity="3" minCyclomaticComplexity="3" maxCrapScore="12" minCrapScore="12" visitedClasses="0" numClasses="1" visitedMethods="0" numMethods="2" />
          <FullName>Cr7Sund.Framework.Util.EnumerableExt</FullName>
          <Methods>
            <Method visited="false" cyclomaticComplexity="3" nPathComplexity="0" sequenceCoverage="0.0" branchCoverage="0" crapScore="12" isConstructor="false" isStatic="true" isGetter="false" isSetter="false">
              <Summary numSequencePoints="9" visitedSequencePoints="0" numBranchPoints="0" visitedBranchPoints="0" sequenceCoverage="0.0" branchCoverage="0" maxCyclomaticComplexity="3" minCyclomaticComplexity="3" maxCrapScore="12" minCrapScore="12" visitedClasses="0" numClasses="0" visitedMethods="0" numMethods="1" />
              <MetadataToken>100663324</MetadataToken>
              <Name>static System.Void Cr7Sund.Framework.Util.EnumerableExt::Each[T](System.Collections.Generic.IEnumerable[T], System.Action[T])</Name>
              <FileRef uid="4" />
              <SequencePoints>
                <SequencePoint vc="0" uspid="75" ordinal="0" offset="0" sl="11" sc="0" el="11" ec="0" bec="0" bev="0" fileid="4" />
                <SequencePoint vc="0" uspid="76" ordinal="0" offset="1" sl="12" sc="0" el="12" ec="0" bec="0" bev="0" fileid="4" />
                <SequencePoint vc="0" uspid="77" ordinal="0" offset="2" sl="12" sc="0" el="12" ec="0" bec="0" bev="0" fileid="4" />
                <SequencePoint vc="0" uspid="78" ordinal="0" offset="11" sl="12" sc="0" el="12" ec="0" bec="0" bev="0" fileid="4" />
                <SequencePoint vc="0" uspid="79" ordinal="0" offset="18" sl="13" sc="0" el="13" ec="0" bec="0" bev="0" fileid="4" />
                <SequencePoint vc="0" uspid="80" ordinal="0" offset="19" sl="14" sc="0" el="14" ec="0" bec="0" bev="0" fileid="4" />
                <SequencePoint vc="0" uspid="81" ordinal="0" offset="27" sl="15" sc="0" el="15" ec="0" bec="0" bev="0" fileid="4" />
                <SequencePoint vc="0" uspid="82" ordinal="0" offset="28" sl="12" sc="0" el="12" ec="0" bec="0" bev="0" fileid="4" />
                <SequencePoint vc="0" uspid="83" ordinal="0" offset="49" sl="16" sc="0" el="16" ec="0" bec="0" bev="0" fileid="4" />
              </SequencePoints>
              <BranchPoints />
            </Method>
            <Method visited="false" cyclomaticComplexity="3" nPathComplexity="0" sequenceCoverage="0.0" branchCoverage="0" crapScore="12" isConstructor="false" isStatic="true" isGetter="false" isSetter="false">
              <Summary numSequencePoints="11" visitedSequencePoints="0" numBranchPoints="0" visitedBranchPoints="0" sequenceCoverage="0.0" branchCoverage="0" maxCyclomaticComplexity="3" minCyclomaticComplexity="3" maxCrapScore="12" minCrapScore="12" visitedClasses="0" numClasses="0" visitedMethods="0" numMethods="1" />
              <MetadataToken>100663325</MetadataToken>
              <Name>static System.Void Cr7Sund.Framework.Util.EnumerableExt::Each[T](System.Collections.Generic.IEnumerable[T], System.Action[T,Int32])</Name>
              <FileRef uid="4" />
              <SequencePoints>
                <SequencePoint vc="0" uspid="84" ordinal="0" offset="0" sl="19" sc="0" el="19" ec="0" bec="0" bev="0" fileid="4" />
                <SequencePoint vc="0" uspid="85" ordinal="0" offset="1" sl="20" sc="0" el="20" ec="0" bec="0" bev="0" fileid="4" />
                <SequencePoint vc="0" uspid="86" ordinal="0" offset="3" sl="22" sc="0" el="22" ec="0" bec="0" bev="0" fileid="4" />
                <SequencePoint vc="0" uspid="87" ordinal="0" offset="4" sl="22" sc="0" el="22" ec="0" bec="0" bev="0" fileid="4" />
                <SequencePoint vc="0" uspid="88" ordinal="0" offset="13" sl="22" sc="0" el="22" ec="0" bec="0" bev="0" fileid="4" />
                <SequencePoint vc="0" uspid="89" ordinal="0" offset="20" sl="23" sc="0" el="23" ec="0" bec="0" bev="0" fileid="4" />
                <SequencePoint vc="0" uspid="90" ordinal="0" offset="21" sl="24" sc="0" el="24" ec="0" bec="0" bev="0" fileid="4" />
                <SequencePoint vc="0" uspid="91" ordinal="0" offset="30" sl="25" sc="0" el="25" ec="0" bec="0" bev="0" fileid="4" />
                <SequencePoint vc="0" uspid="92" ordinal="0" offset="34" sl="26" sc="0" el="26" ec="0" bec="0" bev="0" fileid="4" />
                <SequencePoint vc="0" uspid="93" ordinal="0" offset="35" sl="22" sc="0" el="22" ec="0" bec="0" bev="0" fileid="4" />
                <SequencePoint vc="0" uspid="94" ordinal="0" offset="56" sl="27" sc="0" el="27" ec="0" bec="0" bev="0" fileid="4" />
              </SequencePoints>
              <BranchPoints />
            </Method>
          </Methods>
        </Class>
        <Class>
          <Summary numSequencePoints="64" visitedSequencePoints="0" numBranchPoints="0" visitedBranchPoints="0" sequenceCoverage="0.0" branchCoverage="0.0" maxCyclomaticComplexity="4" minCyclomaticComplexity="1" maxCrapScore="20" minCrapScore="2" visitedClasses="0" numClasses="1" visitedMethods="0" numMethods="14" />
          <FullName>Cr7Sund.Framework.Util.AssertUtil</FullName>
          <Methods>
            <Method visited="false" cyclomaticComplexity="1" nPathComplexity="0" sequenceCoverage="0.0" branchCoverage="0" crapScore="2" isConstructor="false" isStatic="true" isGetter="false" isSetter="false">
              <Summary numSequencePoints="3" visitedSequencePoints="0" numBranchPoints="0" visitedBranchPoints="0" sequenceCoverage="0.0" branchCoverage="0" maxCyclomaticComplexity="1" minCyclomaticComplexity="1" maxCrapScore="2" minCrapScore="2" visitedClasses="0" numClasses="0" visitedMethods="0" numMethods="1" />
              <MetadataToken>100663327</MetadataToken>
              <Name>static System.Void Cr7Sund.Framework.Util.AssertUtil::InRange[T](T, T, T)</Name>
              <FileRef uid="5" />
              <SequencePoints>
                <SequencePoint vc="0" uspid="95" ordinal="0" offset="0" sl="32" sc="0" el="32" ec="0" bec="0" bev="0" fileid="5" />
                <SequencePoint vc="0" uspid="96" ordinal="0" offset="1" sl="33" sc="0" el="33" ec="0" bec="0" bev="0" fileid="5" />
                <SequencePoint vc="0" uspid="97" ordinal="0" offset="15" sl="34" sc="0" el="34" ec="0" bec="0" bev="0" fileid="5" />
              </SequencePoints>
              <BranchPoints />
            </Method>
            <Method visited="false" cyclomaticComplexity="3" nPathComplexity="0" sequenceCoverage="0.0" branchCoverage="0" crapScore="12" isConstructor="false" isStatic="true" isGetter="false" isSetter="false">
              <Summary numSequencePoints="5" visitedSequencePoints="0" numBranchPoints="0" visitedBranchPoints="0" sequenceCoverage="0.0" branchCoverage="0" maxCyclomaticComplexity="3" minCyclomaticComplexity="3" maxCrapScore="12" minCrapScore="12" visitedClasses="0" numClasses="0" visitedMethods="0" numMethods="1" />
              <MetadataToken>100663328</MetadataToken>
              <Name>static System.Void Cr7Sund.Framework.Util.AssertUtil::InRange[T](T, T, T, System.Collections.Generic.IComparer[T])</Name>
              <FileRef uid="5" />
              <SequencePoints>
                <SequencePoint vc="0" uspid="98" ordinal="0" offset="0" sl="37" sc="0" el="37" ec="0" bec="0" bev="0" fileid="5" />
                <SequencePoint vc="0" uspid="99" ordinal="0" offset="1" sl="39" sc="0" el="39" ec="0" bec="0" bev="0" fileid="5" />
                <SequencePoint vc="0" uspid="100" ordinal="0" offset="30" sl="40" sc="0" el="40" ec="0" bec="0" bev="0" fileid="5" />
                <SequencePoint vc="0" uspid="101" ordinal="0" offset="31" sl="41" sc="0" el="41" ec="0" bec="0" bev="0" fileid="5" />
                <SequencePoint vc="0" uspid="102" ordinal="0" offset="65" sl="43" sc="0" el="43" ec="0" bec="0" bev="0" fileid="5" />
              </SequencePoints>
              <BranchPoints />
            </Method>
            <Method visited="false" cyclomaticComplexity="1" nPathComplexity="0" sequenceCoverage="0.0" branchCoverage="0" crapScore="2" isConstructor="false" isStatic="true" isGetter="false" isSetter="false">
              <Summary numSequencePoints="3" visitedSequencePoints="0" numBranchPoints="0" visitedBranchPoints="0" sequenceCoverage="0.0" branchCoverage="0" maxCyclomaticComplexity="1" minCyclomaticComplexity="1" maxCrapScore="2" minCrapScore="2" visitedClasses="0" numClasses="0" visitedMethods="0" numMethods="1" />
              <MetadataToken>100663329</MetadataToken>
              <Name>static System.Collections.Generic.IComparer[T] Cr7Sund.Framework.Util.AssertUtil::GetComparer[T]()</Name>
              <FileRef uid="5" />
              <SequencePoints>
                <SequencePoint vc="0" uspid="103" ordinal="0" offset="0" sl="46" sc="0" el="46" ec="0" bec="0" bev="0" fileid="5" />
                <SequencePoint vc="0" uspid="104" ordinal="0" offset="1" sl="47" sc="0" el="47" ec="0" bec="0" bev="0" fileid="5" />
                <SequencePoint vc="0" uspid="105" ordinal="0" offset="9" sl="48" sc="0" el="48" ec="0" bec="0" bev="0" fileid="5" />
              </SequencePoints>
              <BranchPoints />
            </Method>
            <Method visited="false" cyclomaticComplexity="2" nPathComplexity="0" sequenceCoverage="0.0" branchCoverage="0" crapScore="6" isConstructor="false" isStatic="true" isGetter="false" isSetter="false">
              <Summary numSequencePoints="5" visitedSequencePoints="0" numBranchPoints="0" visitedBranchPoints="0" sequenceCoverage="0.0" branchCoverage="0" maxCyclomaticComplexity="2" minCyclomaticComplexity="2" maxCrapScore="6" minCrapScore="6" visitedClasses="0" numClasses="0" visitedMethods="0" numMethods="1" />
              <MetadataToken>100663331</MetadataToken>
              <Name>static System.Void Cr7Sund.Framework.Util.AssertUtil::NotNull[TEnum](System.Object, TEnum)</Name>
              <FileRef uid="5" />
              <SequencePoints>
                <SequencePoint vc="0" uspid="111" ordinal="0" offset="0" sl="94" sc="0" el="94" ec="0" bec="0" bev="0" fileid="5" />
                <SequencePoint vc="0" uspid="112" ordinal="0" offset="1" sl="95" sc="0" el="95" ec="0" bec="0" bev="0" fileid="5" />
                <SequencePoint vc="0" uspid="113" ordinal="0" offset="9" sl="96" sc="0" el="96" ec="0" bec="0" bev="0" fileid="5" />
                <SequencePoint vc="0" uspid="114" ordinal="0" offset="10" sl="97" sc="0" el="97" ec="0" bec="0" bev="0" fileid="5" />
                <SequencePoint vc="0" uspid="115" ordinal="0" offset="22" sl="99" sc="0" el="99" ec="0" bec="0" bev="0" fileid="5" />
              </SequencePoints>
              <BranchPoints />
            </Method>
            <Method visited="false" cyclomaticComplexity="4" nPathComplexity="0" sequenceCoverage="0.0" branchCoverage="0" crapScore="20" isConstructor="false" isStatic="true" isGetter="false" isSetter="false">
              <Summary numSequencePoints="5" visitedSequencePoints="0" numBranchPoints="0" visitedBranchPoints="0" sequenceCoverage="0.0" branchCoverage="0" maxCyclomaticComplexity="4" minCyclomaticComplexity="4" maxCrapScore="20" minCrapScore="20" visitedClasses="0" numClasses="0" visitedMethods="0" numMethods="1" />
              <MetadataToken>100663333</MetadataToken>
              <Name>static System.Void Cr7Sund.Framework.Util.AssertUtil::IsInstanceOf[T](System.Object)</Name>
              <FileRef uid="5" />
              <SequencePoints>
                <SequencePoint vc="0" uspid="121" ordinal="0" offset="0" sl="110" sc="0" el="110" ec="0" bec="0" bev="0" fileid="5" />
                <SequencePoint vc="0" uspid="122" ordinal="0" offset="1" sl="111" sc="0" el="111" ec="0" bec="0" bev="0" fileid="5" />
                <SequencePoint vc="0" uspid="123" ordinal="0" offset="24" sl="112" sc="0" el="112" ec="0" bec="0" bev="0" fileid="5" />
                <SequencePoint vc="0" uspid="124" ordinal="0" offset="25" sl="113" sc="0" el="113" ec="0" bec="0" bev="0" fileid="5" />
                <SequencePoint vc="0" uspid="125" ordinal="0" offset="63" sl="115" sc="0" el="115" ec="0" bec="0" bev="0" fileid="5" />
              </SequencePoints>
              <BranchPoints />
            </Method>
            <Method visited="false" cyclomaticComplexity="2" nPathComplexity="0" sequenceCoverage="0.0" branchCoverage="0" crapScore="6" isConstructor="false" isStatic="true" isGetter="false" isSetter="false">
              <Summary numSequencePoints="5" visitedSequencePoints="0" numBranchPoints="0" visitedBranchPoints="0" sequenceCoverage="0.0" branchCoverage="0" maxCyclomaticComplexity="2" minCyclomaticComplexity="2" maxCrapScore="6" minCrapScore="6" visitedClasses="0" numClasses="0" visitedMethods="0" numMethods="1" />
              <MetadataToken>100663334</MetadataToken>
              <Name>static System.Void Cr7Sund.Framework.Util.AssertUtil::IsInstanceOf[T, TEnum](System.Object, TEnum)</Name>
              <FileRef uid="5" />
              <SequencePoints>
                <SequencePoint vc="0" uspid="126" ordinal="0" offset="0" sl="118" sc="0" el="118" ec="0" bec="0" bev="0" fileid="5" />
                <SequencePoint vc="0" uspid="127" ordinal="0" offset="1" sl="119" sc="0" el="119" ec="0" bec="0" bev="0" fileid="5" />
                <SequencePoint vc="0" uspid="128" ordinal="0" offset="24" sl="120" sc="0" el="120" ec="0" bec="0" bev="0" fileid="5" />
                <SequencePoint vc="0" uspid="129" ordinal="0" offset="25" sl="121" sc="0" el="121" ec="0" bec="0" bev="0" fileid="5" />
                <SequencePoint vc="0" uspid="130" ordinal="0" offset="37" sl="123" sc="0" el="123" ec="0" bec="0" bev="0" fileid="5" />
              </SequencePoints>
              <BranchPoints />
            </Method>
            <Method visited="false" cyclomaticComplexity="4" nPathComplexity="0" sequenceCoverage="0.0" branchCoverage="0" crapScore="20" isConstructor="false" isStatic="true" isGetter="false" isSetter="false">
              <Summary numSequencePoints="5" visitedSequencePoints="0" numBranchPoints="0" visitedBranchPoints="0" sequenceCoverage="0.0" branchCoverage="0" maxCyclomaticComplexity="4" minCyclomaticComplexity="4" maxCrapScore="20" minCrapScore="20" visitedClasses="0" numClasses="0" visitedMethods="0" numMethods="1" />
              <MetadataToken>100663336</MetadataToken>
              <Name>static System.Void Cr7Sund.Framework.Util.AssertUtil::IsInstanceOf[TEnum](System.Type, System.Object, TEnum)</Name>
              <FileRef uid="5" />
              <SequencePoints>
                <SequencePoint vc="0" uspid="136" ordinal="0" offset="0" sl="134" sc="0" el="134" ec="0" bec="0" bev="0" fileid="5" />
                <SequencePoint vc="0" uspid="137" ordinal="0" offset="1" sl="135" sc="0" el="135" ec="0" bec="0" bev="0" fileid="5" />
                <SequencePoint vc="0" uspid="138" ordinal="0" offset="15" sl="136" sc="0" el="136" ec="0" bec="0" bev="0" fileid="5" />
                <SequencePoint vc="0" uspid="139" ordinal="0" offset="16" sl="137" sc="0" el="137" ec="0" bec="0" bev="0" fileid="5" />
                <SequencePoint vc="0" uspid="140" ordinal="0" offset="57" sl="141" sc="0" el="141" ec="0" bec="0" bev="0" fileid="5" />
              </SequencePoints>
              <BranchPoints />
            </Method>
            <Method visited="false" cyclomaticComplexity="4" nPathComplexity="0" sequenceCoverage="0.0" branchCoverage="0" crapScore="20" isConstructor="false" isStatic="true" isGetter="false" isSetter="false">
              <Summary numSequencePoints="5" visitedSequencePoints="0" numBranchPoints="0" visitedBranchPoints="0" sequenceCoverage="0.0" branchCoverage="0" maxCyclomaticComplexity="4" minCyclomaticComplexity="4" maxCrapScore="20" minCrapScore="20" visitedClasses="0" numClasses="0" visitedMethods="0" numMethods="1" />
              <MetadataToken>100663337</MetadataToken>
              <Name>static System.Void Cr7Sund.Framework.Util.AssertUtil::IsAssignableFrom[TEnum](System.Type, System.Type, TEnum)</Name>
              <FileRef uid="5" />
              <SequencePoints>
                <SequencePoint vc="0" uspid="141" ordinal="0" offset="0" sl="144" sc="0" el="144" ec="0" bec="0" bev="0" fileid="5" />
                <SequencePoint vc="0" uspid="142" ordinal="0" offset="1" sl="145" sc="0" el="145" ec="0" bec="0" bev="0" fileid="5" />
                <SequencePoint vc="0" uspid="143" ordinal="0" offset="15" sl="146" sc="0" el="146" ec="0" bec="0" bev="0" fileid="5" />
                <SequencePoint vc="0" uspid="144" ordinal="0" offset="16" sl="147" sc="0" el="147" ec="0" bec="0" bev="0" fileid="5" />
                <SequencePoint vc="0" uspid="145" ordinal="0" offset="57" sl="151" sc="0" el="151" ec="0" bec="0" bev="0" fileid="5" />
              </SequencePoints>
              <BranchPoints />
            </Method>
            <Method visited="false" cyclomaticComplexity="2" nPathComplexity="0" sequenceCoverage="0.0" branchCoverage="0" crapScore="6" isConstructor="false" isStatic="true" isGetter="false" isSetter="false">
              <Summary numSequencePoints="4" visitedSequencePoints="0" numBranchPoints="0" visitedBranchPoints="0" sequenceCoverage="0.0" branchCoverage="0" maxCyclomaticComplexity="2" minCyclomaticComplexity="2" maxCrapScore="6" minCrapScore="6" visitedClasses="0" numClasses="0" visitedMethods="0" numMethods="1" />
              <MetadataToken>100663339</MetadataToken>
              <Name>static System.Void Cr7Sund.Framework.Util.AssertUtil::Greater[TEnum](System.Int32, System.Int32, TEnum)</Name>
              <FileRef uid="5" />
              <SequencePoints>
                <SequencePoint vc="0" uspid="150" ordinal="0" offset="0" sl="161" sc="0" el="161" ec="0" bec="0" bev="0" fileid="5" />
                <SequencePoint vc="0" uspid="151" ordinal="0" offset="1" sl="162" sc="0" el="162" ec="0" bec="0" bev="0" fileid="5" />
                <SequencePoint vc="0" uspid="152" ordinal="0" offset="12" sl="163" sc="0" el="163" ec="0" bec="0" bev="0" fileid="5" />
                <SequencePoint vc="0" uspid="153" ordinal="0" offset="24" sl="164" sc="0" el="164" ec="0" bec="0" bev="0" fileid="5" />
              </SequencePoints>
              <BranchPoints />
            </Method>
            <Method visited="false" cyclomaticComplexity="2" nPathComplexity="0" sequenceCoverage="0.0" branchCoverage="0" crapScore="6" isConstructor="false" isStatic="true" isGetter="false" isSetter="false">
              <Summary numSequencePoints="4" visitedSequencePoints="0" numBranchPoints="0" visitedBranchPoints="0" sequenceCoverage="0.0" branchCoverage="0" maxCyclomaticComplexity="2" minCyclomaticComplexity="2" maxCrapScore="6" minCrapScore="6" visitedClasses="0" numClasses="0" visitedMethods="0" numMethods="1" />
              <MetadataToken>100663341</MetadataToken>
              <Name>static System.Void Cr7Sund.Framework.Util.AssertUtil::LessOrEqual[TEnum](System.Int32, System.Int32, TEnum)</Name>
              <FileRef uid="5" />
              <SequencePoints>
                <SequencePoint vc="0" uspid="158" ordinal="0" offset="0" sl="173" sc="0" el="173" ec="0" bec="0" bev="0" fileid="5" />
                <SequencePoint vc="0" uspid="159" ordinal="0" offset="1" sl="174" sc="0" el="174" ec="0" bec="0" bev="0" fileid="5" />
                <SequencePoint vc="0" uspid="160" ordinal="0" offset="9" sl="175" sc="0" el="175" ec="0" bec="0" bev="0" fileid="5" />
                <SequencePoint vc="0" uspid="161" ordinal="0" offset="21" sl="176" sc="0" el="176" ec="0" bec="0" bev="0" fileid="5" />
              </SequencePoints>
              <BranchPoints />
            </Method>
            <Method visited="false" cyclomaticComplexity="2" nPathComplexity="0" sequenceCoverage="0.0" branchCoverage="0" crapScore="6" isConstructor="false" isStatic="true" isGetter="false" isSetter="false">
              <Summary numSequencePoints="5" visitedSequencePoints="0" numBranchPoints="0" visitedBranchPoints="0" sequenceCoverage="0.0" branchCoverage="0" maxCyclomaticComplexity="2" minCyclomaticComplexity="2" maxCrapScore="6" minCrapScore="6" visitedClasses="0" numClasses="0" visitedMethods="0" numMethods="1" />
              <MetadataToken>100663344</MetadataToken>
              <Name>static System.Void Cr7Sund.Framework.Util.AssertUtil::IsFalse[TEnum](System.Boolean, TEnum)</Name>
              <FileRef uid="5" />
              <SequencePoints>
                <SequencePoint vc="0" uspid="172" ordinal="0" offset="0" sl="195" sc="0" el="195" ec="0" bec="0" bev="0" fileid="5" />
                <SequencePoint vc="0" uspid="173" ordinal="0" offset="1" sl="196" sc="0" el="196" ec="0" bec="0" bev="0" fileid="5" />
                <SequencePoint vc="0" uspid="174" ordinal="0" offset="6" sl="197" sc="0" el="197" ec="0" bec="0" bev="0" fileid="5" />
                <SequencePoint vc="0" uspid="175" ordinal="0" offset="7" sl="198" sc="0" el="198" ec="0" bec="0" bev="0" fileid="5" />
                <SequencePoint vc="0" uspid="176" ordinal="0" offset="19" sl="201" sc="0" el="201" ec="0" bec="0" bev="0" fileid="5" />
              </SequencePoints>
              <BranchPoints />
            </Method>
            <Method visited="false" cyclomaticComplexity="2" nPathComplexity="0" sequenceCoverage="0.0" branchCoverage="0" crapScore="6" isConstructor="false" isStatic="true" isGetter="false" isSetter="false">
              <Summary numSequencePoints="5" visitedSequencePoints="0" numBranchPoints="0" visitedBranchPoints="0" sequenceCoverage="0.0" branchCoverage="0" maxCyclomaticComplexity="2" minCyclomaticComplexity="2" maxCrapScore="6" minCrapScore="6" visitedClasses="0" numClasses="0" visitedMethods="0" numMethods="1" />
              <MetadataToken>100663346</MetadataToken>
              <Name>static System.Void Cr7Sund.Framework.Util.AssertUtil::IsTrue[TEnum](System.Boolean, TEnum)</Name>
              <FileRef uid="5" />
              <SequencePoints>
                <SequencePoint vc="0" uspid="182" ordinal="0" offset="0" sl="212" sc="0" el="212" ec="0" bec="0" bev="0" fileid="5" />
                <SequencePoint vc="0" uspid="183" ordinal="0" offset="1" sl="213" sc="0" el="213" ec="0" bec="0" bev="0" fileid="5" />
                <SequencePoint vc="0" uspid="184" ordinal="0" offset="9" sl="214" sc="0" el="214" ec="0" bec="0" bev="0" fileid="5" />
                <SequencePoint vc="0" uspid="185" ordinal="0" offset="10" sl="215" sc="0" el="215" ec="0" bec="0" bev="0" fileid="5" />
                <SequencePoint vc="0" uspid="186" ordinal="0" offset="22" sl="218" sc="0" el="218" ec="0" bec="0" bev="0" fileid="5" />
              </SequencePoints>
              <BranchPoints />
            </Method>
            <Method visited="false" cyclomaticComplexity="2" nPathComplexity="0" sequenceCoverage="0.0" branchCoverage="0" crapScore="6" isConstructor="false" isStatic="true" isGetter="false" isSetter="false">
              <Summary numSequencePoints="5" visitedSequencePoints="0" numBranchPoints="0" visitedBranchPoints="0" sequenceCoverage="0.0" branchCoverage="0" maxCyclomaticComplexity="2" minCyclomaticComplexity="2" maxCrapScore="6" minCrapScore="6" visitedClasses="0" numClasses="0" visitedMethods="0" numMethods="1" />
              <MetadataToken>100663349</MetadataToken>
              <Name>static System.Void Cr7Sund.Framework.Util.AssertUtil::AreEqual[TEnum](System.Object, System.Object, TEnum)</Name>
              <FileRef uid="5" />
              <SequencePoints>
                <SequencePoint vc="0" uspid="197" ordinal="0" offset="0" sl="236" sc="0" el="236" ec="0" bec="0" bev="0" fileid="5" />
                <SequencePoint vc="0" uspid="198" ordinal="0" offset="1" sl="237" sc="0" el="237" ec="0" bec="0" bev="0" fileid="5" />
                <SequencePoint vc="0" uspid="199" ordinal="0" offset="15" sl="238" sc="0" el="238" ec="0" bec="0" bev="0" fileid="5" />
                <SequencePoint vc="0" uspid="200" ordinal="0" offset="16" sl="239" sc="0" el="239" ec="0" bec="0" bev="0" fileid="5" />
                <SequencePoint vc="0" uspid="201" ordinal="0" offset="28" sl="241" sc="0" el="241" ec="0" bec="0" bev="0" fileid="5" />
              </SequencePoints>
              <BranchPoints />
            </Method>
            <Method visited="false" cyclomaticComplexity="2" nPathComplexity="0" sequenceCoverage="0.0" branchCoverage="0" crapScore="6" isConstructor="false" isStatic="true" isGetter="false" isSetter="false">
              <Summary numSequencePoints="5" visitedSequencePoints="0" numBranchPoints="0" visitedBranchPoints="0" sequenceCoverage="0.0" branchCoverage="0" maxCyclomaticComplexity="2" minCyclomaticComplexity="2" maxCrapScore="6" minCrapScore="6" visitedClasses="0" numClasses="0" visitedMethods="0" numMethods="1" />
              <MetadataToken>100663351</MetadataToken>
              <Name>static System.Void Cr7Sund.Framework.Util.AssertUtil::AreNotEqual[TEnum](System.Object, System.Object, TEnum)</Name>
              <FileRef uid="5" />
              <SequencePoints>
                <SequencePoint vc="0" uspid="207" ordinal="0" offset="0" sl="253" sc="0" el="253" ec="0" bec="0" bev="0" fileid="5" />
                <SequencePoint vc="0" uspid="208" ordinal="0" offset="1" sl="254" sc="0" el="254" ec="0" bec="0" bev="0" fileid="5" />
                <SequencePoint vc="0" uspid="209" ordinal="0" offset="12" sl="255" sc="0" el="255" ec="0" bec="0" bev="0" fileid="5" />
                <SequencePoint vc="0" uspid="210" ordinal="0" offset="13" sl="256" sc="0" el="256" ec="0" bec="0" bev="0" fileid="5" />
                <SequencePoint vc="0" uspid="211" ordinal="0" offset="25" sl="258" sc="0" el="258" ec="0" bec="0" bev="0" fileid="5" />
              </SequencePoints>
              <BranchPoints />
            </Method>
          </Methods>
        </Class>
        <Class>
          <Summary numSequencePoints="10" visitedSequencePoints="0" numBranchPoints="0" visitedBranchPoints="0" sequenceCoverage="0.0" branchCoverage="0.0" maxCyclomaticComplexity="1" minCyclomaticComplexity="1" maxCrapScore="2" minCrapScore="2" visitedClasses="0" numClasses="1" visitedMethods="0" numMethods="3" />
          <FullName>Cr7Sund.Framework.Impl.Binder</FullName>
          <Methods>
            <Method visited="false" cyclomaticComplexity="1" nPathComplexity="0" sequenceCoverage="0.0" branchCoverage="0" crapScore="2" isConstructor="false" isStatic="false" isGetter="false" isSetter="false">
              <Summary numSequencePoints="3" visitedSequencePoints="0" numBranchPoints="0" visitedBranchPoints="0" sequenceCoverage="0.0" branchCoverage="0" maxCyclomaticComplexity="1" minCyclomaticComplexity="1" maxCrapScore="2" minCrapScore="2" visitedClasses="0" numClasses="0" visitedMethods="0" numMethods="1" />
              <MetadataToken>100663361</MetadataToken>
              <Name>Cr7Sund.Framework.Api.IBinding Cr7Sund.Framework.Impl.Binder::Bind[T]()</Name>
              <FileRef uid="8" />
              <SequencePoints>
                <SequencePoint vc="0" uspid="240" ordinal="0" offset="0" sl="23" sc="0" el="23" ec="0" bec="0" bev="0" fileid="8" />
                <SequencePoint vc="0" uspid="241" ordinal="0" offset="1" sl="24" sc="0" el="24" ec="0" bec="0" bev="0" fileid="8" />
                <SequencePoint vc="0" uspid="242" ordinal="0" offset="20" sl="25" sc="0" el="25" ec="0" bec="0" bev="0" fileid="8" />
              </SequencePoints>
              <BranchPoints />
            </Method>
            <Method visited="false" cyclomaticComplexity="1" nPathComplexity="0" sequenceCoverage="0.0" branchCoverage="0" crapScore="2" isConstructor="false" isStatic="false" isGetter="false" isSetter="false">
              <Summary numSequencePoints="4" visitedSequencePoints="0" numBranchPoints="0" visitedBranchPoints="0" sequenceCoverage="0.0" branchCoverage="0" maxCyclomaticComplexity="1" minCyclomaticComplexity="1" maxCrapScore="2" minCrapScore="2" visitedClasses="0" numClasses="0" visitedMethods="0" numMethods="1" />
              <MetadataToken>100663365</MetadataToken>
              <Name>Cr7Sund.Framework.Api.IBinding Cr7Sund.Framework.Impl.Binder::GetBinding[T](System.Object)</Name>
              <FileRef uid="8" />
              <SequencePoints>
                <SequencePoint vc="0" uspid="266" ordinal="0" offset="0" sl="65" sc="0" el="65" ec="0" bec="0" bev="0" fileid="8" />
                <SequencePoint vc="0" uspid="267" ordinal="0" offset="1" sl="66" sc="0" el="66" ec="0" bec="0" bev="0" fileid="8" />
                <SequencePoint vc="0" uspid="268" ordinal="0" offset="12" sl="67" sc="0" el="67" ec="0" bec="0" bev="0" fileid="8" />
                <SequencePoint vc="0" uspid="269" ordinal="0" offset="23" sl="68" sc="0" el="68" ec="0" bec="0" bev="0" fileid="8" />
              </SequencePoints>
              <BranchPoints />
            </Method>
            <Method visited="false" cyclomaticComplexity="1" nPathComplexity="0" sequenceCoverage="0.0" branchCoverage="0" crapScore="2" isConstructor="false" isStatic="false" isGetter="false" isSetter="false">
              <Summary numSequencePoints="3" visitedSequencePoints="0" numBranchPoints="0" visitedBranchPoints="0" sequenceCoverage="0.0" branchCoverage="0" maxCyclomaticComplexity="1" minCyclomaticComplexity="1" maxCrapScore="2" minCrapScore="2" visitedClasses="0" numClasses="0" visitedMethods="0" numMethods="1" />
              <MetadataToken>100663369</MetadataToken>
              <Name>System.Void Cr7Sund.Framework.Impl.Binder::Unbind[T](System.Object)</Name>
              <FileRef uid="8" />
              <SequencePoints>
                <SequencePoint vc="0" uspid="292" ordinal="0" offset="0" sl="100" sc="0" el="100" ec="0" bec="0" bev="0" fileid="8" />
                <SequencePoint vc="0" uspid="293" ordinal="0" offset="1" sl="101" sc="0" el="101" ec="0" bec="0" bev="0" fileid="8" />
                <SequencePoint vc="0" uspid="294" ordinal="0" offset="19" sl="102" sc="0" el="102" ec="0" bec="0" bev="0" fileid="8" />
              </SequencePoints>
              <BranchPoints />
            </Method>
          </Methods>
        </Class>
        <Class>
          <Summary numSequencePoints="6" visitedSequencePoints="0" numBranchPoints="0" visitedBranchPoints="0" sequenceCoverage="0.0" branchCoverage="0.0" maxCyclomaticComplexity="1" minCyclomaticComplexity="1" maxCrapScore="2" minCrapScore="2" visitedClasses="0" numClasses="1" visitedMethods="0" numMethods="2" />
          <FullName>Cr7Sund.Framework.Impl.Binding</FullName>
          <Methods>
            <Method visited="false" cyclomaticComplexity="1" nPathComplexity="0" sequenceCoverage="0.0" branchCoverage="0" crapScore="2" isConstructor="false" isStatic="false" isGetter="false" isSetter="false">
              <Summary numSequencePoints="3" visitedSequencePoints="0" numBranchPoints="0" visitedBranchPoints="0" sequenceCoverage="0.0" branchCoverage="0" maxCyclomaticComplexity="1" minCyclomaticComplexity="1" maxCrapScore="2" minCrapScore="2" visitedClasses="0" numClasses="0" visitedMethods="0" numMethods="1" />
              <MetadataToken>100663393</MetadataToken>
              <Name>Cr7Sund.Framework.Api.IBinding Cr7Sund.Framework.Impl.Binding::Bind[T]()</Name>
              <FileRef uid="9" />
              <SequencePoints>
                <SequencePoint vc="0" uspid="445" ordinal="0" offset="0" sl="102" sc="0" el="102" ec="0" bec="0" bev="0" fileid="9" />
                <SequencePoint vc="0" uspid="446" ordinal="0" offset="1" sl="103" sc="0" el="103" ec="0" bec="0" bev="0" fileid="9" />
                <SequencePoint vc="0" uspid="447" ordinal="0" offset="20" sl="104" sc="0" el="104" ec="0" bec="0" bev="0" fileid="9" />
              </SequencePoints>
              <BranchPoints />
            </Method>
            <Method visited="false" cyclomaticComplexity="1" nPathComplexity="0" sequenceCoverage="0.0" branchCoverage="0" crapScore="2" isConstructor="false" isStatic="false" isGetter="false" isSetter="false">
              <Summary numSequencePoints="3" visitedSequencePoints="0" numBranchPoints="0" visitedBranchPoints="0" sequenceCoverage="0.0" branchCoverage="0" maxCyclomaticComplexity="1" minCyclomaticComplexity="1" maxCrapScore="2" minCrapScore="2" visitedClasses="0" numClasses="0" visitedMethods="0" numMethods="1" />
              <MetadataToken>100663395</MetadataToken>
              <Name>Cr7Sund.Framework.Api.IBinding Cr7Sund.Framework.Impl.Binding::To[T]()</Name>
              <FileRef uid="9" />
              <SequencePoints>
                <SequencePoint vc="0" uspid="452" ordinal="0" offset="0" sl="122" sc="0" el="122" ec="0" bec="0" bev="0" fileid="9" />
                <SequencePoint vc="0" uspid="453" ordinal="0" offset="1" sl="123" sc="0" el="123" ec="0" bec="0" bev="0" fileid="9" />
                <SequencePoint vc="0" uspid="454" ordinal="0" offset="20" sl="124" sc="0" el="124" ec="0" bec="0" bev="0" fileid="9" />
              </SequencePoints>
              <BranchPoints />
            </Method>
          </Methods>
        </Class>
        <Class>
          <Summary numSequencePoints="479" visitedSequencePoints="0" numBranchPoints="0" visitedBranchPoints="0" sequenceCoverage="0.0" branchCoverage="0.0" maxCyclomaticComplexity="5" minCyclomaticComplexity="1" maxCrapScore="30" minCrapScore="2" visitedClasses="0" numClasses="1" visitedMethods="0" numMethods="79" />
          <FullName>Cr7Sund.Framework.Impl.Promise[PromisedT]</FullName>
          <Methods>
            <Method visited="false" cyclomaticComplexity="1" nPathComplexity="0" sequenceCoverage="0.0" branchCoverage="0" crapScore="2" isConstructor="false" isStatic="false" isGetter="true" isSetter="false">
              <Summary numSequencePoints="1" visitedSequencePoints="0" numBranchPoints="0" visitedBranchPoints="0" sequenceCoverage="0.0" branchCoverage="0" maxCyclomaticComplexity="1" minCyclomaticComplexity="1" maxCrapScore="2" minCrapScore="2" visitedClasses="0" numClasses="0" visitedMethods="0" numMethods="1" />
              <MetadataToken>100663427</MetadataToken>
              <Name>System.Int32 Cr7Sund.Framework.Impl.Promise[PromisedT]::get_Id()</Name>
              <FileRef uid="11" />
              <SequencePoints>
                <SequencePoint vc="0" uspid="613" ordinal="0" offset="0" sl="44" sc="0" el="44" ec="0" bec="0" bev="0" fileid="11" />
              </SequencePoints>
              <BranchPoints />
            </Method>
            <Method visited="false" cyclomaticComplexity="1" nPathComplexity="0" sequenceCoverage="0.0" branchCoverage="0" crapScore="2" isConstructor="false" isStatic="false" isGetter="true" isSetter="false">
              <Summary numSequencePoints="1" visitedSequencePoints="0" numBranchPoints="0" visitedBranchPoints="0" sequenceCoverage="0.0" branchCoverage="0" maxCyclomaticComplexity="1" minCyclomaticComplexity="1" maxCrapScore="2" minCrapScore="2" visitedClasses="0" numClasses="0" visitedMethods="0" numMethods="1" />
              <MetadataToken>100663428</MetadataToken>
              <Name>System.Object Cr7Sund.Framework.Impl.Promise[PromisedT]::get_Name()</Name>
              <FileRef uid="11" />
              <SequencePoints>
                <SequencePoint vc="0" uspid="614" ordinal="0" offset="0" sl="47" sc="0" el="47" ec="0" bec="0" bev="0" fileid="11" />
              </SequencePoints>
              <BranchPoints />
            </Method>
            <Method visited="false" cyclomaticComplexity="1" nPathComplexity="0" sequenceCoverage="0.0" branchCoverage="0" crapScore="2" isConstructor="false" isStatic="false" isGetter="false" isSetter="true">
              <Summary numSequencePoints="1" visitedSequencePoints="0" numBranchPoints="0" visitedBranchPoints="0" sequenceCoverage="0.0" branchCoverage="0" maxCyclomaticComplexity="1" minCyclomaticComplexity="1" maxCrapScore="2" minCrapScore="2" visitedClasses="0" numClasses="0" visitedMethods="0" numMethods="1" />
              <MetadataToken>100663429</MetadataToken>
              <Name>System.Void Cr7Sund.Framework.Impl.Promise[PromisedT]::set_Name(System.Object)</Name>
              <FileRef uid="11" />
              <SequencePoints>
                <SequencePoint vc="0" uspid="615" ordinal="0" offset="0" sl="47" sc="0" el="47" ec="0" bec="0" bev="0" fileid="11" />
              </SequencePoints>
              <BranchPoints />
            </Method>
            <Method visited="false" cyclomaticComplexity="1" nPathComplexity="0" sequenceCoverage="0.0" branchCoverage="0" crapScore="2" isConstructor="false" isStatic="false" isGetter="true" isSetter="false">
              <Summary numSequencePoints="1" visitedSequencePoints="0" numBranchPoints="0" visitedBranchPoints="0" sequenceCoverage="0.0" branchCoverage="0" maxCyclomaticComplexity="1" minCyclomaticComplexity="1" maxCrapScore="2" minCrapScore="2" visitedClasses="0" numClasses="0" visitedMethods="0" numMethods="1" />
              <MetadataToken>100663430</MetadataToken>
              <Name>Cr7Sund.Framework.Api.PromiseState Cr7Sund.Framework.Impl.Promise[PromisedT]::get_CurState()</Name>
              <FileRef uid="11" />
              <SequencePoints>
                <SequencePoint vc="0" uspid="616" ordinal="0" offset="0" sl="48" sc="0" el="48" ec="0" bec="0" bev="0" fileid="11" />
              </SequencePoints>
              <BranchPoints />
            </Method>
            <Method visited="false" cyclomaticComplexity="1" nPathComplexity="0" sequenceCoverage="0.0" branchCoverage="0" crapScore="2" isConstructor="false" isStatic="false" isGetter="false" isSetter="true">
              <Summary numSequencePoints="1" visitedSequencePoints="0" numBranchPoints="0" visitedBranchPoints="0" sequenceCoverage="0.0" branchCoverage="0" maxCyclomaticComplexity="1" minCyclomaticComplexity="1" maxCrapScore="2" minCrapScore="2" visitedClasses="0" numClasses="0" visitedMethods="0" numMethods="1" />
              <MetadataToken>100663431</MetadataToken>
              <Name>System.Void Cr7Sund.Framework.Impl.Promise[PromisedT]::set_CurState(Cr7Sund.Framework.Api.PromiseState)</Name>
              <FileRef uid="11" />
              <SequencePoints>
                <SequencePoint vc="0" uspid="617" ordinal="0" offset="0" sl="48" sc="0" el="48" ec="0" bec="0" bev="0" fileid="11" />
              </SequencePoints>
              <BranchPoints />
            </Method>
            <Method visited="false" cyclomaticComplexity="2" nPathComplexity="0" sequenceCoverage="0.0" branchCoverage="0" crapScore="6" isConstructor="false" isStatic="false" isGetter="true" isSetter="false">
              <Summary numSequencePoints="7" visitedSequencePoints="0" numBranchPoints="0" visitedBranchPoints="0" sequenceCoverage="0.0" branchCoverage="0" maxCyclomaticComplexity="2" minCyclomaticComplexity="2" maxCrapScore="6" minCrapScore="6" visitedClasses="0" numClasses="0" visitedMethods="0" numMethods="1" />
              <MetadataToken>100663432</MetadataToken>
              <Name>System.Action[PromisedT] Cr7Sund.Framework.Impl.Promise[PromisedT]::get_ResolveHandler()</Name>
              <FileRef uid="11" />
              <SequencePoints>
                <SequencePoint vc="0" uspid="618" ordinal="0" offset="0" sl="54" sc="0" el="54" ec="0" bec="0" bev="0" fileid="11" />
                <SequencePoint vc="0" uspid="619" ordinal="0" offset="1" sl="55" sc="0" el="55" ec="0" bec="0" bev="0" fileid="11" />
                <SequencePoint vc="0" uspid="620" ordinal="0" offset="14" sl="56" sc="0" el="56" ec="0" bec="0" bev="0" fileid="11" />
                <SequencePoint vc="0" uspid="621" ordinal="0" offset="15" sl="57" sc="0" el="57" ec="0" bec="0" bev="0" fileid="11" />
                <SequencePoint vc="0" uspid="622" ordinal="0" offset="34" sl="58" sc="0" el="58" ec="0" bec="0" bev="0" fileid="11" />
                <SequencePoint vc="0" uspid="623" ordinal="0" offset="35" sl="59" sc="0" el="59" ec="0" bec="0" bev="0" fileid="11" />
                <SequencePoint vc="0" uspid="624" ordinal="0" offset="44" sl="60" sc="0" el="60" ec="0" bec="0" bev="0" fileid="11" />
              </SequencePoints>
              <BranchPoints />
            </Method>
            <Method visited="false" cyclomaticComplexity="2" nPathComplexity="0" sequenceCoverage="0.0" branchCoverage="0" crapScore="6" isConstructor="false" isStatic="false" isGetter="true" isSetter="false">
              <Summary numSequencePoints="7" visitedSequencePoints="0" numBranchPoints="0" visitedBranchPoints="0" sequenceCoverage="0.0" branchCoverage="0" maxCyclomaticComplexity="2" minCyclomaticComplexity="2" maxCrapScore="6" minCrapScore="6" visitedClasses="0" numClasses="0" visitedMethods="0" numMethods="1" />
              <MetadataToken>100663433</MetadataToken>
              <Name>System.Action[Exception] Cr7Sund.Framework.Impl.Promise[PromisedT]::get_RejectHandler()</Name>
              <FileRef uid="11" />
              <SequencePoints>
                <SequencePoint vc="0" uspid="625" ordinal="0" offset="0" sl="65" sc="0" el="65" ec="0" bec="0" bev="0" fileid="11" />
                <SequencePoint vc="0" uspid="626" ordinal="0" offset="1" sl="66" sc="0" el="66" ec="0" bec="0" bev="0" fileid="11" />
                <SequencePoint vc="0" uspid="627" ordinal="0" offset="14" sl="67" sc="0" el="67" ec="0" bec="0" bev="0" fileid="11" />
                <SequencePoint vc="0" uspid="628" ordinal="0" offset="15" sl="68" sc="0" el="68" ec="0" bec="0" bev="0" fileid="11" />
                <SequencePoint vc="0" uspid="629" ordinal="0" offset="34" sl="69" sc="0" el="69" ec="0" bec="0" bev="0" fileid="11" />
                <SequencePoint vc="0" uspid="630" ordinal="0" offset="35" sl="70" sc="0" el="70" ec="0" bec="0" bev="0" fileid="11" />
                <SequencePoint vc="0" uspid="631" ordinal="0" offset="44" sl="71" sc="0" el="71" ec="0" bec="0" bev="0" fileid="11" />
              </SequencePoints>
              <BranchPoints />
            </Method>
            <Method visited="false" cyclomaticComplexity="2" nPathComplexity="0" sequenceCoverage="0.0" branchCoverage="0" crapScore="6" isConstructor="false" isStatic="false" isGetter="true" isSetter="false">
              <Summary numSequencePoints="7" visitedSequencePoints="0" numBranchPoints="0" visitedBranchPoints="0" sequenceCoverage="0.0" branchCoverage="0" maxCyclomaticComplexity="2" minCyclomaticComplexity="2" maxCrapScore="6" minCrapScore="6" visitedClasses="0" numClasses="0" visitedMethods="0" numMethods="1" />
              <MetadataToken>100663434</MetadataToken>
              <Name>System.Action[Single] Cr7Sund.Framework.Impl.Promise[PromisedT]::get_ProgressHandler()</Name>
              <FileRef uid="11" />
              <SequencePoints>
                <SequencePoint vc="0" uspid="632" ordinal="0" offset="0" sl="76" sc="0" el="76" ec="0" bec="0" bev="0" fileid="11" />
                <SequencePoint vc="0" uspid="633" ordinal="0" offset="1" sl="77" sc="0" el="77" ec="0" bec="0" bev="0" fileid="11" />
                <SequencePoint vc="0" uspid="634" ordinal="0" offset="14" sl="78" sc="0" el="78" ec="0" bec="0" bev="0" fileid="11" />
                <SequencePoint vc="0" uspid="635" ordinal="0" offset="15" sl="79" sc="0" el="79" ec="0" bec="0" bev="0" fileid="11" />
                <SequencePoint vc="0" uspid="636" ordinal="0" offset="34" sl="80" sc="0" el="80" ec="0" bec="0" bev="0" fileid="11" />
                <SequencePoint vc="0" uspid="637" ordinal="0" offset="35" sl="81" sc="0" el="81" ec="0" bec="0" bev="0" fileid="11" />
                <SequencePoint vc="0" uspid="638" ordinal="0" offset="44" sl="82" sc="0" el="82" ec="0" bec="0" bev="0" fileid="11" />
              </SequencePoints>
              <BranchPoints />
            </Method>
            <Method visited="false" cyclomaticComplexity="1" nPathComplexity="0" sequenceCoverage="0.0" branchCoverage="0" crapScore="2" isConstructor="false" isStatic="false" isGetter="false" isSetter="false">
              <Summary numSequencePoints="3" visitedSequencePoints="0" numBranchPoints="0" visitedBranchPoints="0" sequenceCoverage="0.0" branchCoverage="0" maxCyclomaticComplexity="1" minCyclomaticComplexity="1" maxCrapScore="2" minCrapScore="2" visitedClasses="0" numClasses="0" visitedMethods="0" numMethods="1" />
              <MetadataToken>100663438</MetadataToken>
              <Name>PromisedT Cr7Sund.Framework.Impl.Promise[PromisedT]::Test_GetResolveValue()</Name>
              <FileRef uid="11" />
              <SequencePoints>
                <SequencePoint vc="0" uspid="639" ordinal="0" offset="0" sl="117" sc="0" el="117" ec="0" bec="0" bev="0" fileid="11" />
                <SequencePoint vc="0" uspid="640" ordinal="0" offset="1" sl="118" sc="0" el="118" ec="0" bec="0" bev="0" fileid="11" />
                <SequencePoint vc="0" uspid="641" ordinal="0" offset="10" sl="119" sc="0" el="119" ec="0" bec="0" bev="0" fileid="11" />
              </SequencePoints>
              <BranchPoints />
            </Method>
            <Method visited="false" cyclomaticComplexity="1" nPathComplexity="0" sequenceCoverage="0.0" branchCoverage="0" crapScore="2" isConstructor="false" isStatic="false" isGetter="false" isSetter="false">
              <Summary numSequencePoints="4" visitedSequencePoints="0" numBranchPoints="0" visitedBranchPoints="0" sequenceCoverage="0.0" branchCoverage="0" maxCyclomaticComplexity="1" minCyclomaticComplexity="1" maxCrapScore="2" minCrapScore="2" visitedClasses="0" numClasses="0" visitedMethods="0" numMethods="1" />
              <MetadataToken>100663439</MetadataToken>
              <Name>Cr7Sund.Framework.Api.IPromise[PromisedT] Cr7Sund.Framework.Impl.Promise[PromisedT]::WithName(System.Object)</Name>
              <FileRef uid="11" />
              <SequencePoints>
                <SequencePoint vc="0" uspid="642" ordinal="0" offset="0" sl="123" sc="0" el="123" ec="0" bec="0" bev="0" fileid="11" />
                <SequencePoint vc="0" uspid="643" ordinal="0" offset="1" sl="124" sc="0" el="124" ec="0" bec="0" bev="0" fileid="11" />
                <SequencePoint vc="0" uspid="644" ordinal="0" offset="9" sl="125" sc="0" el="125" ec="0" bec="0" bev="0" fileid="11" />
                <SequencePoint vc="0" uspid="645" ordinal="0" offset="13" sl="126" sc="0" el="126" ec="0" bec="0" bev="0" fileid="11" />
              </SequencePoints>
              <BranchPoints />
            </Method>
            <Method visited="false" cyclomaticComplexity="1" nPathComplexity="0" sequenceCoverage="0.0" branchCoverage="0" crapScore="2" isConstructor="false" isStatic="false" isGetter="false" isSetter="false">
              <Summary numSequencePoints="6" visitedSequencePoints="0" numBranchPoints="0" visitedBranchPoints="0" sequenceCoverage="0.0" branchCoverage="0" maxCyclomaticComplexity="1" minCyclomaticComplexity="1" maxCrapScore="2" minCrapScore="2" visitedClasses="0" numClasses="0" visitedMethods="0" numMethods="1" />
              <MetadataToken>100663440</MetadataToken>
              <Name>System.Void Cr7Sund.Framework.Impl.Promise[PromisedT]::Dispose()</Name>
              <FileRef uid="11" />
              <SequencePoints>
                <SequencePoint vc="0" uspid="646" ordinal="0" offset="0" sl="129" sc="0" el="129" ec="0" bec="0" bev="0" fileid="11" />
                <SequencePoint vc="0" uspid="647" ordinal="0" offset="1" sl="130" sc="0" el="130" ec="0" bec="0" bev="0" fileid="11" />
                <SequencePoint vc="0" uspid="648" ordinal="0" offset="8" sl="131" sc="0" el="131" ec="0" bec="0" bev="0" fileid="11" />
                <SequencePoint vc="0" uspid="649" ordinal="0" offset="20" sl="132" sc="0" el="132" ec="0" bec="0" bev="0" fileid="11" />
                <SequencePoint vc="0" uspid="650" ordinal="0" offset="32" sl="133" sc="0" el="133" ec="0" bec="0" bev="0" fileid="11" />
                <SequencePoint vc="0" uspid="651" ordinal="0" offset="40" sl="134" sc="0" el="134" ec="0" bec="0" bev="0" fileid="11" />
              </SequencePoints>
              <BranchPoints />
            </Method>
            <Method visited="false" cyclomaticComplexity="1" nPathComplexity="0" sequenceCoverage="0.0" branchCoverage="0" crapScore="2" isConstructor="false" isStatic="false" isGetter="false" isSetter="false">
              <Summary numSequencePoints="3" visitedSequencePoints="0" numBranchPoints="0" visitedBranchPoints="0" sequenceCoverage="0.0" branchCoverage="0" maxCyclomaticComplexity="1" minCyclomaticComplexity="1" maxCrapScore="2" minCrapScore="2" visitedClasses="0" numClasses="0" visitedMethods="0" numMethods="1" />
              <MetadataToken>100663441</MetadataToken>
              <Name>System.Void Cr7Sund.Framework.Impl.Promise[PromisedT]::Done(System.Action[PromisedT], System.Action[Exception])</Name>
              <FileRef uid="11" />
              <SequencePoints>
                <SequencePoint vc="0" uspid="652" ordinal="0" offset="0" sl="139" sc="0" el="139" ec="0" bec="0" bev="0" fileid="11" />
                <SequencePoint vc="0" uspid="653" ordinal="0" offset="1" sl="140" sc="0" el="140" ec="0" bec="0" bev="0" fileid="11" />
                <SequencePoint vc="0" uspid="654" ordinal="0" offset="27" sl="144" sc="0" el="144" ec="0" bec="0" bev="0" fileid="11" />
              </SequencePoints>
              <BranchPoints />
            </Method>
            <Method visited="false" cyclomaticComplexity="1" nPathComplexity="0" sequenceCoverage="0.0" branchCoverage="0" crapScore="2" isConstructor="false" isStatic="false" isGetter="false" isSetter="false">
              <Summary numSequencePoints="3" visitedSequencePoints="0" numBranchPoints="0" visitedBranchPoints="0" sequenceCoverage="0.0" branchCoverage="0" maxCyclomaticComplexity="1" minCyclomaticComplexity="1" maxCrapScore="2" minCrapScore="2" visitedClasses="0" numClasses="0" visitedMethods="0" numMethods="1" />
              <MetadataToken>100663442</MetadataToken>
              <Name>System.Void Cr7Sund.Framework.Impl.Promise[PromisedT]::Done(System.Action[PromisedT])</Name>
              <FileRef uid="11" />
              <SequencePoints>
                <SequencePoint vc="0" uspid="655" ordinal="0" offset="0" sl="147" sc="0" el="147" ec="0" bec="0" bev="0" fileid="11" />
                <SequencePoint vc="0" uspid="656" ordinal="0" offset="1" sl="148" sc="0" el="148" ec="0" bec="0" bev="0" fileid="11" />
                <SequencePoint vc="0" uspid="657" ordinal="0" offset="26" sl="152" sc="0" el="152" ec="0" bec="0" bev="0" fileid="11" />
              </SequencePoints>
              <BranchPoints />
            </Method>
            <Method visited="false" cyclomaticComplexity="1" nPathComplexity="0" sequenceCoverage="0.0" branchCoverage="0" crapScore="2" isConstructor="false" isStatic="false" isGetter="false" isSetter="false">
              <Summary numSequencePoints="3" visitedSequencePoints="0" numBranchPoints="0" visitedBranchPoints="0" sequenceCoverage="0.0" branchCoverage="0" maxCyclomaticComplexity="1" minCyclomaticComplexity="1" maxCrapScore="2" minCrapScore="2" visitedClasses="0" numClasses="0" visitedMethods="0" numMethods="1" />
              <MetadataToken>100663443</MetadataToken>
              <Name>System.Void Cr7Sund.Framework.Impl.Promise[PromisedT]::Done()</Name>
              <FileRef uid="11" />
              <SequencePoints>
                <SequencePoint vc="0" uspid="658" ordinal="0" offset="0" sl="155" sc="0" el="155" ec="0" bec="0" bev="0" fileid="11" />
                <SequencePoint vc="0" uspid="659" ordinal="0" offset="1" sl="156" sc="0" el="156" ec="0" bec="0" bev="0" fileid="11" />
                <SequencePoint vc="0" uspid="660" ordinal="0" offset="20" sl="157" sc="0" el="157" ec="0" bec="0" bev="0" fileid="11" />
              </SequencePoints>
              <BranchPoints />
            </Method>
            <Method visited="false" cyclomaticComplexity="2" nPathComplexity="0" sequenceCoverage="0.0" branchCoverage="0" crapScore="6" isConstructor="false" isStatic="false" isGetter="false" isSetter="false">
              <Summary numSequencePoints="11" visitedSequencePoints="0" numBranchPoints="0" visitedBranchPoints="0" sequenceCoverage="0.0" branchCoverage="0" maxCyclomaticComplexity="2" minCyclomaticComplexity="2" maxCrapScore="6" minCrapScore="6" visitedClasses="0" numClasses="0" visitedMethods="0" numMethods="1" />
              <MetadataToken>100663444</MetadataToken>
              <Name>Cr7Sund.Framework.Api.IPromise Cr7Sund.Framework.Impl.Promise[PromisedT]::Catch(System.Action[Exception])</Name>
              <FileRef uid="11" />
              <SequencePoints>
                <SequencePoint vc="0" uspid="661" ordinal="0" offset="13" sl="160" sc="0" el="160" ec="0" bec="0" bev="0" fileid="11" />
                <SequencePoint vc="0" uspid="662" ordinal="0" offset="14" sl="161" sc="0" el="161" ec="0" bec="0" bev="0" fileid="11" />
                <SequencePoint vc="0" uspid="663" ordinal="0" offset="26" sl="163" sc="0" el="163" ec="0" bec="0" bev="0" fileid="11" />
                <SequencePoint vc="0" uspid="664" ordinal="0" offset="39" sl="164" sc="0" el="164" ec="0" bec="0" bev="0" fileid="11" />
                <SequencePoint vc="0" uspid="665" ordinal="0" offset="40" sl="165" sc="0" el="165" ec="0" bec="0" bev="0" fileid="11" />
                <SequencePoint vc="0" uspid="666" ordinal="0" offset="48" sl="168" sc="0" el="168" ec="0" bec="0" bev="0" fileid="11" />
                <SequencePoint vc="0" uspid="667" ordinal="0" offset="60" sl="169" sc="0" el="169" ec="0" bec="0" bev="0" fileid="11" />
                <SequencePoint vc="0" uspid="668" ordinal="0" offset="81" sl="188" sc="0" el="188" ec="0" bec="0" bev="0" fileid="11" />
                <SequencePoint vc="0" uspid="669" ordinal="0" offset="118" sl="189" sc="0" el="189" ec="0" bec="0" bev="0" fileid="11" />
                <SequencePoint vc="0" uspid="670" ordinal="0" offset="138" sl="191" sc="0" el="191" ec="0" bec="0" bev="0" fileid="11" />
                <SequencePoint vc="0" uspid="671" ordinal="0" offset="147" sl="192" sc="0" el="192" ec="0" bec="0" bev="0" fileid="11" />
              </SequencePoints>
              <BranchPoints />
            </Method>
            <Method visited="false" cyclomaticComplexity="2" nPathComplexity="0" sequenceCoverage="0.0" branchCoverage="0" crapScore="6" isConstructor="false" isStatic="false" isGetter="false" isSetter="false">
              <Summary numSequencePoints="10" visitedSequencePoints="0" numBranchPoints="0" visitedBranchPoints="0" sequenceCoverage="0.0" branchCoverage="0" maxCyclomaticComplexity="2" minCyclomaticComplexity="2" maxCrapScore="6" minCrapScore="6" visitedClasses="0" numClasses="0" visitedMethods="0" numMethods="1" />
              <MetadataToken>100663445</MetadataToken>
              <Name>Cr7Sund.Framework.Api.IPromise[PromisedT] Cr7Sund.Framework.Impl.Promise[PromisedT]::Catch(System.Func[Exception,PromisedT])</Name>
              <FileRef uid="11" />
              <SequencePoints>
                <SequencePoint vc="0" uspid="672" ordinal="0" offset="13" sl="195" sc="0" el="195" ec="0" bec="0" bev="0" fileid="11" />
                <SequencePoint vc="0" uspid="673" ordinal="0" offset="14" sl="196" sc="0" el="196" ec="0" bec="0" bev="0" fileid="11" />
                <SequencePoint vc="0" uspid="674" ordinal="0" offset="27" sl="197" sc="0" el="197" ec="0" bec="0" bev="0" fileid="11" />
                <SequencePoint vc="0" uspid="675" ordinal="0" offset="28" sl="198" sc="0" el="198" ec="0" bec="0" bev="0" fileid="11" />
                <SequencePoint vc="0" uspid="676" ordinal="0" offset="32" sl="201" sc="0" el="201" ec="0" bec="0" bev="0" fileid="11" />
                <SequencePoint vc="0" uspid="677" ordinal="0" offset="44" sl="202" sc="0" el="202" ec="0" bec="0" bev="0" fileid="11" />
                <SequencePoint vc="0" uspid="678" ordinal="0" offset="63" sl="217" sc="0" el="217" ec="0" bec="0" bev="0" fileid="11" />
                <SequencePoint vc="0" uspid="679" ordinal="0" offset="99" sl="218" sc="0" el="218" ec="0" bec="0" bev="0" fileid="11" />
                <SequencePoint vc="0" uspid="680" ordinal="0" offset="123" sl="220" sc="0" el="220" ec="0" bec="0" bev="0" fileid="11" />
                <SequencePoint vc="0" uspid="681" ordinal="0" offset="132" sl="221" sc="0" el="221" ec="0" bec="0" bev="0" fileid="11" />
              </SequencePoints>
              <BranchPoints />
            </Method>
            <Method visited="false" cyclomaticComplexity="1" nPathComplexity="0" sequenceCoverage="0.0" branchCoverage="0" crapScore="2" isConstructor="false" isStatic="false" isGetter="false" isSetter="false">
              <Summary numSequencePoints="3" visitedSequencePoints="0" numBranchPoints="0" visitedBranchPoints="0" sequenceCoverage="0.0" branchCoverage="0" maxCyclomaticComplexity="1" minCyclomaticComplexity="1" maxCrapScore="2" minCrapScore="2" visitedClasses="0" numClasses="0" visitedMethods="0" numMethods="1" />
              <MetadataToken>100663446</MetadataToken>
              <Name>Cr7Sund.Framework.Api.IPromise Cr7Sund.Framework.Impl.Promise[PromisedT]::Then(System.Action[PromisedT])</Name>
              <FileRef uid="11" />
              <SequencePoints>
                <SequencePoint vc="0" uspid="682" ordinal="0" offset="0" sl="224" sc="0" el="224" ec="0" bec="0" bev="0" fileid="11" />
                <SequencePoint vc="0" uspid="683" ordinal="0" offset="1" sl="225" sc="0" el="225" ec="0" bec="0" bev="0" fileid="11" />
                <SequencePoint vc="0" uspid="684" ordinal="0" offset="13" sl="226" sc="0" el="226" ec="0" bec="0" bev="0" fileid="11" />
              </SequencePoints>
              <BranchPoints />
            </Method>
            <Method visited="false" cyclomaticComplexity="1" nPathComplexity="0" sequenceCoverage="0.0" branchCoverage="0" crapScore="2" isConstructor="false" isStatic="false" isGetter="false" isSetter="false">
              <Summary numSequencePoints="3" visitedSequencePoints="0" numBranchPoints="0" visitedBranchPoints="0" sequenceCoverage="0.0" branchCoverage="0" maxCyclomaticComplexity="1" minCyclomaticComplexity="1" maxCrapScore="2" minCrapScore="2" visitedClasses="0" numClasses="0" visitedMethods="0" numMethods="1" />
              <MetadataToken>100663447</MetadataToken>
              <Name>Cr7Sund.Framework.Api.IPromise Cr7Sund.Framework.Impl.Promise[PromisedT]::Then(System.Action[PromisedT], System.Action[Exception])</Name>
              <FileRef uid="11" />
              <SequencePoints>
                <SequencePoint vc="0" uspid="685" ordinal="0" offset="0" sl="229" sc="0" el="229" ec="0" bec="0" bev="0" fileid="11" />
                <SequencePoint vc="0" uspid="686" ordinal="0" offset="1" sl="230" sc="0" el="230" ec="0" bec="0" bev="0" fileid="11" />
                <SequencePoint vc="0" uspid="687" ordinal="0" offset="13" sl="231" sc="0" el="231" ec="0" bec="0" bev="0" fileid="11" />
              </SequencePoints>
              <BranchPoints />
            </Method>
            <Method visited="false" cyclomaticComplexity="5" nPathComplexity="0" sequenceCoverage="0.0" branchCoverage="0" crapScore="30" isConstructor="false" isStatic="false" isGetter="false" isSetter="false">
              <Summary numSequencePoints="32" visitedSequencePoints="0" numBranchPoints="0" visitedBranchPoints="0" sequenceCoverage="0.0" branchCoverage="0" maxCyclomaticComplexity="5" minCyclomaticComplexity="5" maxCrapScore="30" minCrapScore="30" visitedClasses="0" numClasses="0" visitedMethods="0" numMethods="1" />
              <MetadataToken>100663448</MetadataToken>
              <Name>Cr7Sund.Framework.Api.IPromise Cr7Sund.Framework.Impl.Promise[PromisedT]::Then(System.Action[PromisedT], System.Action[Exception], System.Action[Single])</Name>
              <FileRef uid="11" />
              <SequencePoints>
                <SequencePoint vc="0" uspid="688" ordinal="0" offset="20" sl="234" sc="0" el="234" ec="0" bec="0" bev="0" fileid="11" />
                <SequencePoint vc="0" uspid="689" ordinal="0" offset="21" sl="235" sc="0" el="235" ec="0" bec="0" bev="0" fileid="11" />
                <SequencePoint vc="0" uspid="690" ordinal="0" offset="34" sl="236" sc="0" el="236" ec="0" bec="0" bev="0" fileid="11" />
                <SequencePoint vc="0" uspid="691" ordinal="0" offset="35" sl="238" sc="0" el="238" ec="0" bec="0" bev="0" fileid="11" />
                <SequencePoint vc="0" uspid="692" ordinal="0" offset="36" sl="239" sc="0" el="239" ec="0" bec="0" bev="0" fileid="11" />
                <SequencePoint vc="0" uspid="693" ordinal="0" offset="54" sl="240" sc="0" el="240" ec="0" bec="0" bev="0" fileid="11" />
                <SequencePoint vc="0" uspid="694" ordinal="0" offset="66" sl="242" sc="0" el="242" ec="0" bec="0" bev="0" fileid="11" />
                <SequencePoint vc="0" uspid="695" ordinal="0" offset="68" sl="243" sc="0" el="243" ec="0" bec="0" bev="0" fileid="11" />
                <SequencePoint vc="0" uspid="696" ordinal="0" offset="69" sl="244" sc="0" el="244" ec="0" bec="0" bev="0" fileid="11" />
                <SequencePoint vc="0" uspid="697" ordinal="0" offset="83" sl="248" sc="0" el="248" ec="0" bec="0" bev="0" fileid="11" />
                <SequencePoint vc="0" uspid="698" ordinal="0" offset="95" sl="249" sc="0" el="249" ec="0" bec="0" bev="0" fileid="11" />
                <SequencePoint vc="0" uspid="699" ordinal="0" offset="113" sl="252" sc="0" el="252" ec="0" bec="0" bev="0" fileid="11" />
                <SequencePoint vc="0" uspid="700" ordinal="0" offset="128" sl="253" sc="0" el="253" ec="0" bec="0" bev="0" fileid="11" />
                <SequencePoint vc="0" uspid="701" ordinal="0" offset="129" sl="254" sc="0" el="254" ec="0" bec="0" bev="0" fileid="11" />
                <SequencePoint vc="0" uspid="702" ordinal="0" offset="142" sl="259" sc="0" el="259" ec="0" bec="0" bev="0" fileid="11" />
                <SequencePoint vc="0" uspid="703" ordinal="0" offset="145" sl="261" sc="0" el="261" ec="0" bec="0" bev="0" fileid="11" />
                <SequencePoint vc="0" uspid="704" ordinal="0" offset="146" sl="262" sc="0" el="262" ec="0" bec="0" bev="0" fileid="11" />
                <SequencePoint vc="0" uspid="705" ordinal="0" offset="159" sl="263" sc="0" el="263" ec="0" bec="0" bev="0" fileid="11" />
                <SequencePoint vc="0" uspid="706" ordinal="0" offset="160" sl="266" sc="0" el="266" ec="0" bec="0" bev="0" fileid="11" />
                <SequencePoint vc="0" uspid="707" ordinal="0" offset="175" sl="267" sc="0" el="267" ec="0" bec="0" bev="0" fileid="11" />
                <SequencePoint vc="0" uspid="708" ordinal="0" offset="176" sl="268" sc="0" el="268" ec="0" bec="0" bev="0" fileid="11" />
                <SequencePoint vc="0" uspid="709" ordinal="0" offset="189" sl="274" sc="0" el="274" ec="0" bec="0" bev="0" fileid="11" />
                <SequencePoint vc="0" uspid="710" ordinal="0" offset="192" sl="276" sc="0" el="276" ec="0" bec="0" bev="0" fileid="11" />
                <SequencePoint vc="0" uspid="711" ordinal="0" offset="193" sl="277" sc="0" el="277" ec="0" bec="0" bev="0" fileid="11" />
                <SequencePoint vc="0" uspid="712" ordinal="0" offset="205" sl="278" sc="0" el="278" ec="0" bec="0" bev="0" fileid="11" />
                <SequencePoint vc="0" uspid="713" ordinal="0" offset="206" sl="280" sc="0" el="280" ec="0" bec="0" bev="0" fileid="11" />
                <SequencePoint vc="0" uspid="714" ordinal="0" offset="221" sl="282" sc="0" el="282" ec="0" bec="0" bev="0" fileid="11" />
                <SequencePoint vc="0" uspid="715" ordinal="0" offset="231" sl="283" sc="0" el="283" ec="0" bec="0" bev="0" fileid="11" />
                <SequencePoint vc="0" uspid="716" ordinal="0" offset="232" sl="284" sc="0" el="284" ec="0" bec="0" bev="0" fileid="11" />
                <SequencePoint vc="0" uspid="717" ordinal="0" offset="241" sl="285" sc="0" el="285" ec="0" bec="0" bev="0" fileid="11" />
                <SequencePoint vc="0" uspid="718" ordinal="0" offset="242" sl="287" sc="0" el="287" ec="0" bec="0" bev="0" fileid="11" />
                <SequencePoint vc="0" uspid="719" ordinal="0" offset="252" sl="288" sc="0" el="288" ec="0" bec="0" bev="0" fileid="11" />
              </SequencePoints>
              <BranchPoints />
            </Method>
            <Method visited="false" cyclomaticComplexity="1" nPathComplexity="0" sequenceCoverage="0.0" branchCoverage="0" crapScore="2" isConstructor="false" isStatic="false" isGetter="false" isSetter="false">
              <Summary numSequencePoints="3" visitedSequencePoints="0" numBranchPoints="0" visitedBranchPoints="0" sequenceCoverage="0.0" branchCoverage="0" maxCyclomaticComplexity="1" minCyclomaticComplexity="1" maxCrapScore="2" minCrapScore="2" visitedClasses="0" numClasses="0" visitedMethods="0" numMethods="1" />
              <MetadataToken>100663449</MetadataToken>
              <Name>Cr7Sund.Framework.Api.IPromise Cr7Sund.Framework.Impl.Promise[PromisedT]::Then(System.Func[PromisedT,IPromise])</Name>
              <FileRef uid="11" />
              <SequencePoints>
                <SequencePoint vc="0" uspid="720" ordinal="0" offset="0" sl="291" sc="0" el="291" ec="0" bec="0" bev="0" fileid="11" />
                <SequencePoint vc="0" uspid="721" ordinal="0" offset="1" sl="292" sc="0" el="292" ec="0" bec="0" bev="0" fileid="11" />
                <SequencePoint vc="0" uspid="722" ordinal="0" offset="13" sl="293" sc="0" el="293" ec="0" bec="0" bev="0" fileid="11" />
              </SequencePoints>
              <BranchPoints />
            </Method>
            <Method visited="false" cyclomaticComplexity="1" nPathComplexity="0" sequenceCoverage="0.0" branchCoverage="0" crapScore="2" isConstructor="false" isStatic="false" isGetter="false" isSetter="false">
              <Summary numSequencePoints="3" visitedSequencePoints="0" numBranchPoints="0" visitedBranchPoints="0" sequenceCoverage="0.0" branchCoverage="0" maxCyclomaticComplexity="1" minCyclomaticComplexity="1" maxCrapScore="2" minCrapScore="2" visitedClasses="0" numClasses="0" visitedMethods="0" numMethods="1" />
              <MetadataToken>100663450</MetadataToken>
              <Name>Cr7Sund.Framework.Api.IPromise Cr7Sund.Framework.Impl.Promise[PromisedT]::Then(System.Func[PromisedT,IPromise], System.Action[Exception])</Name>
              <FileRef uid="11" />
              <SequencePoints>
                <SequencePoint vc="0" uspid="723" ordinal="0" offset="0" sl="296" sc="0" el="296" ec="0" bec="0" bev="0" fileid="11" />
                <SequencePoint vc="0" uspid="724" ordinal="0" offset="1" sl="297" sc="0" el="297" ec="0" bec="0" bev="0" fileid="11" />
                <SequencePoint vc="0" uspid="725" ordinal="0" offset="13" sl="298" sc="0" el="298" ec="0" bec="0" bev="0" fileid="11" />
              </SequencePoints>
              <BranchPoints />
            </Method>
            <Method visited="false" cyclomaticComplexity="5" nPathComplexity="0" sequenceCoverage="0.0" branchCoverage="0" crapScore="30" isConstructor="false" isStatic="false" isGetter="false" isSetter="false">
              <Summary numSequencePoints="31" visitedSequencePoints="0" numBranchPoints="0" visitedBranchPoints="0" sequenceCoverage="0.0" branchCoverage="0" maxCyclomaticComplexity="5" minCyclomaticComplexity="5" maxCrapScore="30" minCrapScore="30" visitedClasses="0" numClasses="0" visitedMethods="0" numMethods="1" />
              <MetadataToken>100663451</MetadataToken>
              <Name>Cr7Sund.Framework.Api.IPromise Cr7Sund.Framework.Impl.Promise[PromisedT]::Then(System.Func[PromisedT,IPromise], System.Action[Exception], System.Action[Single])</Name>
              <FileRef uid="11" />
              <SequencePoints>
                <SequencePoint vc="0" uspid="726" ordinal="0" offset="20" sl="301" sc="0" el="301" ec="0" bec="0" bev="0" fileid="11" />
                <SequencePoint vc="0" uspid="727" ordinal="0" offset="21" sl="302" sc="0" el="302" ec="0" bec="0" bev="0" fileid="11" />
                <SequencePoint vc="0" uspid="728" ordinal="0" offset="34" sl="303" sc="0" el="303" ec="0" bec="0" bev="0" fileid="11" />
                <SequencePoint vc="0" uspid="729" ordinal="0" offset="35" sl="305" sc="0" el="305" ec="0" bec="0" bev="0" fileid="11" />
                <SequencePoint vc="0" uspid="730" ordinal="0" offset="36" sl="306" sc="0" el="306" ec="0" bec="0" bev="0" fileid="11" />
                <SequencePoint vc="0" uspid="731" ordinal="0" offset="60" sl="308" sc="0" el="308" ec="0" bec="0" bev="0" fileid="11" />
                <SequencePoint vc="0" uspid="732" ordinal="0" offset="62" sl="309" sc="0" el="309" ec="0" bec="0" bev="0" fileid="11" />
                <SequencePoint vc="0" uspid="733" ordinal="0" offset="63" sl="310" sc="0" el="310" ec="0" bec="0" bev="0" fileid="11" />
                <SequencePoint vc="0" uspid="734" ordinal="0" offset="77" sl="314" sc="0" el="314" ec="0" bec="0" bev="0" fileid="11" />
                <SequencePoint vc="0" uspid="735" ordinal="0" offset="89" sl="315" sc="0" el="315" ec="0" bec="0" bev="0" fileid="11" />
                <SequencePoint vc="0" uspid="736" ordinal="0" offset="107" sl="318" sc="0" el="318" ec="0" bec="0" bev="0" fileid="11" />
                <SequencePoint vc="0" uspid="737" ordinal="0" offset="122" sl="319" sc="0" el="319" ec="0" bec="0" bev="0" fileid="11" />
                <SequencePoint vc="0" uspid="738" ordinal="0" offset="123" sl="320" sc="0" el="320" ec="0" bec="0" bev="0" fileid="11" />
[...]
                <SequencePoint vc="0" uspid="5028" ordinal="0" offset="62" sl="280" sc="0" el="280" ec="0" bec="0" bev="0" fileid="47" />
                <SequencePoint vc="0" uspid="5029" ordinal="0" offset="76" sl="281" sc="0" el="281" ec="0" bec="0" bev="0" fileid="47" />
                <SequencePoint vc="0" uspid="5030" ordinal="0" offset="80" sl="282" sc="0" el="282" ec="0" bec="0" bev="0" fileid="47" />
                <SequencePoint vc="0" uspid="5031" ordinal="0" offset="81" sl="283" sc="0" el="283" ec="0" bec="0" bev="0" fileid="47" />
                <SequencePoint vc="0" uspid="5032" ordinal="0" offset="91" sl="284" sc="0" el="284" ec="0" bec="0" bev="0" fileid="47" />
                <SequencePoint vc="0" uspid="5033" ordinal="0" offset="107" sl="285" sc="0" el="285" ec="0" bec="0" bev="0" fileid="47" />
                <SequencePoint vc="0" uspid="5034" ordinal="0" offset="108" sl="281" sc="0" el="281" ec="0" bec="0" bev="0" fileid="47" />
                <SequencePoint vc="0" uspid="5035" ordinal="0" offset="112" sl="281" sc="0" el="281" ec="0" bec="0" bev="0" fileid="47" />
                <SequencePoint vc="0" uspid="5036" ordinal="0" offset="123" sl="286" sc="0" el="286" ec="0" bec="0" bev="0" fileid="47" />
              </SequencePoints>
              <BranchPoints />
            </Method>
          </Methods>
        </Class>
        <Class>
          <Summary numSequencePoints="27" visitedSequencePoints="0" numBranchPoints="0" visitedBranchPoints="0" sequenceCoverage="0.0" branchCoverage="0.0" maxCyclomaticComplexity="3" minCyclomaticComplexity="1" maxCrapScore="12" minCrapScore="2" visitedClasses="0" numClasses="1" visitedMethods="0" numMethods="4" />
          <FullName>Cr7Sund.Framework.Impl.CommandPromise</FullName>
          <Methods>
            <Method visited="false" cyclomaticComplexity="3" nPathComplexity="0" sequenceCoverage="0.0" branchCoverage="0" crapScore="12" isConstructor="false" isStatic="false" isGetter="false" isSetter="false">
              <Summary numSequencePoints="13" visitedSequencePoints="0" numBranchPoints="0" visitedBranchPoints="0" sequenceCoverage="0.0" branchCoverage="0" maxCyclomaticComplexity="3" minCyclomaticComplexity="3" maxCrapScore="12" minCrapScore="12" visitedClasses="0" numClasses="0" visitedMethods="0" numMethods="1" />
              <MetadataToken>100663855</MetadataToken>
              <Name>Cr7Sund.Framework.Impl.Promise[T] Cr7Sund.Framework.Impl.CommandPromise::GetRawPromise[T]()</Name>
              <FileRef uid="48" />
              <SequencePoints>
                <SequencePoint vc="0" uspid="5146" ordinal="0" offset="0" sl="86" sc="0" el="86" ec="0" bec="0" bev="0" fileid="48" />
                <SequencePoint vc="0" uspid="5147" ordinal="0" offset="1" sl="88" sc="0" el="88" ec="0" bec="0" bev="0" fileid="48" />
                <SequencePoint vc="0" uspid="5148" ordinal="0" offset="11" sl="89" sc="0" el="89" ec="0" bec="0" bev="0" fileid="48" />
                <SequencePoint vc="0" uspid="5149" ordinal="0" offset="12" sl="90" sc="0" el="90" ec="0" bec="0" bev="0" fileid="48" />
                <SequencePoint vc="0" uspid="5150" ordinal="0" offset="19" sl="92" sc="0" el="92" ec="0" bec="0" bev="0" fileid="48" />
                <SequencePoint vc="0" uspid="5151" ordinal="0" offset="38" sl="93" sc="0" el="93" ec="0" bec="0" bev="0" fileid="48" />
                <SequencePoint vc="0" uspid="5152" ordinal="0" offset="51" sl="94" sc="0" el="94" ec="0" bec="0" bev="0" fileid="48" />
                <SequencePoint vc="0" uspid="5153" ordinal="0" offset="54" sl="96" sc="0" el="96" ec="0" bec="0" bev="0" fileid="48" />
                <SequencePoint vc="0" uspid="5154" ordinal="0" offset="55" sl="97" sc="0" el="97" ec="0" bec="0" bev="0" fileid="48" />
                <SequencePoint vc="0" uspid="5155" ordinal="0" offset="61" sl="98" sc="0" el="98" ec="0" bec="0" bev="0" fileid="48" />
                <SequencePoint vc="0" uspid="5156" ordinal="0" offset="69" sl="99" sc="0" el="99" ec="0" bec="0" bev="0" fileid="48" />
                <SequencePoint vc="0" uspid="5157" ordinal="0" offset="70" sl="100" sc="0" el="100" ec="0" bec="0" bev="0" fileid="48" />
                <SequencePoint vc="0" uspid="5158" ordinal="0" offset="74" sl="101" sc="0" el="101" ec="0" bec="0" bev="0" fileid="48" />
              </SequencePoints>
              <BranchPoints />
            </Method>
            <Method visited="false" cyclomaticComplexity="1" nPathComplexity="0" sequenceCoverage="0.0" branchCoverage="0" crapScore="2" isConstructor="false" isStatic="false" isGetter="false" isSetter="false">
              <Summary numSequencePoints="6" visitedSequencePoints="0" numBranchPoints="0" visitedBranchPoints="0" sequenceCoverage="0.0" branchCoverage="0" maxCyclomaticComplexity="1" minCyclomaticComplexity="1" maxCrapScore="2" minCrapScore="2" visitedClasses="0" numClasses="0" visitedMethods="0" numMethods="1" />
              <MetadataToken>100663858</MetadataToken>
              <Name>Cr7Sund.Framework.Impl.CommandPromise[T] Cr7Sund.Framework.Impl.CommandPromise::CreateValuePoolPromise[T]()</Name>
              <FileRef uid="48" />
              <SequencePoints>
                <SequencePoint vc="0" uspid="5179" ordinal="0" offset="0" sl="130" sc="0" el="130" ec="0" bec="0" bev="0" fileid="48" />
                <SequencePoint vc="0" uspid="5180" ordinal="0" offset="1" sl="131" sc="0" el="131" ec="0" bec="0" bev="0" fileid="48" />
                <SequencePoint vc="0" uspid="5181" ordinal="0" offset="20" sl="132" sc="0" el="132" ec="0" bec="0" bev="0" fileid="48" />
                <SequencePoint vc="0" uspid="5182" ordinal="0" offset="27" sl="133" sc="0" el="133" ec="0" bec="0" bev="0" fileid="48" />
                <SequencePoint vc="0" uspid="5183" ordinal="0" offset="35" sl="134" sc="0" el="134" ec="0" bec="0" bev="0" fileid="48" />
                <SequencePoint vc="0" uspid="5184" ordinal="0" offset="39" sl="135" sc="0" el="135" ec="0" bec="0" bev="0" fileid="48" />
              </SequencePoints>
              <BranchPoints />
            </Method>
            <Method visited="false" cyclomaticComplexity="1" nPathComplexity="0" sequenceCoverage="0.0" branchCoverage="0" crapScore="2" isConstructor="false" isStatic="false" isGetter="false" isSetter="false">
              <Summary numSequencePoints="4" visitedSequencePoints="0" numBranchPoints="0" visitedBranchPoints="0" sequenceCoverage="0.0" branchCoverage="0" maxCyclomaticComplexity="1" minCyclomaticComplexity="1" maxCrapScore="2" minCrapScore="2" visitedClasses="0" numClasses="0" visitedMethods="0" numMethods="1" />
              <MetadataToken>100663859</MetadataToken>
              <Name>System.Void Cr7Sund.Framework.Impl.CommandPromise::InitValuePromise[T](Cr7Sund.Framework.Impl.CommandPromise[T])</Name>
              <FileRef uid="48" />
              <SequencePoints>
                <SequencePoint vc="0" uspid="5185" ordinal="0" offset="0" sl="138" sc="0" el="138" ec="0" bec="0" bev="0" fileid="48" />
                <SequencePoint vc="0" uspid="5186" ordinal="0" offset="1" sl="139" sc="0" el="139" ec="0" bec="0" bev="0" fileid="48" />
                <SequencePoint vc="0" uspid="5187" ordinal="0" offset="14" sl="140" sc="0" el="140" ec="0" bec="0" bev="0" fileid="48" />
                <SequencePoint vc="0" uspid="5188" ordinal="0" offset="26" sl="141" sc="0" el="141" ec="0" bec="0" bev="0" fileid="48" />
              </SequencePoints>
              <BranchPoints />
            </Method>
            <Method visited="false" cyclomaticComplexity="1" nPathComplexity="0" sequenceCoverage="0.0" branchCoverage="0" crapScore="2" isConstructor="false" isStatic="false" isGetter="false" isSetter="false">
              <Summary numSequencePoints="4" visitedSequencePoints="0" numBranchPoints="0" visitedBranchPoints="0" sequenceCoverage="0.0" branchCoverage="0" maxCyclomaticComplexity="1" minCyclomaticComplexity="1" maxCrapScore="2" minCrapScore="2" visitedClasses="0" numClasses="0" visitedMethods="0" numMethods="1" />
              <MetadataToken>100663864</MetadataToken>
              <Name>Cr7Sund.Framework.Api.ICommandPromise Cr7Sund.Framework.Impl.CommandPromise::Then[T]()</Name>
              <FileRef uid="48" />
              <SequencePoints>
                <SequencePoint vc="0" uspid="5234" ordinal="0" offset="0" sl="214" sc="0" el="214" ec="0" bec="0" bev="0" fileid="48" />
                <SequencePoint vc="0" uspid="5235" ordinal="0" offset="1" sl="215" sc="0" el="215" ec="0" bec="0" bev="0" fileid="48" />
                <SequencePoint vc="0" uspid="5236" ordinal="0" offset="7" sl="217" sc="0" el="217" ec="0" bec="0" bev="0" fileid="48" />
                <SequencePoint vc="0" uspid="5237" ordinal="0" offset="27" sl="218" sc="0" el="218" ec="0" bec="0" bev="0" fileid="48" />
              </SequencePoints>
              <BranchPoints />
            </Method>
          </Methods>
        </Class>
        <Class>
          <Summary numSequencePoints="1" visitedSequencePoints="0" numBranchPoints="0" visitedBranchPoints="0" sequenceCoverage="0.0" branchCoverage="0.0" maxCyclomaticComplexity="1" minCyclomaticComplexity="1" maxCrapScore="2" minCrapScore="2" visitedClasses="0" numClasses="1" visitedMethods="0" numMethods="1" />
          <FullName>Cr7Sund.Framework.Impl.CommandPromise[PromisedT]/&lt;&gt;c__DisplayClass42_0</FullName>
          <Methods>
            <Method visited="false" cyclomaticComplexity="1" nPathComplexity="0" sequenceCoverage="0.0" branchCoverage="0" crapScore="2" isConstructor="false" isStatic="false" isGetter="false" isSetter="false">
              <Summary numSequencePoints="1" visitedSequencePoints="0" numBranchPoints="0" visitedBranchPoints="0" sequenceCoverage="0.0" branchCoverage="0" maxCyclomaticComplexity="1" minCyclomaticComplexity="1" maxCrapScore="2" minCrapScore="2" visitedClasses="0" numClasses="0" visitedMethods="0" numMethods="1" />
              <MetadataToken>100664091</MetadataToken>
              <Name>Cr7Sund.Framework.Api.IPromise[IEnumerable`1] Cr7Sund.Framework.Impl.CommandPromise[PromisedT]/&lt;&gt;c__DisplayClass42_0::&lt;ThenAll&gt;b__0(PromisedT)</Name>
              <FileRef uid="43" />
              <SequencePoints>
                <SequencePoint vc="0" uspid="5388" ordinal="0" offset="0" sl="149" sc="0" el="149" ec="0" bec="0" bev="0" fileid="43" />
              </SequencePoints>
              <BranchPoints />
            </Method>
          </Methods>
        </Class>
        <Class>
          <Summary numSequencePoints="4" visitedSequencePoints="0" numBranchPoints="0" visitedBranchPoints="0" sequenceCoverage="0.0" branchCoverage="0.0" maxCyclomaticComplexity="1" minCyclomaticComplexity="1" maxCrapScore="2" minCrapScore="2" visitedClasses="0" numClasses="1" visitedMethods="0" numMethods="2" />
          <FullName>Cr7Sund.Framework.Impl.CommandPromise[PromisedT]/&lt;&gt;c__DisplayClass43_0</FullName>
          <Methods>
            <Method visited="false" cyclomaticComplexity="1" nPathComplexity="0" sequenceCoverage="0.0" branchCoverage="0" crapScore="2" isConstructor="false" isStatic="false" isGetter="false" isSetter="false">
              <Summary numSequencePoints="3" visitedSequencePoints="0" numBranchPoints="0" visitedBranchPoints="0" sequenceCoverage="0.0" branchCoverage="0" maxCyclomaticComplexity="1" minCyclomaticComplexity="1" maxCrapScore="2" minCrapScore="2" visitedClasses="0" numClasses="0" visitedMethods="0" numMethods="1" />
              <MetadataToken>100664093</MetadataToken>
              <Name>System.Void Cr7Sund.Framework.Impl.CommandPromise[PromisedT]/&lt;&gt;c__DisplayClass43_0::&lt;ThenFirst&gt;b__0(Cr7Sund.Framework.Api.ICommandPromise[PromisedT], System.Int32)</Name>
              <FileRef uid="43" />
              <SequencePoints>
                <SequencePoint vc="0" uspid="5389" ordinal="0" offset="13" sl="159" sc="0" el="159" ec="0" bec="0" bev="0" fileid="43" />
                <SequencePoint vc="0" uspid="5390" ordinal="0" offset="14" sl="159" sc="0" el="159" ec="0" bec="0" bev="0" fileid="43" />
                <SequencePoint vc="0" uspid="5391" ordinal="0" offset="34" sl="159" sc="0" el="159" ec="0" bec="0" bev="0" fileid="43" />
              </SequencePoints>
              <BranchPoints />
            </Method>
            <Method visited="false" cyclomaticComplexity="1" nPathComplexity="0" sequenceCoverage="0.0" branchCoverage="0" crapScore="2" isConstructor="false" isStatic="false" isGetter="false" isSetter="false">
              <Summary numSequencePoints="1" visitedSequencePoints="0" numBranchPoints="0" visitedBranchPoints="0" sequenceCoverage="0.0" branchCoverage="0" maxCyclomaticComplexity="1" minCyclomaticComplexity="1" maxCrapScore="2" minCrapScore="2" visitedClasses="0" numClasses="0" visitedMethods="0" numMethods="1" />
              <MetadataToken>100664094</MetadataToken>
              <Name>Cr7Sund.Framework.Api.IPromise[PromisedT] Cr7Sund.Framework.Impl.CommandPromise[PromisedT]/&lt;&gt;c__DisplayClass43_0::&lt;ThenFirst&gt;b__1(PromisedT)</Name>
              <FileRef uid="43" />
              <SequencePoints>
                <SequencePoint vc="0" uspid="5392" ordinal="0" offset="0" sl="160" sc="0" el="160" ec="0" bec="0" bev="0" fileid="43" />
              </SequencePoints>
              <BranchPoints />
            </Method>
          </Methods>
        </Class>
        <Class>
          <Summary numSequencePoints="1" visitedSequencePoints="0" numBranchPoints="0" visitedBranchPoints="0" sequenceCoverage="0.0" branchCoverage="0.0" maxCyclomaticComplexity="1" minCyclomaticComplexity="1" maxCrapScore="2" minCrapScore="2" visitedClasses="0" numClasses="1" visitedMethods="0" numMethods="1" />
          <FullName>Cr7Sund.Framework.Impl.CommandPromise[PromisedT]/&lt;&gt;c__DisplayClass43_1</FullName>
          <Methods>
            <Method visited="false" cyclomaticComplexity="1" nPathComplexity="0" sequenceCoverage="0.0" branchCoverage="0" crapScore="2" isConstructor="false" isStatic="false" isGetter="false" isSetter="false">
              <Summary numSequencePoints="1" visitedSequencePoints="0" numBranchPoints="0" visitedBranchPoints="0" sequenceCoverage="0.0" branchCoverage="0" maxCyclomaticComplexity="1" minCyclomaticComplexity="1" maxCrapScore="2" minCrapScore="2" visitedClasses="0" numClasses="0" visitedMethods="0" numMethods="1" />
              <MetadataToken>100664096</MetadataToken>
              <Name>Cr7Sund.Framework.Api.IPromise[PromisedT] Cr7Sund.Framework.Impl.CommandPromise[PromisedT]/&lt;&gt;c__DisplayClass43_1::&lt;ThenFirst&gt;b__2()</Name>
              <FileRef uid="43" />
              <SequencePoints>
                <SequencePoint vc="0" uspid="5393" ordinal="0" offset="0" sl="159" sc="0" el="159" ec="0" bec="0" bev="0" fileid="43" />
              </SequencePoints>
              <BranchPoints />
            </Method>
          </Methods>
        </Class>
        <Class>
          <Summary numSequencePoints="1" visitedSequencePoints="0" numBranchPoints="0" visitedBranchPoints="0" sequenceCoverage="0.0" branchCoverage="0.0" maxCyclomaticComplexity="1" minCyclomaticComplexity="1" maxCrapScore="2" minCrapScore="2" visitedClasses="0" numClasses="1" visitedMethods="0" numMethods="1" />
          <FullName>Cr7Sund.Framework.Impl.CommandPromise[PromisedT]/&lt;&gt;c__DisplayClass44_0</FullName>
          <Methods>
            <Method visited="false" cyclomaticComplexity="1" nPathComplexity="0" sequenceCoverage="0.0" branchCoverage="0" crapScore="2" isConstructor="false" isStatic="false" isGetter="false" isSetter="false">
              <Summary numSequencePoints="1" visitedSequencePoints="0" numBranchPoints="0" visitedBranchPoints="0" sequenceCoverage="0.0" branchCoverage="0" maxCyclomaticComplexity="1" minCyclomaticComplexity="1" maxCrapScore="2" minCrapScore="2" visitedClasses="0" numClasses="0" visitedMethods="0" numMethods="1" />
              <MetadataToken>100664098</MetadataToken>
              <Name>Cr7Sund.Framework.Api.IPromise[PromisedT] Cr7Sund.Framework.Impl.CommandPromise[PromisedT]/&lt;&gt;c__DisplayClass44_0::&lt;ThenRace&gt;b__0(PromisedT)</Name>
              <FileRef uid="43" />
              <SequencePoints>
                <SequencePoint vc="0" uspid="5394" ordinal="0" offset="0" sl="168" sc="0" el="168" ec="0" bec="0" bev="0" fileid="43" />
              </SequencePoints>
              <BranchPoints />
            </Method>
          </Methods>
        </Class>
        <Class>
          <Summary numSequencePoints="1" visitedSequencePoints="0" numBranchPoints="0" visitedBranchPoints="0" sequenceCoverage="0.0" branchCoverage="0.0" maxCyclomaticComplexity="1" minCyclomaticComplexity="1" maxCrapScore="2" minCrapScore="2" visitedClasses="0" numClasses="1" visitedMethods="0" numMethods="1" />
          <FullName>Cr7Sund.Framework.Impl.CommandPromise[PromisedT]/&lt;&gt;c__DisplayClass45_0</FullName>
          <Methods>
            <Method visited="false" cyclomaticComplexity="1" nPathComplexity="0" sequenceCoverage="0.0" branchCoverage="0" crapScore="2" isConstructor="false" isStatic="false" isGetter="false" isSetter="false">
              <Summary numSequencePoints="1" visitedSequencePoints="0" numBranchPoints="0" visitedBranchPoints="0" sequenceCoverage="0.0" branchCoverage="0" maxCyclomaticComplexity="1" minCyclomaticComplexity="1" maxCrapScore="2" minCrapScore="2" visitedClasses="0" numClasses="0" visitedMethods="0" numMethods="1" />
              <MetadataToken>100664100</MetadataToken>
              <Name>Cr7Sund.Framework.Api.IPromise[PromisedT] Cr7Sund.Framework.Impl.CommandPromise[PromisedT]/&lt;&gt;c__DisplayClass45_0::&lt;ThenAny&gt;b__0(PromisedT)</Name>
              <FileRef uid="43" />
              <SequencePoints>
                <SequencePoint vc="0" uspid="5395" ordinal="0" offset="0" sl="176" sc="0" el="176" ec="0" bec="0" bev="0" fileid="43" />
              </SequencePoints>
              <BranchPoints />
            </Method>
          </Methods>
        </Class>
        <Class>
          <Summary numSequencePoints="3" visitedSequencePoints="0" numBranchPoints="0" visitedBranchPoints="0" sequenceCoverage="0.0" branchCoverage="0.0" maxCyclomaticComplexity="1" minCyclomaticComplexity="1" maxCrapScore="2" minCrapScore="2" visitedClasses="0" numClasses="1" visitedMethods="0" numMethods="1" />
          <FullName>Cr7Sund.Framework.Impl.CommandPromise[PromisedT]/&lt;&gt;c__DisplayClass48_0</FullName>
          <Methods>
            <Method visited="false" cyclomaticComplexity="1" nPathComplexity="0" sequenceCoverage="0.0" branchCoverage="0" crapScore="2" isConstructor="false" isStatic="false" isGetter="false" isSetter="false">
              <Summary numSequencePoints="3" visitedSequencePoints="0" numBranchPoints="0" visitedBranchPoints="0" sequenceCoverage="0.0" branchCoverage="0" maxCyclomaticComplexity="1" minCyclomaticComplexity="1" maxCrapScore="2" minCrapScore="2" visitedClasses="0" numClasses="0" visitedMethods="0" numMethods="1" />
              <MetadataToken>100664102</MetadataToken>
              <Name>System.Void Cr7Sund.Framework.Impl.CommandPromise[PromisedT]/&lt;&gt;c__DisplayClass48_0::&lt;RegisterPromiseArray&gt;b__0(Cr7Sund.Framework.Api.ICommandPromise[PromisedT], System.Int32)</Name>
              <FileRef uid="43" />
              <SequencePoints>
                <SequencePoint vc="0" uspid="5396" ordinal="0" offset="0" sl="197" sc="0" el="197" ec="0" bec="0" bev="0" fileid="43" />
                <SequencePoint vc="0" uspid="5397" ordinal="0" offset="1" sl="197" sc="0" el="197" ec="0" bec="0" bev="0" fileid="43" />
                <SequencePoint vc="0" uspid="5398" ordinal="0" offset="22" sl="197" sc="0" el="197" ec="0" bec="0" bev="0" fileid="43" />
              </SequencePoints>
              <BranchPoints />
            </Method>
          </Methods>
        </Class>
      </Classes>
    </Module>
  </Modules>
</CoverageSession>